#
# There is insufficient memory for the Java Runtime Environment to continue.
# Native memory allocation (malloc) failed to allocate 7512 bytes for AllocateHeap
# Possible reasons:
#   The system is out of physical RAM or swap space
#   In 32 bit mode, the process size limit was hit
# Possible solutions:
#   Reduce memory load on the system
#   Increase physical memory or swap space
#   Check if swap backing store is full
#   Use 64 bit Java on a 64 bit OS
#   Decrease Java heap size (-Xmx/-Xms)
#   Decrease number of Java threads
#   Decrease Java thread stack sizes (-Xss)
#   Set larger code cache with -XX:ReservedCodeCacheSize=
# This output file may be truncated or incomplete.
#
#  Out of Memory Error (memory/allocation.inline.hpp:61), pid=7152, tid=0x0000000000001ef0
#
# JRE version: OpenJDK Runtime Environment (8.0_152-b02) (build 1.8.0_152-release-1024-b02)
# Java VM: OpenJDK 64-Bit Server VM (25.152-b02 mixed mode windows-amd64 compressed oops)
# Failed to write core dump. Minidumps are not enabled by default on client versions of Windows
#

---------------  T H R E A D  ---------------

Current thread (0x0000000018693800):  JavaThread "C1 CompilerThread3" daemon [_thread_in_vm, id=7920, stack(0x0000000019160000,0x0000000019260000)]

Stack: [0x0000000019160000,0x0000000019260000]
[error occurred during error reporting (printing stack bounds), id 0xc0000005]

Native frames: (J=compiled Java code, j=interpreted, Vv=VM code, C=native code)


Current CompileTask:
C1:  21660 6794 %     3       sun.nio.cs.UTF_8$Encoder::encodeArrayLoop @ 73 (489 bytes)


---------------  P R O C E S S  ---------------

Java Threads: ( => current thread )
  0x000000002298d000 JavaThread "pool-2-thread-1" [_thread_blocked, id=4344, stack(0x00000000277f0000,0x00000000278f0000)]
  0x0000000022994000 JavaThread "stdout" daemon [_thread_in_native, id=764, stack(0x00000000276f0000,0x00000000277f0000)]
  0x000000002298c800 JavaThread "stderr" daemon [_thread_in_native, id=4128, stack(0x00000000275f0000,0x00000000276f0000)]
  0x000000002298f800 JavaThread "stdout" daemon [_thread_in_native, id=6108, stack(0x00000000274f0000,0x00000000275f0000)]
  0x000000001d78f800 JavaThread "stderr" daemon [_thread_in_native, id=252, stack(0x00000000273f0000,0x00000000274f0000)]
  0x000000001d794000 JavaThread "stdout" daemon [_thread_in_native, id=3716, stack(0x00000000272f0000,0x00000000273f0000)]
  0x000000001d793800 JavaThread "stderr" daemon [_thread_in_native, id=8232, stack(0x00000000271f0000,0x00000000272f0000)]
  0x000000001d792000 JavaThread "stdout" daemon [_thread_in_native, id=11908, stack(0x00000000270f0000,0x00000000271f0000)]
  0x000000001d78e000 JavaThread "stderr" daemon [_thread_in_native, id=4412, stack(0x0000000026ff0000,0x00000000270f0000)]
  0x000000001d790800 JavaThread "stdout" daemon [_thread_in_native, id=8424, stack(0x0000000026ef0000,0x0000000026ff0000)]
  0x000000001d78f000 JavaThread "stderr" daemon [_thread_in_native, id=12812, stack(0x0000000026df0000,0x0000000026ef0000)]
  0x000000001d791000 JavaThread "stdout" daemon [_thread_in_native, id=12848, stack(0x0000000026cf0000,0x0000000026df0000)]
  0x000000001d792800 JavaThread "stdout" daemon [_thread_in_native, id=8916, stack(0x0000000026bf0000,0x0000000026cf0000)]
  0x000000001d786800 JavaThread "stderr" daemon [_thread_in_native, id=8344, stack(0x0000000026af0000,0x0000000026bf0000)]
  0x000000001d78b000 JavaThread "stderr" daemon [_thread_in_native, id=1640, stack(0x00000000269f0000,0x0000000026af0000)]
  0x000000001d78d800 JavaThread "stdout" daemon [_thread_in_native, id=10320, stack(0x00000000268f0000,0x00000000269f0000)]
  0x000000001d78a000 JavaThread "stderr" daemon [_thread_in_native, id=12232, stack(0x00000000267f0000,0x00000000268f0000)]
  0x000000001d78c800 JavaThread "queued-resource-processor_8" daemon [_thread_blocked, id=1268, stack(0x00000000266f0000,0x00000000267f0000)]
  0x000000001d787000 JavaThread "queued-resource-processor_7" daemon [_thread_blocked, id=13236, stack(0x00000000265f0000,0x00000000266f0000)]
  0x000000001d785800 JavaThread "queued-resource-processor_6" daemon [_thread_blocked, id=2820, stack(0x00000000264f0000,0x00000000265f0000)]
  0x000000001d788800 JavaThread "queued-resource-processor_5" daemon [_thread_blocked, id=8636, stack(0x00000000263f0000,0x00000000264f0000)]
  0x000000001d789800 JavaThread "queued-resource-processor_4" daemon [_thread_blocked, id=10708, stack(0x00000000262f0000,0x00000000263f0000)]
  0x000000001d785000 JavaThread "queued-resource-processor_3" daemon [_thread_blocked, id=11076, stack(0x00000000261f0000,0x00000000262f0000)]
  0x000000001d78b800 JavaThread "queued-resource-processor_2" daemon [_thread_blocked, id=3908, stack(0x00000000260f0000,0x00000000261f0000)]
  0x000000001d788000 JavaThread "queued-resource-processor_1" daemon [_thread_blocked, id=13148, stack(0x0000000025ff0000,0x00000000260f0000)]
  0x000000001dc3f800 JavaThread "Task worker for ':' Thread 7" [_thread_blocked, id=10232, stack(0x0000000025ef0000,0x0000000025ff0000)]
  0x000000001dc3c800 JavaThread "Task worker for ':' Thread 6" [_thread_blocked, id=8372, stack(0x0000000025df0000,0x0000000025ef0000)]
  0x000000001dc39800 JavaThread "Task worker for ':' Thread 5" [_thread_blocked, id=6584, stack(0x0000000025cf0000,0x0000000025df0000)]
  0x000000001dc3e000 JavaThread "Task worker for ':' Thread 4" [_thread_blocked, id=3884, stack(0x0000000025bf0000,0x0000000025cf0000)]
  0x000000001dc3d000 JavaThread "Task worker for ':' Thread 3" [_thread_blocked, id=2156, stack(0x0000000025af0000,0x0000000025bf0000)]
  0x000000001dc3b800 JavaThread "Task worker for ':' Thread 2" [_thread_blocked, id=9732, stack(0x00000000259f0000,0x0000000025af0000)]
  0x000000001dc3e800 JavaThread "Task worker for ':'" [_thread_blocked, id=4564, stack(0x00000000258f0000,0x00000000259f0000)]
  0x000000001dc31800 JavaThread "Cache worker for Build Output Cleanup Cache (C:\Users\Jean-PC\AndroidStudioProjects\MyApplication\.gradle\buildOutputCleanup)" [_thread_blocked, id=10516, stack(0x0000000024770000,0x0000000024870000)]
  0x000000001dc38800 JavaThread "Cache worker for task history cache (C:\Users\Jean-PC\AndroidStudioProjects\MyApplication\.gradle\4.4\taskHistory)" [_thread_blocked, id=12948, stack(0x0000000024670000,0x0000000024770000)]
  0x000000001dc38000 JavaThread "Cache worker for file content cache (C:\Users\Jean-PC\AndroidStudioProjects\MyApplication\.gradle\4.4\fileContent)" [_thread_blocked, id=6732, stack(0x0000000023340000,0x0000000023440000)]
  0x000000001dc30000 JavaThread "Memory manager" [_thread_blocked, id=5080, stack(0x0000000020fc0000,0x00000000210c0000)]
  0x000000001dc36800 JavaThread "build operations Thread 8" [_thread_blocked, id=5064, stack(0x00000000208c0000,0x00000000209c0000)]
  0x000000001dc35800 JavaThread "build operations Thread 7" [_thread_blocked, id=2908, stack(0x00000000207c0000,0x00000000208c0000)]
  0x000000001dc32800 JavaThread "build operations Thread 6" [_thread_blocked, id=9112, stack(0x00000000206c0000,0x00000000207c0000)]
  0x000000001dc34800 JavaThread "build operations Thread 5" [_thread_blocked, id=7164, stack(0x00000000205c0000,0x00000000206c0000)]
  0x0000000018690800 JavaThread "build operations Thread 4" [_thread_blocked, id=2744, stack(0x00000000204c0000,0x00000000205c0000)]
  0x0000000018697000 JavaThread "build operations Thread 3" [_thread_blocked, id=2796, stack(0x00000000203c0000,0x00000000204c0000)]
  0x0000000018696800 JavaThread "build operations Thread 2" [_thread_blocked, id=10420, stack(0x00000000202c0000,0x00000000203c0000)]
  0x0000000018695800 JavaThread "build operations" [_thread_blocked, id=6092, stack(0x00000000201c0000,0x00000000202c0000)]
  0x0000000018694000 JavaThread "Cache worker for Artifact transforms cache (C:\Users\Jean-PC\.gradle\caches\transforms-1)" [_thread_blocked, id=9672, stack(0x00000000200c0000,0x00000000201c0000)]
  0x000000001c016000 JavaThread "Cache worker for file hash cache (C:\Users\Jean-PC\AndroidStudioProjects\MyApplication\.gradle\4.4\fileHashes)" [_thread_blocked, id=13044, stack(0x000000001e620000,0x000000001e720000)]
  0x000000001a707800 JavaThread "File lock request listener" [_thread_in_native, id=3232, stack(0x000000001d090000,0x000000001d190000)]
  0x000000001a6c1000 JavaThread "Cache worker for file hash cache (C:\Users\Jean-PC\.gradle\caches\4.4\fileHashes)" [_thread_blocked, id=5588, stack(0x000000001cf90000,0x000000001d090000)]
  0x000000001a624800 JavaThread "Stdin handler" [_thread_blocked, id=13272, stack(0x000000001bbc0000,0x000000001bcc0000)]
  0x000000001a623800 JavaThread "Asynchronous log dispatcher for DefaultDaemonConnection: socket connection from /127.0.0.1:51976 to /127.0.0.1:51977" [_thread_blocked, id=2844, stack(0x000000001bac0000,0x000000001bbc0000)]
  0x000000001a65b000 JavaThread "Daemon worker" [_thread_blocked, id=2564, stack(0x000000001b9c0000,0x000000001bac0000)]
  0x000000001a658000 JavaThread "Cancel handler" [_thread_blocked, id=3184, stack(0x000000001b8c0000,0x000000001b9c0000)]
  0x000000001a648000 JavaThread "Handler for socket connection from /127.0.0.1:51976 to /127.0.0.1:51977" [_thread_in_native, id=4552, stack(0x000000001b5c0000,0x000000001b6c0000)]
  0x000000001a58d000 JavaThread "Daemon" [_thread_blocked, id=5592, stack(0x000000001b4c0000,0x000000001b5c0000)]
  0x000000001a59a000 JavaThread "Daemon periodic checks" [_thread_blocked, id=7424, stack(0x000000001b3c0000,0x000000001b4c0000)]
  0x000000001a5a9000 JavaThread "Incoming local TCP Connector on port 51976" [_thread_in_native, id=11012, stack(0x000000001b170000,0x000000001b270000)]
  0x00000000186bc800 JavaThread "Service Thread" daemon [_thread_blocked, id=1012, stack(0x0000000019260000,0x0000000019360000)]
=>0x0000000018693800 JavaThread "C1 CompilerThread3" daemon [_thread_in_vm, id=7920, stack(0x0000000019160000,0x0000000019260000)]
  0x0000000018682000 JavaThread "C2 CompilerThread2" daemon [_thread_blocked, id=9256, stack(0x0000000019060000,0x0000000019160000)]
  0x000000001867d800 JavaThread "C2 CompilerThread1" daemon [_thread_blocked, id=10228, stack(0x0000000018f60000,0x0000000019060000)]
  0x000000001867b000 JavaThread "C2 CompilerThread0" daemon [_thread_in_vm, id=1612, stack(0x0000000018e60000,0x0000000018f60000)]
  0x0000000018679000 JavaThread "Attach Listener" daemon [_thread_blocked, id=6268, stack(0x0000000018d60000,0x0000000018e60000)]
  0x0000000018678000 JavaThread "Signal Dispatcher" daemon [_thread_blocked, id=6356, stack(0x0000000018c60000,0x0000000018d60000)]
  0x0000000018670800 JavaThread "Finalizer" daemon [_thread_blocked, id=8392, stack(0x0000000018a50000,0x0000000018b50000)]
  0x000000001676a800 JavaThread "Reference Handler" daemon [_thread_blocked, id=6364, stack(0x0000000018550000,0x0000000018650000)]
  0x00000000026ce000 JavaThread "main" [_thread_blocked, id=9356, stack(0x00000000027b0000,0x00000000028b0000)]

Other Threads:
  0x0000000016765800 VMThread [stack: 0x0000000018450000,0x0000000018550000] [id=10280]
  0x0000000018719800 WatcherThread [stack: 0x0000000019360000,0x0000000019460000] [id=7468]

VM state:synchronizing (normal execution)

VM Mutex/Monitor currently owned by a thread:  ([mutex/lock_event])
[0x00000000026cc3a0] CodeCache_lock - owner thread: 0x0000000018693800
[0x00000000026cd470] Threads_lock - owner thread: 0x0000000016765800
[0x00000000028b13d0] Compile_lock - owner thread: 0x0000000018693800
[0x00000000028b1fd0] MethodCompileQueue_lock - owner thread: 0x0000000018693800

Heap:
 PSYoungGen      total 209920K, used 148039K [0x00000000e0000000, 0x00000000edb80000, 0x0000000100000000)
  eden space 196096K, 68% used [0x00000000e0000000,0x00000000e83134e8,0x00000000ebf80000)
  from space 13824K, 99% used [0x00000000ebf80000,0x00000000eccfe7b8,0x00000000ecd00000)
  to   space 14848K, 0% used [0x00000000ecd00000,0x00000000ecd00000,0x00000000edb80000)
 ParOldGen       total 98816K, used 23753K [0x00000000a0000000, 0x00000000a6080000, 0x00000000e0000000)
  object space 98816K, 24% used [0x00000000a0000000,0x00000000a1732548,0x00000000a6080000)
 Metaspace       used 55049K, capacity 56648K, committed 56792K, reserved 1097728K
  class space    used 7517K, capacity 7885K, committed 7936K, reserved 1048576K

Card table byte_map: [0x0000000011d70000,0x0000000012080000] byte_map_base: 0x0000000011870000

Marking Bits: (ParMarkBitMap*) 0x00000000592a4970
 Begin Bits: [0x0000000012a80000, 0x0000000014280000)
 End Bits:   [0x0000000014280000, 0x0000000015a80000)

Polling page: 0x0000000000920000

CodeCache: size=245760Kb used=20141Kb max_used=20193Kb free=225618Kb
 bounds [0x00000000029b0000, 0x0000000003d80000, 0x00000000119b0000]
 total_blobs=6783 nmethods=6014 adapters=680
 compilation: enabled

Compilation events (10 events):
Event: 21.606 Thread 0x0000000018693800 6791       3       java.io.Writer::append (25 bytes)
Event: 21.606 Thread 0x0000000018682000 nmethod 6783 0x0000000003d59b50 code [0x0000000003d59cc0, 0x0000000003d5a368]
Event: 21.606 Thread 0x0000000018693800 nmethod 6791 0x0000000003d594d0 code [0x0000000003d59660, 0x0000000003d59a68]
Event: 21.606 Thread 0x0000000018693800 6792       3       com.google.gson.stream.JsonWriter::name (53 bytes)
Event: 21.606 Thread 0x0000000018693800 nmethod 6792 0x0000000003d6f850 code [0x0000000003d6fa00, 0x0000000003d6fe68]
Event: 21.606 Thread 0x0000000018693800 6793       3       com.android.ide.common.blame.SourceFileJsonTypeAdapter::write (76 bytes)
Event: 21.607 Thread 0x0000000018693800 nmethod 6793 0x000000000325cb10 code [0x000000000325cd20, 0x000000000325d768]
Event: 21.607 Thread 0x0000000018693800 6794 %     3       sun.nio.cs.UTF_8$Encoder::encodeArrayLoop @ 73 (489 bytes)
Event: 21.609 Thread 0x000000001867d800 6799       4       java.nio.Buffer::<init> (121 bytes)
Event: 21.610 Thread 0x000000001867d800 nmethod 6799 0x0000000003d6f350 code [0x0000000003d6f4a0, 0x0000000003d6f658]

GC Heap History (10 events):
Event: 8.714 GC heap before
{Heap before GC invocations=5 (full 1):
 PSYoungGen      total 138240K, used 5104K [0x00000000e0000000, 0x00000000e8c00000, 0x0000000100000000)
  eden space 133120K, 0% used [0x00000000e0000000,0x00000000e0000000,0x00000000e8200000)
  from space 5120K, 99% used [0x00000000e8700000,0x00000000e8bfc040,0x00000000e8c00000)
  to   space 5120K, 0% used [0x00000000e8200000,0x00000000e8200000,0x00000000e8700000)
 ParOldGen       total 87552K, used 8841K [0x00000000a0000000, 0x00000000a5580000, 0x00000000e0000000)
  object space 87552K, 10% used [0x00000000a0000000,0x00000000a08a26a8,0x00000000a5580000)
 Metaspace       used 20762K, capacity 21204K, committed 21248K, reserved 1067008K
  class space    used 2893K, capacity 3042K, committed 3072K, reserved 1048576K
Event: 8.799 GC heap after
Heap after GC invocations=5 (full 1):
 PSYoungGen      total 138240K, used 0K [0x00000000e0000000, 0x00000000e8c00000, 0x0000000100000000)
  eden space 133120K, 0% used [0x00000000e0000000,0x00000000e0000000,0x00000000e8200000)
  from space 5120K, 0% used [0x00000000e8700000,0x00000000e8700000,0x00000000e8c00000)
  to   space 5120K, 0% used [0x00000000e8200000,0x00000000e8200000,0x00000000e8700000)
 ParOldGen       total 63488K, used 8040K [0x00000000a0000000, 0x00000000a3e00000, 0x00000000e0000000)
  object space 63488K, 12% used [0x00000000a0000000,0x00000000a07da0e0,0x00000000a3e00000)
 Metaspace       used 20762K, capacity 21204K, committed 21248K, reserved 1067008K
  class space    used 2893K, capacity 3042K, committed 3072K, reserved 1048576K
}
Event: 14.348 GC heap before
{Heap before GC invocations=6 (full 1):
 PSYoungGen      total 138240K, used 133120K [0x00000000e0000000, 0x00000000e8c00000, 0x0000000100000000)
  eden space 133120K, 100% used [0x00000000e0000000,0x00000000e8200000,0x00000000e8200000)
  from space 5120K, 0% used [0x00000000e8700000,0x00000000e8700000,0x00000000e8c00000)
  to   space 5120K, 0% used [0x00000000e8200000,0x00000000e8200000,0x00000000e8700000)
 ParOldGen       total 63488K, used 8040K [0x00000000a0000000, 0x00000000a3e00000, 0x00000000e0000000)
  object space 63488K, 12% used [0x00000000a0000000,0x00000000a07da0e0,0x00000000a3e00000)
 Metaspace       used 29977K, capacity 30434K, committed 30592K, reserved 1075200K
  class space    used 4205K, capacity 4358K, committed 4480K, reserved 1048576K
Event: 14.358 GC heap after
Heap after GC invocations=6 (full 1):
 PSYoungGen      total 138240K, used 5092K [0x00000000e0000000, 0x00000000edb80000, 0x0000000100000000)
  eden space 133120K, 0% used [0x00000000e0000000,0x00000000e0000000,0x00000000e8200000)
  from space 5120K, 99% used [0x00000000e8200000,0x00000000e86f9020,0x00000000e8700000)
  to   space 14848K, 0% used [0x00000000ecd00000,0x00000000ecd00000,0x00000000edb80000)
 ParOldGen       total 63488K, used 16217K [0x00000000a0000000, 0x00000000a3e00000, 0x00000000e0000000)
  object space 63488K, 25% used [0x00000000a0000000,0x00000000a0fd6488,0x00000000a3e00000)
 Metaspace       used 29977K, capacity 30434K, committed 30592K, reserved 1075200K
  class space    used 4205K, capacity 4358K, committed 4480K, reserved 1048576K
}
Event: 14.958 GC heap before
{Heap before GC invocations=7 (full 1):
 PSYoungGen      total 138240K, used 30652K [0x00000000e0000000, 0x00000000edb80000, 0x0000000100000000)
  eden space 133120K, 19% used [0x00000000e0000000,0x00000000e18f6300,0x00000000e8200000)
  from space 5120K, 99% used [0x00000000e8200000,0x00000000e86f9020,0x00000000e8700000)
  to   space 14848K, 0% used [0x00000000ecd00000,0x00000000ecd00000,0x00000000edb80000)
 ParOldGen       total 63488K, used 16217K [0x00000000a0000000, 0x00000000a3e00000, 0x00000000e0000000)
  object space 63488K, 25% used [0x00000000a0000000,0x00000000a0fd6488,0x00000000a3e00000)
 Metaspace       used 34695K, capacity 35314K, committed 35416K, reserved 1079296K
  class space    used 4792K, capacity 4971K, committed 4992K, reserved 1048576K
Event: 14.964 GC heap after
Heap after GC invocations=7 (full 1):
 PSYoungGen      total 210944K, used 8878K [0x00000000e0000000, 0x00000000edb80000, 0x0000000100000000)
  eden space 196096K, 0% used [0x00000000e0000000,0x00000000e0000000,0x00000000ebf80000)
  from space 14848K, 59% used [0x00000000ecd00000,0x00000000ed5ab9b8,0x00000000edb80000)
  to   space 13824K, 0% used [0x00000000ebf80000,0x00000000ebf80000,0x00000000ecd00000)
 ParOldGen       total 63488K, used 16225K [0x00000000a0000000, 0x00000000a3e00000, 0x00000000e0000000)
  object space 63488K, 25% used [0x00000000a0000000,0x00000000a0fd8488,0x00000000a3e00000)
 Metaspace       used 34695K, capacity 35314K, committed 35416K, reserved 1079296K
  class space    used 4792K, capacity 4971K, committed 4992K, reserved 1048576K
}
Event: 14.964 GC heap before
{Heap before GC invocations=8 (full 2):
 PSYoungGen      total 210944K, used 8878K [0x00000000e0000000, 0x00000000edb80000, 0x0000000100000000)
  eden space 196096K, 0% used [0x00000000e0000000,0x00000000e0000000,0x00000000ebf80000)
  from space 14848K, 59% used [0x00000000ecd00000,0x00000000ed5ab9b8,0x00000000edb80000)
  to   space 13824K, 0% used [0x00000000ebf80000,0x00000000ebf80000,0x00000000ecd00000)
 ParOldGen       total 63488K, used 16225K [0x00000000a0000000, 0x00000000a3e00000, 0x00000000e0000000)
  object space 63488K, 25% used [0x00000000a0000000,0x00000000a0fd8488,0x00000000a3e00000)
 Metaspace       used 34695K, capacity 35314K, committed 35416K, reserved 1079296K
  class space    used 4792K, capacity 4971K, committed 4992K, reserved 1048576K
Event: 14.994 GC heap after
Heap after GC invocations=8 (full 2):
 PSYoungGen      total 210944K, used 0K [0x00000000e0000000, 0x00000000edb80000, 0x0000000100000000)
  eden space 196096K, 0% used [0x00000000e0000000,0x00000000e0000000,0x00000000ebf80000)
  from space 14848K, 0% used [0x00000000ecd00000,0x00000000ecd00000,0x00000000edb80000)
  to   space 13824K, 0% used [0x00000000ebf80000,0x00000000ebf80000,0x00000000ecd00000)
 ParOldGen       total 98816K, used 17444K [0x00000000a0000000, 0x00000000a6080000, 0x00000000e0000000)
  object space 98816K, 17% used [0x00000000a0000000,0x00000000a1109150,0x00000000a6080000)
 Metaspace       used 34695K, capacity 35314K, committed 35416K, reserved 1079296K
  class space    used 4792K, capacity 4971K, committed 4992K, reserved 1048576K
}
Event: 19.212 GC heap before
{Heap before GC invocations=9 (full 2):
 PSYoungGen      total 210944K, used 196096K [0x00000000e0000000, 0x00000000edb80000, 0x0000000100000000)
  eden space 196096K, 100% used [0x00000000e0000000,0x00000000ebf80000,0x00000000ebf80000)
  from space 14848K, 0% used [0x00000000ecd00000,0x00000000ecd00000,0x00000000edb80000)
  to   space 13824K, 0% used [0x00000000ebf80000,0x00000000ebf80000,0x00000000ecd00000)
 ParOldGen       total 98816K, used 17444K [0x00000000a0000000, 0x00000000a6080000, 0x00000000e0000000)
  object space 98816K, 17% used [0x00000000a0000000,0x00000000a1109150,0x00000000a6080000)
 Metaspace       used 49944K, capacity 51422K, committed 51544K, reserved 1093632K
  class space    used 6837K, capacity 7226K, committed 7296K, reserved 1048576K
Event: 19.231 GC heap after
Heap after GC invocations=9 (full 2):
 PSYoungGen      total 209920K, used 13817K [0x00000000e0000000, 0x00000000edb80000, 0x0000000100000000)
  eden space 196096K, 0% used [0x00000000e0000000,0x00000000e0000000,0x00000000ebf80000)
  from space 13824K, 99% used [0x00000000ebf80000,0x00000000eccfe7b8,0x00000000ecd00000)
  to   space 14848K, 0% used [0x00000000ecd00000,0x00000000ecd00000,0x00000000edb80000)
 ParOldGen       total 98816K, used 23753K [0x00000000a0000000, 0x00000000a6080000, 0x00000000e0000000)
  object space 98816K, 24% used [0x00000000a0000000,0x00000000a1732548,0x00000000a6080000)
 Metaspace       used 49944K, capacity 51422K, committed 51544K, reserved 1093632K
  class space    used 6837K, capacity 7226K, committed 7296K, reserved 1048576K
}

Deoptimization events (10 events):
Event: 20.664 Thread 0x000000001dc3e800 Uncommon trap: reason=class_check action=maybe_recompile pc=0x0000000002ec6044 method=java.io.ObjectOutputStream$BlockDataOutputStream.drain()V @ 36
Event: 20.664 Thread 0x000000001dc3e800 Uncommon trap: reason=class_check action=maybe_recompile pc=0x00000000031de878 method=java.io.ObjectOutputStream$BlockDataOutputStream.drain()V @ 36
Event: 20.665 Thread 0x000000001dc3e800 Uncommon trap: reason=class_check action=maybe_recompile pc=0x0000000002ec6044 method=java.io.ObjectOutputStream$BlockDataOutputStream.drain()V @ 36
Event: 20.698 Thread 0x000000001dc38800 Uncommon trap: reason=class_check action=maybe_recompile pc=0x000000000316d814 method=java.io.BufferedInputStream.read1([BII)I @ 39
Event: 21.011 Thread 0x000000001dc3e800 Uncommon trap: reason=unstable_if action=reinterpret pc=0x000000000375bab4 method=com.sun.org.apache.xerces.internal.impl.XMLEntityScanner.checkBeforeLoad(Lcom/sun/xml/internal/stream/Entity$ScannedEntity;II)I @ 18
Event: 21.012 Thread 0x000000001dc3e800 Uncommon trap: reason=unstable_if action=reinterpret pc=0x0000000003170a30 method=sun.nio.cs.UTF_8$Decoder.decodeArrayLoop(Ljava/nio/ByteBuffer;Ljava/nio/CharBuffer;)Ljava/nio/charset/CoderResult; @ 84
Event: 21.015 Thread 0x000000001dc3e800 Uncommon trap: reason=unstable_if action=reinterpret pc=0x0000000002e847fc method=sun.nio.cs.UTF_8$Decoder.decodeArrayLoop(Ljava/nio/ByteBuffer;Ljava/nio/CharBuffer;)Ljava/nio/charset/CoderResult; @ 84
Event: 21.042 Thread 0x000000001dc3e800 Uncommon trap: reason=unstable_if action=reinterpret pc=0x0000000003c05508 method=com.sun.org.apache.xerces.internal.impl.XMLEntityScanner.scanLiteral(ILcom/sun/org/apache/xerces/internal/xni/XMLString;Z)I @ 44
Event: 21.140 Thread 0x000000001dc3e800 Uncommon trap: reason=unstable_if action=reinterpret pc=0x0000000003aad384 method=com.sun.org.apache.xerces.internal.dom.DeferredDocumentImpl.getChunkIndex([[III)I @ 3
Event: 21.218 Thread 0x000000001dc3e800 Uncommon trap: reason=unstable_if action=reinterpret pc=0x0000000002c0d5a8 method=java.lang.String.regionMatches(ILjava/lang/String;II)Z @ 39

Classes redefined (0 events):
No events

Internal exceptions (10 events):
Event: 19.563 Thread 0x000000001a65b000 Exception <a 'java/lang/ClassNotFoundException': org/gradle/platform/base/BinaryContainer_ImplCustomizer> (0x00000000e1931a48) thrown at [D:\src\AOSP-openjdk-cygwin\jdk8u\hotspot\src\share\vm\classfile\systemDictionary.cpp, line 210]
Event: 19.831 Thread 0x000000001dc3e800 Exception <a 'java/lang/NoSuchMethodError': <clinit>> (0x00000000e248b050) thrown at [D:\src\AOSP-openjdk-cygwin\jdk8u\hotspot\src\share\vm\prims\jni.cpp, line 1613]
Event: 19.831 Thread 0x000000001dc3e800 Exception <a 'java/lang/NoSuchMethodError': <clinit>> (0x00000000e24962d0) thrown at [D:\src\AOSP-openjdk-cygwin\jdk8u\hotspot\src\share\vm\prims\jni.cpp, line 1613]
Event: 19.923 Thread 0x000000001dc3e800 Exception <a 'java/lang/NoSuchMethodError': <clinit>> (0x00000000e29ec6f0) thrown at [D:\src\AOSP-openjdk-cygwin\jdk8u\hotspot\src\share\vm\prims\jni.cpp, line 1613]
Event: 19.924 Thread 0x000000001dc3e800 Exception <a 'java/lang/NoSuchMethodError': <clinit>> (0x00000000e29ff4f8) thrown at [D:\src\AOSP-openjdk-cygwin\jdk8u\hotspot\src\share\vm\prims\jni.cpp, line 1613]
Event: 19.924 Thread 0x000000001dc3e800 Exception <a 'java/lang/NoSuchMethodError': <clinit>> (0x00000000e2a00da8) thrown at [D:\src\AOSP-openjdk-cygwin\jdk8u\hotspot\src\share\vm\prims\jni.cpp, line 1613]
Event: 19.975 Thread 0x000000001dc3e800 Implicit null exception at 0x0000000002f7f322 to 0x0000000002f7f861
Event: 20.664 Thread 0x000000001dc3e800 Exception <a 'java/lang/NoSuchMethodError': <clinit>> (0x00000000e4a8bb98) thrown at [D:\src\AOSP-openjdk-cygwin\jdk8u\hotspot\src\share\vm\prims\jni.cpp, line 1613]
Event: 20.664 Thread 0x000000001dc3e800 Exception <a 'java/lang/NoSuchMethodError': <clinit>> (0x00000000e4a95628) thrown at [D:\src\AOSP-openjdk-cygwin\jdk8u\hotspot\src\share\vm\prims\jni.cpp, line 1613]
Event: 21.140 Thread 0x000000001dc3e800 Implicit null exception at 0x0000000003aad31a to 0x0000000003aad36d

Events (10 events):
Event: 21.594 loading class com/google/common/cache/LocalCache$WriteThroughEntry done
Event: 21.597 loading class java/util/concurrent/ConcurrentHashMap$EntryIterator
Event: 21.597 loading class java/util/concurrent/ConcurrentHashMap$EntryIterator done
Event: 21.597 loading class java/util/concurrent/ConcurrentHashMap$MapEntry
Event: 21.597 loading class java/util/concurrent/ConcurrentHashMap$MapEntry done
Event: 21.600 Thread 0x0000000018693800 flushing nmethod 0x0000000003152390
Event: 21.601 Thread 0x0000000018693800 flushing nmethod 0x000000000325b890
Event: 21.604 Thread 0x0000000018693800 flushing nmethod 0x000000000371eb50
Event: 21.604 Thread 0x0000000018693800 flushing nmethod 0x000000000374b7d0
Event: 21.604 Thread 0x0000000018693800 flushing nmethod 0x000000000374db50


Dynamic libraries:
0x00007ff7fadd0000 - 0x00007ff7fae01000 	C:\Program Files\Android\Android Studio\jre\bin\java.exe
0x00007ffb67d00000 - 0x00007ffb67ee1000 	C:\WINDOWS\SYSTEM32\ntdll.dll
0x00007ffb66a00000 - 0x00007ffb66ab2000 	C:\WINDOWS\System32\KERNEL32.DLL
0x00007ffb64320000 - 0x00007ffb64593000 	C:\WINDOWS\System32\KERNELBASE.dll
0x00007ffb66950000 - 0x00007ffb669f1000 	C:\WINDOWS\System32\ADVAPI32.dll
0x00007ffb67c30000 - 0x00007ffb67cce000 	C:\WINDOWS\System32\msvcrt.dll
0x00007ffb67bd0000 - 0x00007ffb67c2b000 	C:\WINDOWS\System32\sechost.dll
0x00007ffb65190000 - 0x00007ffb652b4000 	C:\WINDOWS\System32\RPCRT4.dll
0x00007ffb67a40000 - 0x00007ffb67bd0000 	C:\WINDOWS\System32\USER32.dll
0x00007ffb65170000 - 0x00007ffb65190000 	C:\WINDOWS\System32\win32u.dll
0x00007ffb67a10000 - 0x00007ffb67a38000 	C:\WINDOWS\System32\GDI32.dll
0x00007ffb640d0000 - 0x00007ffb64262000 	C:\WINDOWS\System32\gdi32full.dll
0x00007ffb64600000 - 0x00007ffb6469f000 	C:\WINDOWS\System32\msvcp_win.dll
0x00007ffb65020000 - 0x00007ffb6511a000 	C:\WINDOWS\System32\ucrtbase.dll
0x00007ffb5bfa0000 - 0x00007ffb5c209000 	C:\WINDOWS\WinSxS\amd64_microsoft.windows.common-controls_6595b64144ccf1df_6.0.17134.165_none_fb429645306569ac\COMCTL32.dll
0x00007ffb66db0000 - 0x00007ffb670d3000 	C:\WINDOWS\System32\combase.dll
0x00007ffb646a0000 - 0x00007ffb6471a000 	C:\WINDOWS\System32\bcryptPrimitives.dll
0x00007ffb66c10000 - 0x00007ffb66c3d000 	C:\WINDOWS\System32\IMM32.DLL
0x0000000055e80000 - 0x0000000055f52000 	C:\Program Files\Android\Android Studio\jre\jre\bin\msvcr100.dll
0x0000000058ae0000 - 0x000000005931f000 	C:\Program Files\Android\Android Studio\jre\jre\bin\server\jvm.dll
0x00007ffb67160000 - 0x00007ffb67168000 	C:\WINDOWS\System32\PSAPI.DLL
0x00007ffb61ee0000 - 0x00007ffb61ee9000 	C:\WINDOWS\SYSTEM32\WSOCK32.dll
0x00007ffb61e70000 - 0x00007ffb61e93000 	C:\WINDOWS\SYSTEM32\WINMM.dll
0x00007ffb60730000 - 0x00007ffb6073a000 	C:\WINDOWS\SYSTEM32\VERSION.dll
0x00007ffb66c40000 - 0x00007ffb66cac000 	C:\WINDOWS\System32\WS2_32.dll
0x00007ffb61e40000 - 0x00007ffb61e6a000 	C:\WINDOWS\SYSTEM32\winmmbase.dll
0x00007ffb65120000 - 0x00007ffb65169000 	C:\WINDOWS\System32\cfgmgr32.dll
0x00007ffb624a0000 - 0x00007ffb624af000 	C:\Program Files\Android\Android Studio\jre\jre\bin\verify.dll
0x00007ffb5b8a0000 - 0x00007ffb5b8c9000 	C:\Program Files\Android\Android Studio\jre\jre\bin\java.dll
0x00007ffb5fd20000 - 0x00007ffb5fd36000 	C:\Program Files\Android\Android Studio\jre\jre\bin\zip.dll
0x00007ffb65390000 - 0x00007ffb667d0000 	C:\WINDOWS\System32\SHELL32.dll
0x00007ffb673b0000 - 0x00007ffb67459000 	C:\WINDOWS\System32\shcore.dll
0x00007ffb64910000 - 0x00007ffb6501d000 	C:\WINDOWS\System32\windows.storage.dll
0x00007ffb66ac0000 - 0x00007ffb66b11000 	C:\WINDOWS\System32\shlwapi.dll
0x00007ffb64090000 - 0x00007ffb640a1000 	C:\WINDOWS\System32\kernel.appcore.dll
0x00007ffb640b0000 - 0x00007ffb640cf000 	C:\WINDOWS\System32\profapi.dll
0x00007ffb64040000 - 0x00007ffb6408c000 	C:\WINDOWS\System32\powrprof.dll
0x00007ffb64030000 - 0x00007ffb6403a000 	C:\WINDOWS\System32\FLTLIB.DLL
0x00007ffb5b880000 - 0x00007ffb5b89a000 	C:\Program Files\Android\Android Studio\jre\jre\bin\net.dll
0x00007ffb63830000 - 0x00007ffb63896000 	C:\WINDOWS\system32\mswsock.dll
0x00007ffb5b860000 - 0x00007ffb5b871000 	C:\Program Files\Android\Android Studio\jre\jre\bin\nio.dll
0x00007ffb5b840000 - 0x00007ffb5b85e000 	C:\Users\Jean-PC\.gradle\native\25\windows-amd64\native-platform.dll
0x00007ffb60cd0000 - 0x00007ffb60cdd000 	C:\Program Files\Android\Android Studio\jre\jre\bin\management.dll
0x00007ffb639f0000 - 0x00007ffb63a07000 	C:\WINDOWS\SYSTEM32\CRYPTSP.dll
0x00007ffb63410000 - 0x00007ffb63443000 	C:\WINDOWS\system32\rsaenh.dll
0x00007ffb63b70000 - 0x00007ffb63b95000 	C:\WINDOWS\SYSTEM32\bcrypt.dll
0x00007ffb63f40000 - 0x00007ffb63f68000 	C:\WINDOWS\SYSTEM32\USERENV.dll
0x00007ffb639e0000 - 0x00007ffb639eb000 	C:\WINDOWS\SYSTEM32\CRYPTBASE.dll
0x00007ffb635b0000 - 0x00007ffb635e8000 	C:\WINDOWS\SYSTEM32\IPHLPAPI.DLL
0x00007ffb65320000 - 0x00007ffb65328000 	C:\WINDOWS\System32\NSI.dll
0x00007ffb5d890000 - 0x00007ffb5d8a6000 	C:\WINDOWS\SYSTEM32\dhcpcsvc6.DLL
0x00007ffb5e780000 - 0x00007ffb5e79a000 	C:\WINDOWS\SYSTEM32\dhcpcsvc.DLL

VM Arguments:
jvm_args: -Xmx1536m -Dfile.encoding=windows-1252 -Duser.country=BR -Duser.language=pt -Duser.variant 
java_command: org.gradle.launcher.daemon.bootstrap.GradleDaemon 4.4
java_class_path (initial): C:\Users\Jean-PC\.gradle\wrapper\dists\gradle-4.4-all\9br9xq1tocpiv8o6njlyu5op1\gradle-4.4\lib\gradle-launcher-4.4.jar
Launcher Type: SUN_STANDARD

Environment Variables:
PATH=C:\Program Files (x86)\Common Files\Oracle\Java\javapath;C:\ProgramData\Oracle\Java\javapath;C:\WINDOWS\system32;C:\WINDOWS;C:\WINDOWS\System32\Wbem;C:\WINDOWS\System32\WindowsPowerShell\v1.0\;C:\Program Files (x86)\GtkSharp\2.12\bin;C:\Program Files (x86)\NVIDIA Corporation\PhysX\Common;C:\WINDOWS\system32;C:\WINDOWS;C:\WINDOWS\System32\Wbem;C:\WINDOWS\System32\WindowsPowerShell\v1.0\;C:\WINDOWS\System32\OpenSSH\;C:\Users\Jean-PC\AppData\Roaming\Dashlane\4.6.6.23032\bin\Firefox_Extension\{442718d9-475e-452a-b3e1-fb1ee16b8e9f}\components;C:\Users\Jean-PC\AppData\Local\Microsoft\WindowsApps;%DASHLANE_DLL_DIR%;
USERNAME=Jean-PC
OS=Windows_NT
PROCESSOR_IDENTIFIER=Intel64 Family 6 Model 58 Stepping 9, GenuineIntel



---------------  S Y S T E M  ---------------

OS: Windows 10.0 , 64 bit Build 17134 (10.0.17134.1)

CPU:total 8 (initial active 8) (4 cores per cpu, 2 threads per core) family 6 model 58 stepping 9, cmov, cx8, fxsr, mmx, sse, sse2, sse3, ssse3, sse4.1, sse4.2, popcnt, avx, aes, clmul, erms, ht, tsc, tscinvbit, tscinv

Memory: 4k page, physical 8353684k(1981508k free), swap 8353684k(5192k free)

vm_info: OpenJDK 64-Bit Server VM (25.152-b02) for windows-amd64 JRE (1.8.0_152-release-1024-b02), built by "builder" with MS VC++ 10.0 (VS2010)

time: Mon Jul 16 15:54:35 2018
elapsed time: 21 seconds (0d 0h 0m 21s)

