#
# There is insufficient memory for the Java Runtime Environment to continue.
# Native memory allocation (malloc) failed to allocate 238016 bytes for Chunk::new
# Possible reasons:
#   The system is out of physical RAM or swap space
#   In 32 bit mode, the process size limit was hit
# Possible solutions:
#   Reduce memory load on the system
#   Increase physical memory or swap space
#   Check if swap backing store is full
#   Use 64 bit Java on a 64 bit OS
#   Decrease Java heap size (-Xmx/-Xms)
#   Decrease number of Java threads
#   Decrease Java thread stack sizes (-Xss)
#   Set larger code cache with -XX:ReservedCodeCacheSize=
# This output file may be truncated or incomplete.
#
#  Out of Memory Error (allocation.cpp:390), pid=5140, tid=0x0000000000001674
#
# JRE version: OpenJDK Runtime Environment (8.0_152-b02) (build 1.8.0_152-release-1024-b02)
# Java VM: OpenJDK 64-Bit Server VM (25.152-b02 mixed mode windows-amd64 compressed oops)
# Failed to write core dump. Minidumps are not enabled by default on client versions of Windows
#

---------------  T H R E A D  ---------------

Current thread (0x0000000017ecc000):  JavaThread "C2 CompilerThread0" daemon [_thread_in_native, id=5748, stack(0x00000000186b0000,0x00000000187b0000)]

Stack: [0x00000000186b0000,0x00000000187b0000]
[error occurred during error reporting (printing stack bounds), id 0xc0000005]

Native frames: (J=compiled Java code, j=interpreted, Vv=VM code, C=native code)


Current CompileTask:
C2: 255196 15030       4       com.android.tools.r8.ir.conversion.JarSourceCode::updateState (278 bytes)


---------------  P R O C E S S  ---------------

Java Threads: ( => current thread )
  0x000000001a0d8800 JavaThread "pool-19-thread-2" [_thread_blocked, id=11564, stack(0x00000000394f0000,0x00000000395f0000)]
  0x000000001d970800 JavaThread "pool-20-thread-2" [_thread_blocked, id=10992, stack(0x00000000393f0000,0x00000000394f0000)]
  0x000000001f9ce800 JavaThread "pool-20-thread-1" [_thread_blocked, id=4560, stack(0x00000000392f0000,0x00000000393f0000)]
  0x000000001f9cc000 JavaThread "pool-19-thread-1" [_thread_blocked, id=11936, stack(0x00000000391f0000,0x00000000392f0000)]
  0x000000001f9d3000 JavaThread "pool-18-thread-2" [_thread_blocked, id=2740, stack(0x00000000390f0000,0x00000000391f0000)]
  0x000000001f9cd800 JavaThread "pool-18-thread-1" [_thread_blocked, id=11992, stack(0x0000000038ff0000,0x00000000390f0000)]
  0x0000000020c4a000 JavaThread "pool-17-thread-2" [_thread_blocked, id=7000, stack(0x0000000038ef0000,0x0000000038ff0000)]
  0x0000000020c47800 JavaThread "pool-17-thread-1" [_thread_blocked, id=6736, stack(0x0000000038df0000,0x0000000038ef0000)]
  0x0000000020c47000 JavaThread "ForkJoinPool.commonPool-worker-4" daemon [_thread_blocked, id=2356, stack(0x0000000038cf0000,0x0000000038df0000)]
  0x0000000020c46000 JavaThread "ForkJoinPool.commonPool-worker-3" daemon [_thread_blocked, id=8184, stack(0x0000000038bf0000,0x0000000038cf0000)]
  0x0000000020c45800 JavaThread "pool-16-thread-2" [_thread_blocked, id=776, stack(0x0000000038af0000,0x0000000038bf0000)]
  0x0000000020c3e000 JavaThread "pool-16-thread-1" [_thread_blocked, id=8468, stack(0x00000000389f0000,0x0000000038af0000)]
  0x0000000020c3b800 JavaThread "ForkJoinPool.commonPool-worker-2" daemon [_thread_blocked, id=2840, stack(0x00000000388f0000,0x00000000389f0000)]
  0x0000000020c41800 JavaThread "pool-15-thread-2" [_thread_in_vm, id=7240, stack(0x00000000387f0000,0x00000000388f0000)]
  0x0000000020c40000 JavaThread "pool-15-thread-1" [_thread_blocked, id=12216, stack(0x00000000386f0000,0x00000000387f0000)]
  0x0000000020c42800 JavaThread "pool-14-thread-2" [_thread_blocked, id=11996, stack(0x00000000385f0000,0x00000000386f0000)]
  0x0000000020c3d000 JavaThread "pool-14-thread-1" [_thread_blocked, id=7220, stack(0x00000000384f0000,0x00000000385f0000)]
  0x0000000020c41000 JavaThread "Task worker for ':' Thread 7" [_thread_blocked, id=6752, stack(0x0000000036af0000,0x0000000036bf0000)]
  0x0000000021087000 JavaThread "Task worker for ':' Thread 6" [_thread_blocked, id=5000, stack(0x00000000369f0000,0x0000000036af0000)]
  0x0000000021086800 JavaThread "Task worker for ':' Thread 5" [_thread_blocked, id=4040, stack(0x00000000368f0000,0x00000000369f0000)]
  0x0000000021085000 JavaThread "Task worker for ':' Thread 4" [_thread_blocked, id=5824, stack(0x00000000367f0000,0x00000000368f0000)]
  0x0000000021084000 JavaThread "Task worker for ':' Thread 3" [_thread_blocked, id=7244, stack(0x00000000366f0000,0x00000000367f0000)]
  0x0000000021089800 JavaThread "Task worker for ':' Thread 2" [_thread_blocked, id=2152, stack(0x00000000365f0000,0x00000000366f0000)]
  0x0000000021083800 JavaThread "Task worker for ':'" [_thread_blocked, id=1144, stack(0x00000000364f0000,0x00000000365f0000)]
  0x000000002108a000 JavaThread "Cache worker for Build Output Cleanup Cache (C:\Users\Jean-PC\AndroidStudioProjects\MyApplication\.gradle\buildOutputCleanup)" [_thread_blocked, id=3032, stack(0x00000000363f0000,0x00000000364f0000)]
  0x0000000021088800 JavaThread "Cache worker for task history cache (C:\Users\Jean-PC\AndroidStudioProjects\MyApplication\.gradle\4.4\taskHistory)" [_thread_blocked, id=3872, stack(0x00000000362f0000,0x00000000363f0000)]
  0x000000002107f000 JavaThread "Cache worker for file content cache (C:\Users\Jean-PC\AndroidStudioProjects\MyApplication\.gradle\4.4\fileContent)" [_thread_blocked, id=8536, stack(0x00000000361f0000,0x00000000362f0000)]
  0x0000000021085800 JavaThread "build operations Thread 8" [_thread_blocked, id=7184, stack(0x00000000360f0000,0x00000000361f0000)]
  0x000000002107c000 JavaThread "build operations Thread 7" [_thread_blocked, id=7356, stack(0x0000000035ff0000,0x00000000360f0000)]
  0x0000000021082800 JavaThread "build operations Thread 6" [_thread_blocked, id=11360, stack(0x0000000035ef0000,0x0000000035ff0000)]
  0x0000000021082000 JavaThread "build operations Thread 5" [_thread_blocked, id=5804, stack(0x0000000035df0000,0x0000000035ef0000)]
  0x000000002107e000 JavaThread "build operations Thread 4" [_thread_blocked, id=10604, stack(0x0000000035cf0000,0x0000000035df0000)]
  0x000000002107d800 JavaThread "build operations Thread 3" [_thread_blocked, id=1560, stack(0x0000000035bf0000,0x0000000035cf0000)]
  0x000000002107f800 JavaThread "build operations Thread 2" [_thread_blocked, id=6384, stack(0x0000000035af0000,0x0000000035bf0000)]
  0x0000000021080800 JavaThread "build operations" [_thread_blocked, id=7308, stack(0x00000000359f0000,0x0000000035af0000)]
  0x000000001d96e000 JavaThread "Cache worker for Artifact transforms cache (C:\Users\Jean-PC\.gradle\caches\transforms-1)" [_thread_blocked, id=8544, stack(0x00000000358f0000,0x00000000359f0000)]
  0x000000001d96c800 JavaThread "Cache worker for file hash cache (C:\Users\Jean-PC\AndroidStudioProjects\MyApplication\.gradle\4.4\fileHashes)" [_thread_blocked, id=4272, stack(0x00000000357f0000,0x00000000358f0000)]
  0x000000001d96c000 JavaThread "Stdin handler" [_thread_blocked, id=8352, stack(0x00000000356f0000,0x00000000357f0000)]
  0x000000001d96f000 JavaThread "Asynchronous log dispatcher for DefaultDaemonConnection: socket connection from /127.0.0.1:53403 to /127.0.0.1:53917" [_thread_blocked, id=11572, stack(0x00000000355f0000,0x00000000356f0000)]
  0x000000001d971000 JavaThread "Cancel handler" [_thread_blocked, id=9392, stack(0x00000000354f0000,0x00000000355f0000)]
  0x000000001d972000 JavaThread "Handler for socket connection from /127.0.0.1:53403 to /127.0.0.1:53917" [_thread_in_native, id=1848, stack(0x00000000353f0000,0x00000000354f0000)]
  0x0000000020c44800 JavaThread "ForkJoinPool.commonPool-worker-1" daemon [_thread_blocked, id=8140, stack(0x0000000033ff0000,0x00000000340f0000)]
  0x0000000020c44000 JavaThread "ForkJoinPool.commonPool-worker-7" daemon [_thread_blocked, id=5676, stack(0x0000000033df0000,0x0000000033ef0000)]
  0x0000000020c43000 JavaThread "ForkJoinPool.commonPool-worker-6" daemon [_thread_blocked, id=6764, stack(0x0000000033cf0000,0x0000000033df0000)]
  0x0000000021081000 JavaThread "ForkJoinPool.commonPool-worker-5" daemon [_thread_blocked, id=11348, stack(0x0000000030af0000,0x0000000030bf0000)]
  0x0000000020c3e800 JavaThread "Daemon worker Thread 3" [_thread_blocked, id=3060, stack(0x000000002c1f0000,0x000000002c2f0000)]
  0x0000000020c3c800 JavaThread "Daemon Thread 3" [_thread_blocked, id=2312, stack(0x000000002bef0000,0x000000002bff0000)]
  0x000000001f9d0000 JavaThread "Memory manager" [_thread_blocked, id=7684, stack(0x00000000228c0000,0x00000000229c0000)]
  0x000000001f9d2000 JavaThread "pool-1-thread-1" [_thread_blocked, id=8716, stack(0x00000000225c0000,0x00000000226c0000)]
  0x000000001a05a800 JavaThread "File lock request listener" [_thread_in_native, id=9320, stack(0x000000001b910000,0x000000001ba10000)]
  0x000000001a17d000 JavaThread "Cache worker for file hash cache (C:\Users\Jean-PC\.gradle\caches\4.4\fileHashes)" [_thread_blocked, id=4356, stack(0x000000001b810000,0x000000001b910000)]
  0x0000000019f42800 JavaThread "Daemon periodic checks" [_thread_blocked, id=10780, stack(0x000000001ac10000,0x000000001ad10000)]
  0x0000000019f41800 JavaThread "Incoming local TCP Connector on port 53403" [_thread_in_native, id=9000, stack(0x000000001a9c0000,0x000000001aac0000)]
  0x0000000017f63800 JavaThread "Service Thread" daemon [_thread_blocked, id=10976, stack(0x0000000018ab0000,0x0000000018bb0000)]
  0x0000000017eda000 JavaThread "C1 CompilerThread3" daemon [_thread_blocked, id=2656, stack(0x00000000189b0000,0x0000000018ab0000)]
  0x0000000015fee000 JavaThread "C2 CompilerThread2" daemon [_thread_blocked, id=4304, stack(0x00000000188b0000,0x00000000189b0000)]
  0x0000000017ece800 JavaThread "C2 CompilerThread1" daemon [_thread_blocked, id=11816, stack(0x00000000187b0000,0x00000000188b0000)]
=>0x0000000017ecc000 JavaThread "C2 CompilerThread0" daemon [_thread_in_native, id=5748, stack(0x00000000186b0000,0x00000000187b0000)]
  0x0000000017eca000 JavaThread "Attach Listener" daemon [_thread_blocked, id=2012, stack(0x00000000185b0000,0x00000000186b0000)]
  0x0000000017ec8800 JavaThread "Signal Dispatcher" daemon [_thread_blocked, id=4284, stack(0x00000000184b0000,0x00000000185b0000)]
  0x0000000017ec0800 JavaThread "Finalizer" daemon [_thread_blocked, id=12132, stack(0x00000000182a0000,0x00000000183a0000)]
  0x00000000021f7000 JavaThread "Reference Handler" daemon [_thread_blocked, id=5848, stack(0x0000000017da0000,0x0000000017ea0000)]
  0x0000000001fee000 JavaThread "main" [_thread_blocked, id=3208, stack(0x0000000002000000,0x0000000002100000)]

Other Threads:
  0x0000000015fd5800 VMThread [stack: 0x0000000017ca0000,0x0000000017da0000] [id=2100]
  0x0000000017f64000 WatcherThread [stack: 0x0000000018bb0000,0x0000000018cb0000] [id=4416]

VM state:synchronizing (normal execution)

VM Mutex/Monitor currently owned by a thread:  ([mutex/lock_event])
[0x0000000001fec6f0] Threads_lock - owner thread: 0x0000000015fd5800

Heap:
 PSYoungGen      total 443392K, used 294548K [0x00000000e0000000, 0x00000000ff500000, 0x0000000100000000)
  eden space 422912K, 67% used [0x00000000e0000000,0x00000000f17130f0,0x00000000f9d00000)
  from space 20480K, 42% used [0x00000000fb080000,0x00000000fb912180,0x00000000fc480000)
  to   space 19968K, 0% used [0x00000000f9d00000,0x00000000f9d00000,0x00000000fb080000)
 ParOldGen       total 142336K, used 41145K [0x00000000a0000000, 0x00000000a8b00000, 0x00000000e0000000)
  object space 142336K, 28% used [0x00000000a0000000,0x00000000a282e560,0x00000000a8b00000)
 Metaspace       used 73774K, capacity 78516K, committed 78720K, reserved 1122304K
  class space    used 9764K, capacity 10619K, committed 10624K, reserved 1048576K

Card table byte_map: [0x00000000115c0000,0x00000000118d0000] byte_map_base: 0x00000000110c0000

Marking Bits: (ParMarkBitMap*) 0x00000000720b4970
 Begin Bits: [0x00000000122d0000, 0x0000000013ad0000)
 End Bits:   [0x0000000013ad0000, 0x00000000152d0000)

Polling page: 0x00000000007b0000

CodeCache: size=245760Kb used=39209Kb max_used=39230Kb free=206550Kb
 bounds [0x0000000002200000, 0x0000000004890000, 0x0000000011200000]
 total_blobs=12932 nmethods=12126 adapters=718
 compilation: enabled

Compilation events (10 events):
Event: 255.103 Thread 0x0000000015fee000 nmethod 15010 0x0000000002d957d0 code [0x0000000002d95980, 0x0000000002d96778]
Event: 255.103 Thread 0x0000000015fee000 15055       4       com.android.tools.r8.ir.conversion.IRConverter$$Lambda$510/1677205120::accept (12 bytes)
Event: 255.105 Thread 0x0000000017ecc000 nmethod 15039 0x0000000002d8b8d0 code [0x0000000002d8ba20, 0x0000000002d8bc58]
Event: 255.105 Thread 0x0000000017ecc000 15030       4       com.android.tools.r8.ir.conversion.JarSourceCode::updateState (278 bytes)
Event: 255.115 Thread 0x0000000015fee000 nmethod 15055 0x000000000488b310 code [0x000000000488b4a0, 0x000000000488bc08]
Event: 255.116 Thread 0x0000000015fee000 15027       4       com.android.tools.r8.com.google.common.collect.Iterators$9::hasNext (13 bytes)
Event: 255.116 Thread 0x0000000015fee000 nmethod 15027 0x0000000004509210 code [0x0000000004509340, 0x0000000004509398]
Event: 255.116 Thread 0x0000000015fee000 15040       4       com.android.tools.r8.ir.code.Instruction::getDebugValues (18 bytes)
Event: 255.116 Thread 0x0000000015fee000 nmethod 15040 0x00000000045f9110 code [0x00000000045f9240, 0x00000000045f92b8]
Event: 255.116 Thread 0x0000000015fee000 15053       4       java.lang.Math::ceil (5 bytes)

GC Heap History (10 events):
Event: 103.119 GC heap before
{Heap before GC invocations=15 (full 3):
 PSYoungGen      total 244224K, used 233831K [0x00000000e0000000, 0x00000000f2900000, 0x0000000100000000)
  eden space 223744K, 99% used [0x00000000e0000000,0x00000000eda1afe0,0x00000000eda80000)
  from space 20480K, 51% used [0x00000000eda80000,0x00000000ee4befb8,0x00000000eee80000)
  to   space 19456K, 0% used [0x00000000f1600000,0x00000000f1600000,0x00000000f2900000)
 ParOldGen       total 142336K, used 39965K [0x00000000a0000000, 0x00000000a8b00000, 0x00000000e0000000)
  object space 142336K, 28% used [0x00000000a0000000,0x00000000a27074b0,0x00000000a8b00000)
 Metaspace       used 61079K, capacity 63160K, committed 63488K, reserved 1103872K
  class space    used 8125K, capacity 8577K, committed 8704K, reserved 1048576K
Event: 103.124 GC heap after
Heap after GC invocations=15 (full 3):
 PSYoungGen      total 284672K, used 6180K [0x00000000e0000000, 0x00000000f4f80000, 0x0000000100000000)
  eden space 265216K, 0% used [0x00000000e0000000,0x00000000e0000000,0x00000000f0300000)
  from space 19456K, 31% used [0x00000000f1600000,0x00000000f1c09270,0x00000000f2900000)
  to   space 19456K, 0% used [0x00000000f0300000,0x00000000f0300000,0x00000000f1600000)
 ParOldGen       total 142336K, used 39973K [0x00000000a0000000, 0x00000000a8b00000, 0x00000000e0000000)
  object space 142336K, 28% used [0x00000000a0000000,0x00000000a27094b0,0x00000000a8b00000)
 Metaspace       used 61079K, capacity 63160K, committed 63488K, reserved 1103872K
  class space    used 8125K, capacity 8577K, committed 8704K, reserved 1048576K
}
Event: 230.046 GC heap before
{Heap before GC invocations=16 (full 3):
 PSYoungGen      total 284672K, used 271396K [0x00000000e0000000, 0x00000000f4f80000, 0x0000000100000000)
  eden space 265216K, 100% used [0x00000000e0000000,0x00000000f0300000,0x00000000f0300000)
  from space 19456K, 31% used [0x00000000f1600000,0x00000000f1c09270,0x00000000f2900000)
  to   space 19456K, 0% used [0x00000000f0300000,0x00000000f0300000,0x00000000f1600000)
 ParOldGen       total 142336K, used 39973K [0x00000000a0000000, 0x00000000a8b00000, 0x00000000e0000000)
  object space 142336K, 28% used [0x00000000a0000000,0x00000000a27094b0,0x00000000a8b00000)
 Metaspace       used 62805K, capacity 65292K, committed 65408K, reserved 1105920K
  class space    used 8295K, capacity 8817K, committed 8832K, reserved 1048576K
Event: 230.058 GC heap after
Heap after GC invocations=16 (full 3):
 PSYoungGen      total 284672K, used 6564K [0x00000000e0000000, 0x00000000f7a80000, 0x0000000100000000)
  eden space 265216K, 0% used [0x00000000e0000000,0x00000000e0000000,0x00000000f0300000)
  from space 19456K, 33% used [0x00000000f0300000,0x00000000f0969090,0x00000000f1600000)
  to   space 18944K, 0% used [0x00000000f6800000,0x00000000f6800000,0x00000000f7a80000)
 ParOldGen       total 142336K, used 39981K [0x00000000a0000000, 0x00000000a8b00000, 0x00000000e0000000)
  object space 142336K, 28% used [0x00000000a0000000,0x00000000a270b4b0,0x00000000a8b00000)
 Metaspace       used 62805K, capacity 65292K, committed 65408K, reserved 1105920K
  class space    used 8295K, capacity 8817K, committed 8832K, reserved 1048576K
}
Event: 243.686 GC heap before
{Heap before GC invocations=17 (full 3):
 PSYoungGen      total 284672K, used 271743K [0x00000000e0000000, 0x00000000f7a80000, 0x0000000100000000)
  eden space 265216K, 99% used [0x00000000e0000000,0x00000000f02f6d20,0x00000000f0300000)
  from space 19456K, 33% used [0x00000000f0300000,0x00000000f0969090,0x00000000f1600000)
  to   space 18944K, 0% used [0x00000000f6800000,0x00000000f6800000,0x00000000f7a80000)
 ParOldGen       total 142336K, used 39981K [0x00000000a0000000, 0x00000000a8b00000, 0x00000000e0000000)
  object space 142336K, 28% used [0x00000000a0000000,0x00000000a270b4b0,0x00000000a8b00000)
 Metaspace       used 71115K, capacity 75596K, committed 75904K, reserved 1114112K
  class space    used 9451K, capacity 10247K, committed 10368K, reserved 1048576K
Event: 243.697 GC heap after
Heap after GC invocations=17 (full 3):
 PSYoungGen      total 352256K, used 13308K [0x00000000e0000000, 0x00000000f7500000, 0x0000000100000000)
  eden space 338944K, 0% used [0x00000000e0000000,0x00000000e0000000,0x00000000f4b00000)
  from space 13312K, 99% used [0x00000000f6800000,0x00000000f74ff070,0x00000000f7500000)
  to   space 19456K, 0% used [0x00000000f4f00000,0x00000000f4f00000,0x00000000f6200000)
 ParOldGen       total 142336K, used 41129K [0x00000000a0000000, 0x00000000a8b00000, 0x00000000e0000000)
  object space 142336K, 28% used [0x00000000a0000000,0x00000000a282a560,0x00000000a8b00000)
 Metaspace       used 71115K, capacity 75596K, committed 75904K, reserved 1114112K
  class space    used 9451K, capacity 10247K, committed 10368K, reserved 1048576K
}
Event: 245.833 GC heap before
{Heap before GC invocations=18 (full 3):
 PSYoungGen      total 352256K, used 351371K [0x00000000e0000000, 0x00000000f7500000, 0x0000000100000000)
  eden space 338944K, 99% used [0x00000000e0000000,0x00000000f4a23c30,0x00000000f4b00000)
  from space 13312K, 99% used [0x00000000f6800000,0x00000000f74ff070,0x00000000f7500000)
  to   space 19456K, 0% used [0x00000000f4f00000,0x00000000f4f00000,0x00000000f6200000)
 ParOldGen       total 142336K, used 41129K [0x00000000a0000000, 0x00000000a8b00000, 0x00000000e0000000)
  object space 142336K, 28% used [0x00000000a0000000,0x00000000a282a560,0x00000000a8b00000)
 Metaspace       used 72924K, capacity 77626K, committed 77696K, reserved 1116160K
  class space    used 9685K, capacity 10562K, committed 10624K, reserved 1048576K
Event: 245.843 GC heap after
Heap after GC invocations=18 (full 3):
 PSYoungGen      total 362496K, used 15370K [0x00000000e0000000, 0x00000000fc480000, 0x0000000100000000)
  eden space 343040K, 0% used [0x00000000e0000000,0x00000000e0000000,0x00000000f4f00000)
  from space 19456K, 79% used [0x00000000f4f00000,0x00000000f5e02900,0x00000000f6200000)
  to   space 20480K, 0% used [0x00000000fb080000,0x00000000fb080000,0x00000000fc480000)
 ParOldGen       total 142336K, used 41137K [0x00000000a0000000, 0x00000000a8b00000, 0x00000000e0000000)
  object space 142336K, 28% used [0x00000000a0000000,0x00000000a282c560,0x00000000a8b00000)
 Metaspace       used 72924K, capacity 77626K, committed 77696K, reserved 1116160K
  class space    used 9685K, capacity 10562K, committed 10624K, reserved 1048576K
}
Event: 245.920 GC heap before
{Heap before GC invocations=19 (full 3):
 PSYoungGen      total 362496K, used 358303K [0x00000000e0000000, 0x00000000fc480000, 0x0000000100000000)
  eden space 343040K, 99% used [0x00000000e0000000,0x00000000f4ee56c8,0x00000000f4f00000)
  from space 19456K, 79% used [0x00000000f4f00000,0x00000000f5e02900,0x00000000f6200000)
  to   space 20480K, 0% used [0x00000000fb080000,0x00000000fb080000,0x00000000fc480000)
 ParOldGen       total 142336K, used 41137K [0x00000000a0000000, 0x00000000a8b00000, 0x00000000e0000000)
  object space 142336K, 28% used [0x00000000a0000000,0x00000000a282c560,0x00000000a8b00000)
 Metaspace       used 72929K, capacity 77626K, committed 77696K, reserved 1116160K
  class space    used 9685K, capacity 10562K, committed 10624K, reserved 1048576K
Event: 245.929 GC heap after
Heap after GC invocations=19 (full 3):
 PSYoungGen      total 443392K, used 8776K [0x00000000e0000000, 0x00000000ff500000, 0x0000000100000000)
  eden space 422912K, 0% used [0x00000000e0000000,0x00000000e0000000,0x00000000f9d00000)
  from space 20480K, 42% used [0x00000000fb080000,0x00000000fb912180,0x00000000fc480000)
  to   space 19968K, 0% used [0x00000000f9d00000,0x00000000f9d00000,0x00000000fb080000)
 ParOldGen       total 142336K, used 41145K [0x00000000a0000000, 0x00000000a8b00000, 0x00000000e0000000)
  object space 142336K, 28% used [0x00000000a0000000,0x00000000a282e560,0x00000000a8b00000)
 Metaspace       used 72929K, capacity 77626K, committed 77696K, reserved 1116160K
  class space    used 9685K, capacity 10562K, committed 10624K, reserved 1048576K
}

Deoptimization events (10 events):
Event: 255.059 Thread 0x0000000020c3d000 Uncommon trap: reason=class_check action=maybe_recompile pc=0x00000000026d86d4 method=com.android.tools.r8.ir.conversion.IRConverter.convertMethodToDex(Lcom/android/tools/r8/graph/DexEncodedMethod;)V @ 24
Event: 255.060 Thread 0x0000000020c3e000 Uncommon trap: reason=class_check action=maybe_recompile pc=0x00000000026d86d4 method=com.android.tools.r8.ir.conversion.IRConverter.convertMethodToDex(Lcom/android/tools/r8/graph/DexEncodedMethod;)V @ 24
Event: 255.065 Thread 0x0000000020c46000 Uncommon trap: reason=class_check action=maybe_recompile pc=0x0000000004119144 method=com.google.common.collect.ImmutableMap.copyOf(Ljava/lang/Iterable;)Lcom/google/common/collect/ImmutableMap; @ 53
Event: 255.073 Thread 0x0000000020c47000 Uncommon trap: reason=class_check action=maybe_recompile pc=0x0000000004119144 method=com.google.common.collect.ImmutableMap.copyOf(Ljava/lang/Iterable;)Lcom/google/common/collect/ImmutableMap; @ 53
Event: 255.074 Thread 0x0000000020c47000 Uncommon trap: reason=class_check action=maybe_recompile pc=0x0000000004119144 method=com.google.common.collect.ImmutableMap.copyOf(Ljava/lang/Iterable;)Lcom/google/common/collect/ImmutableMap; @ 53
Event: 255.082 Thread 0x0000000020c3d000 Uncommon trap: reason=unstable_if action=reinterpret pc=0x00000000043391b8 method=com.android.tools.r8.ir.code.IRCodeInstructionsIterator.next()Lcom/android/tools/r8/ir/code/Instruction; @ 9
Event: 255.082 Thread 0x0000000020c3d000 Uncommon trap: reason=unstable_if action=reinterpret pc=0x00000000043368f8 method=com.android.tools.r8.ir.code.IRCodeInstructionsIterator.next()Lcom/android/tools/r8/ir/code/Instruction; @ 9
Event: 255.096 Thread 0x0000000020c3d000 Uncommon trap: reason=unstable_if action=reinterpret pc=0x0000000004665090 method=java.util.stream.MatchOps$BooleanTerminalSink.<init>(Ljava/util/stream/MatchOps$MatchKind;)V @ 9
Event: 255.100 Thread 0x0000000020c3d000 Uncommon trap: reason=unstable_if action=reinterpret pc=0x0000000004660e68 method=java.util.stream.MatchOps$BooleanTerminalSink.<init>(Ljava/util/stream/MatchOps$MatchKind;)V @ 9
Event: 255.107 Thread 0x0000000020c3d000 Uncommon trap: reason=unstable_if action=reinterpret pc=0x000000000434f06c method=java.util.IdentityHashMap.put(Ljava/lang/Object;Ljava/lang/Object;)Ljava/lang/Object; @ 38

Classes redefined (0 events):
No events

Internal exceptions (10 events):
Event: 254.912 Thread 0x0000000020c3e800 Exception <a 'sun/nio/fs/WindowsException'> (0x00000000f05d8568) thrown at [D:\src\AOSP-openjdk-cygwin\jdk8u\hotspot\src\share\vm\prims\jni.cpp, line 709]
Event: 254.947 Thread 0x0000000020c3e800 Exception <a 'sun/nio/fs/WindowsException'> (0x00000000f060f620) thrown at [D:\src\AOSP-openjdk-cygwin\jdk8u\hotspot\src\share\vm\prims\jni.cpp, line 709]
Event: 254.966 Thread 0x0000000020c3e800 Exception <a 'sun/nio/fs/WindowsException'> (0x00000000f0641fb8) thrown at [D:\src\AOSP-openjdk-cygwin\jdk8u\hotspot\src\share\vm\prims\jni.cpp, line 709]
Event: 254.981 Thread 0x0000000020c3e800 Exception <a 'sun/nio/fs/WindowsException'> (0x00000000f0676998) thrown at [D:\src\AOSP-openjdk-cygwin\jdk8u\hotspot\src\share\vm\prims\jni.cpp, line 709]
Event: 254.994 Thread 0x0000000020c3e800 Exception <a 'sun/nio/fs/WindowsException'> (0x00000000f06aff88) thrown at [D:\src\AOSP-openjdk-cygwin\jdk8u\hotspot\src\share\vm\prims\jni.cpp, line 709]
Event: 255.009 Thread 0x0000000020c3e800 Exception <a 'sun/nio/fs/WindowsException'> (0x00000000f06fc6c0) thrown at [D:\src\AOSP-openjdk-cygwin\jdk8u\hotspot\src\share\vm\prims\jni.cpp, line 709]
Event: 255.093 Thread 0x0000000020c47000 Exception <a 'sun/nio/fs/WindowsException'> (0x00000000f0ea9670) thrown at [D:\src\AOSP-openjdk-cygwin\jdk8u\hotspot\src\share\vm\prims\jni.cpp, line 709]
Event: 255.116 Thread 0x0000000020c41800 StackOverflowError at 0x00000000026785c0
Event: 255.116 Thread 0x0000000020c41800 Exception <a 'java/lang/StackOverflowError'> (0x00000000f09b21c0) thrown at [D:\src\AOSP-openjdk-cygwin\jdk8u\hotspot\src\share\vm\runtime\sharedRuntime.cpp, line 605]
Event: 255.116 Thread 0x0000000020c41800 Exception <a 'java/lang/StackOverflowError'> (0x00000000f09b21c0) thrown at [D:\src\AOSP-openjdk-cygwin\jdk8u\hotspot\src\share\vm\prims\jvm.cpp, line 1394]

Events (10 events):
Event: 255.113 loading class com/android/tools/r8/com/google/common/collect/AbstractMapBasedMultiset$1
Event: 255.113 loading class com/android/tools/r8/com/google/common/collect/AbstractMapBasedMultiset$1 done
Event: 255.113 loading class com/android/tools/r8/com/google/common/primitives/Ints
Event: 255.113 loading class com/android/tools/r8/com/google/common/primitives/Ints done
Event: 255.114 Executing VM operation: BulkRevokeBias
Event: 255.114 loading class com/android/tools/r8/com/google/common/primitives/Ints$IntConverter
Event: 255.114 loading class com/android/tools/r8/com/google/common/primitives/Ints$IntConverter done
Event: 255.115 Executing VM operation: BulkRevokeBias done
Event: 255.116 loading class com/android/tools/r8/cf/code/CfInstanceOf
Event: 255.116 loading class com/android/tools/r8/cf/code/CfInstanceOf done


Dynamic libraries:
0x00007ff76e120000 - 0x00007ff76e151000 	C:\Program Files\Android\Android Studio\jre\bin\java.exe
0x00007ffff9330000 - 0x00007ffff9511000 	C:\WINDOWS\SYSTEM32\ntdll.dll
0x00007fffcaf50000 - 0x00007fffcaf84000 	C:\Program Files\AVAST Software\Avast\x64\aswhooka.dll
0x00007ffff8bc0000 - 0x00007ffff8c72000 	C:\WINDOWS\System32\KERNEL32.DLL
0x00007ffff5bf0000 - 0x00007ffff5e63000 	C:\WINDOWS\System32\KERNELBASE.dll
0x00007ffff8560000 - 0x00007ffff8601000 	C:\WINDOWS\System32\ADVAPI32.dll
0x00007ffff8a40000 - 0x00007ffff8ade000 	C:\WINDOWS\System32\msvcrt.dll
0x00007ffff92a0000 - 0x00007ffff92fb000 	C:\WINDOWS\System32\sechost.dll
0x00007ffff6ff0000 - 0x00007ffff7114000 	C:\WINDOWS\System32\RPCRT4.dll
0x00007ffff90f0000 - 0x00007ffff9280000 	C:\WINDOWS\System32\USER32.dll
0x00007ffff67a0000 - 0x00007ffff67c0000 	C:\WINDOWS\System32\win32u.dll
0x00007ffff8cb0000 - 0x00007ffff8cd8000 	C:\WINDOWS\System32\GDI32.dll
0x00007ffff6600000 - 0x00007ffff6792000 	C:\WINDOWS\System32\gdi32full.dll
0x00007ffff5af0000 - 0x00007ffff5b8f000 	C:\WINDOWS\System32\msvcp_win.dll
0x00007ffff58f0000 - 0x00007ffff59ea000 	C:\WINDOWS\System32\ucrtbase.dll
0x00007fffeb740000 - 0x00007fffeb9a9000 	C:\WINDOWS\WinSxS\amd64_microsoft.windows.common-controls_6595b64144ccf1df_6.0.17134.112_none_fb3f961b30681c12\COMCTL32.dll
0x00007ffff8d60000 - 0x00007ffff9083000 	C:\WINDOWS\System32\combase.dll
0x00007ffff5e70000 - 0x00007ffff5eea000 	C:\WINDOWS\System32\bcryptPrimitives.dll
0x00007ffff8c80000 - 0x00007ffff8cad000 	C:\WINDOWS\System32\IMM32.DLL
0x000000006ec90000 - 0x000000006ed62000 	C:\Program Files\Android\Android Studio\jre\jre\bin\msvcr100.dll
0x00000000718f0000 - 0x000000007212f000 	C:\Program Files\Android\Android Studio\jre\jre\bin\server\jvm.dll
0x00007ffff8a30000 - 0x00007ffff8a38000 	C:\WINDOWS\System32\PSAPI.DLL
0x00007ffff20a0000 - 0x00007ffff20a9000 	C:\WINDOWS\SYSTEM32\WSOCK32.dll
0x00007ffff89c0000 - 0x00007ffff8a2c000 	C:\WINDOWS\System32\WS2_32.dll
0x00007ffff31f0000 - 0x00007ffff3213000 	C:\WINDOWS\SYSTEM32\WINMM.dll
0x00007ffff0ee0000 - 0x00007ffff0eea000 	C:\WINDOWS\SYSTEM32\VERSION.dll
0x00007ffff2bf0000 - 0x00007ffff2c1a000 	C:\WINDOWS\SYSTEM32\WINMMBASE.dll
0x00007ffff5aa0000 - 0x00007ffff5ae9000 	C:\WINDOWS\System32\cfgmgr32.dll
0x00007ffff0380000 - 0x00007ffff038f000 	C:\Program Files\Android\Android Studio\jre\jre\bin\verify.dll
0x00007fffe8140000 - 0x00007fffe8169000 	C:\Program Files\Android\Android Studio\jre\jre\bin\java.dll
0x00007fffe8580000 - 0x00007fffe8596000 	C:\Program Files\Android\Android Studio\jre\jre\bin\zip.dll
0x00007ffff7120000 - 0x00007ffff8560000 	C:\WINDOWS\System32\SHELL32.dll
0x00007ffff8910000 - 0x00007ffff89b9000 	C:\WINDOWS\System32\shcore.dll
0x00007ffff5ef0000 - 0x00007ffff65fd000 	C:\WINDOWS\System32\windows.storage.dll
0x00007ffff8610000 - 0x00007ffff8661000 	C:\WINDOWS\System32\shlwapi.dll
0x00007ffff56c0000 - 0x00007ffff56d1000 	C:\WINDOWS\System32\kernel.appcore.dll
0x00007ffff56e0000 - 0x00007ffff56ff000 	C:\WINDOWS\System32\profapi.dll
0x00007ffff5670000 - 0x00007ffff56bc000 	C:\WINDOWS\System32\powrprof.dll
0x00007ffff5660000 - 0x00007ffff566a000 	C:\WINDOWS\System32\FLTLIB.DLL
0x00007fffe4160000 - 0x00007fffe417a000 	C:\Program Files\Android\Android Studio\jre\jre\bin\net.dll
0x00007ffff4ec0000 - 0x00007ffff4f26000 	C:\WINDOWS\system32\mswsock.dll
0x00007fffe4140000 - 0x00007fffe4151000 	C:\Program Files\Android\Android Studio\jre\jre\bin\nio.dll
0x00007fffef3e0000 - 0x00007fffef3fe000 	C:\Users\Jean-PC\.gradle\native\25\windows-amd64\native-platform.dll
0x00007fffef480000 - 0x00007fffef48d000 	C:\Program Files\Android\Android Studio\jre\jre\bin\management.dll
0x00007ffff5070000 - 0x00007ffff5087000 	C:\WINDOWS\SYSTEM32\CRYPTSP.dll
0x00007ffff4aa0000 - 0x00007ffff4ad3000 	C:\WINDOWS\system32\rsaenh.dll
0x00007ffff51a0000 - 0x00007ffff51c5000 	C:\WINDOWS\SYSTEM32\bcrypt.dll
0x00007ffff5570000 - 0x00007ffff5598000 	C:\WINDOWS\SYSTEM32\USERENV.dll
0x00007ffff5090000 - 0x00007ffff509b000 	C:\WINDOWS\SYSTEM32\CRYPTBASE.dll
0x00007ffff4c40000 - 0x00007ffff4c78000 	C:\WINDOWS\SYSTEM32\IPHLPAPI.DLL
0x00007ffff8670000 - 0x00007ffff8678000 	C:\WINDOWS\System32\NSI.dll
0x00007fffefd50000 - 0x00007fffefd66000 	C:\WINDOWS\SYSTEM32\dhcpcsvc6.DLL
0x00007fffefd30000 - 0x00007fffefd4a000 	C:\WINDOWS\SYSTEM32\dhcpcsvc.DLL
0x00007ffff4730000 - 0x00007ffff4761000 	C:\WINDOWS\SYSTEM32\ntmarta.dll

VM Arguments:
jvm_args: -Xmx1536m -Dfile.encoding=windows-1252 -Duser.country=BR -Duser.language=pt -Duser.variant 
java_command: org.gradle.launcher.daemon.bootstrap.GradleDaemon 4.4
java_class_path (initial): C:\Users\Jean-PC\.gradle\wrapper\dists\gradle-4.4-all\9br9xq1tocpiv8o6njlyu5op1\gradle-4.4\lib\gradle-launcher-4.4.jar
Launcher Type: SUN_STANDARD

Environment Variables:
PATH=C:\Program Files (x86)\Common Files\Oracle\Java\javapath;C:\ProgramData\Oracle\Java\javapath;C:\WINDOWS\system32;C:\WINDOWS;C:\WINDOWS\System32\Wbem;C:\WINDOWS\System32\WindowsPowerShell\v1.0\;C:\Program Files (x86)\GtkSharp\2.12\bin;C:\Program Files (x86)\NVIDIA Corporation\PhysX\Common;C:\WINDOWS\system32;C:\WINDOWS;C:\WINDOWS\System32\Wbem;C:\WINDOWS\System32\WindowsPowerShell\v1.0\;C:\WINDOWS\System32\OpenSSH\;C:\Users\Jean-PC\AppData\Roaming\Dashlane\4.6.6.23032\bin\Firefox_Extension\{442718d9-475e-452a-b3e1-fb1ee16b8e9f}\components;C:\Users\Jean-PC\AppData\Local\Microsoft\WindowsApps;%DASHLANE_DLL_DIR%;
USERNAME=Jean-PC
OS=Windows_NT
PROCESSOR_IDENTIFIER=Intel64 Family 6 Model 58 Stepping 9, GenuineIntel



---------------  S Y S T E M  ---------------

OS: Windows 10.0 , 64 bit Build 17134 (10.0.17134.1)

CPU:total 8 (initial active 8) (4 cores per cpu, 2 threads per core) family 6 model 58 stepping 9, cmov, cx8, fxsr, mmx, sse, sse2, sse3, ssse3, sse4.1, sse4.2, popcnt, avx, aes, clmul, erms, ht, tsc, tscinvbit, tscinv

Memory: 4k page, physical 8353684k(2120316k free), swap 8353684k(2372k free)

vm_info: OpenJDK 64-Bit Server VM (25.152-b02) for windows-amd64 JRE (1.8.0_152-release-1024-b02), built by "builder" with MS VC++ 10.0 (VS2010)

time: Thu Jun 21 21:32:03 2018
elapsed time: 255 seconds (0d 0h 4m 15s)

