#
# There is insufficient memory for the Java Runtime Environment to continue.
# Native memory allocation (malloc) failed to allocate 1117536 bytes for Chunk::new
# Possible reasons:
#   The system is out of physical RAM or swap space
#   In 32 bit mode, the process size limit was hit
# Possible solutions:
#   Reduce memory load on the system
#   Increase physical memory or swap space
#   Check if swap backing store is full
#   Use 64 bit Java on a 64 bit OS
#   Decrease Java heap size (-Xmx/-Xms)
#   Decrease number of Java threads
#   Decrease Java thread stack sizes (-Xss)
#   Set larger code cache with -XX:ReservedCodeCacheSize=
# This output file may be truncated or incomplete.
#
#  Out of Memory Error (allocation.cpp:390), pid=9844, tid=0x0000000000002a0c
#
# JRE version: OpenJDK Runtime Environment (8.0_152-b02) (build 1.8.0_152-release-1024-b02)
# Java VM: OpenJDK 64-Bit Server VM (25.152-b02 mixed mode windows-amd64 compressed oops)
# Failed to write core dump. Minidumps are not enabled by default on client versions of Windows
#

---------------  T H R E A D  ---------------

Current thread (0x000000001891c000):  JavaThread "C2 CompilerThread0" daemon [_thread_in_native, id=10764, stack(0x0000000019100000,0x0000000019200000)]

Stack: [0x0000000019100000,0x0000000019200000]
[error occurred during error reporting (printing stack bounds), id 0xc0000005]

Native frames: (J=compiled Java code, j=interpreted, Vv=VM code, C=native code)


Current CompileTask:
C2: 492494 16899   !   4       org.gradle.internal.service.DefaultServiceRegistry::doGet (102 bytes)


---------------  P R O C E S S  ---------------

Java Threads: ( => current thread )
  0x000000001abb0800 JavaThread "ForkJoinPool.commonPool-worker-4" daemon [_thread_blocked, id=14820, stack(0x000000003a3f0000,0x000000003a4f0000)]
  0x000000001adfe000 JavaThread "stdout" daemon [_thread_in_native, id=2792, stack(0x00000000395f0000,0x00000000396f0000)]
  0x000000001adfc800 JavaThread "stderr" daemon [_thread_in_native, id=5452, stack(0x00000000394f0000,0x00000000395f0000)]
  0x000000001adfa800 JavaThread "Task worker for ':' Thread 7" [_thread_blocked, id=10264, stack(0x00000000370f0000,0x00000000371f0000)]
  0x000000001adfd800 JavaThread "Task worker for ':' Thread 6" [_thread_blocked, id=3500, stack(0x0000000036ff0000,0x00000000370f0000)]
  0x000000001adf3000 JavaThread "Task worker for ':' Thread 5" [_thread_blocked, id=7592, stack(0x0000000036ef0000,0x0000000036ff0000)]
  0x000000001adf3800 JavaThread "Task worker for ':' Thread 4" [_thread_in_native, id=1928, stack(0x0000000036df0000,0x0000000036ef0000)]
  0x000000001adf9800 JavaThread "Task worker for ':' Thread 3" [_thread_blocked, id=14860, stack(0x0000000036cf0000,0x0000000036df0000)]
  0x000000001adf8000 JavaThread "Task worker for ':' Thread 2" [_thread_blocked, id=14304, stack(0x0000000036bf0000,0x0000000036cf0000)]
  0x000000001adf6800 JavaThread "Task worker for ':'" [_thread_blocked, id=14944, stack(0x0000000036af0000,0x0000000036bf0000)]
  0x000000001adf6000 JavaThread "Cache worker for Build Output Cleanup Cache (C:\Users\Jean-PC\AndroidStudioProjects\MyApplication\.gradle\buildOutputCleanup)" [_thread_blocked, id=3368, stack(0x00000000369f0000,0x0000000036af0000)]
  0x000000001adf5000 JavaThread "Cache worker for task history cache (C:\Users\Jean-PC\AndroidStudioProjects\MyApplication\.gradle\4.4\taskHistory)" [_thread_blocked, id=6712, stack(0x00000000368f0000,0x00000000369f0000)]
  0x000000001adf9000 JavaThread "Cache worker for file content cache (C:\Users\Jean-PC\AndroidStudioProjects\MyApplication\.gradle\4.4\fileContent)" [_thread_blocked, id=10420, stack(0x00000000367f0000,0x00000000368f0000)]
  0x000000001adf7800 JavaThread "build operations Thread 8" [_thread_blocked, id=8712, stack(0x00000000366f0000,0x00000000367f0000)]
  0x000000001adf4800 JavaThread "build operations Thread 7" [_thread_blocked, id=9896, stack(0x00000000365f0000,0x00000000366f0000)]
  0x000000001adef000 JavaThread "build operations Thread 6" [_thread_blocked, id=14132, stack(0x00000000364f0000,0x00000000365f0000)]
  0x000000001adf2000 JavaThread "build operations Thread 5" [_thread_blocked, id=8684, stack(0x00000000363f0000,0x00000000364f0000)]
  0x000000001adf0800 JavaThread "build operations Thread 4" [_thread_blocked, id=12916, stack(0x00000000362f0000,0x00000000363f0000)]
  0x000000001efdb800 JavaThread "build operations Thread 3" [_thread_blocked, id=9004, stack(0x00000000361f0000,0x00000000362f0000)]
  0x000000001efda800 JavaThread "build operations Thread 2" [_thread_blocked, id=8164, stack(0x00000000360f0000,0x00000000361f0000)]
  0x000000001efde800 JavaThread "build operations" [_thread_blocked, id=8460, stack(0x0000000035ff0000,0x00000000360f0000)]
  0x000000001efda000 JavaThread "Cache worker for Artifact transforms cache (C:\Users\Jean-PC\.gradle\caches\transforms-1)" [_thread_blocked, id=14236, stack(0x0000000035ef0000,0x0000000035ff0000)]
  0x000000001efdd800 JavaThread "Cache worker for file hash cache (C:\Users\Jean-PC\AndroidStudioProjects\MyApplication\.gradle\4.4\fileHashes)" [_thread_blocked, id=13556, stack(0x0000000035df0000,0x0000000035ef0000)]
  0x000000001efd0000 JavaThread "Stdin handler" [_thread_blocked, id=13388, stack(0x0000000035cf0000,0x0000000035df0000)]
  0x000000001efd7000 JavaThread "Asynchronous log dispatcher for DefaultDaemonConnection: socket connection from /127.0.0.1:50781 to /127.0.0.1:52009" [_thread_blocked, id=6160, stack(0x0000000035bf0000,0x0000000035cf0000)]
  0x000000001efd5800 JavaThread "Daemon worker Thread 4" [_thread_blocked, id=12384, stack(0x0000000035af0000,0x0000000035bf0000)]
  0x000000001efd9000 JavaThread "Cancel handler" [_thread_blocked, id=5796, stack(0x00000000359f0000,0x0000000035af0000)]
  0x000000001efdc000 JavaThread "Handler for socket connection from /127.0.0.1:50781 to /127.0.0.1:52009" [_thread_in_native, id=8256, stack(0x00000000358f0000,0x00000000359f0000)]
  0x000000001efcf800 JavaThread "Daemon Thread 4" [_thread_blocked, id=11432, stack(0x00000000357f0000,0x00000000358f0000)]
  0x000000001efd1000 JavaThread "Java2D Disposer" daemon [_thread_blocked, id=7112, stack(0x0000000027ef0000,0x0000000027ff0000)]
  0x000000001adf1800 JavaThread "Memory manager" [_thread_blocked, id=13732, stack(0x0000000022ee0000,0x0000000022fe0000)]
  0x000000001aac4000 JavaThread "File lock request listener" [_thread_in_native, id=4040, stack(0x000000001c360000,0x000000001c460000)]
  0x000000001a9bb800 JavaThread "Cache worker for file hash cache (C:\Users\Jean-PC\.gradle\caches\4.4\fileHashes)" [_thread_blocked, id=11184, stack(0x000000001c260000,0x000000001c360000)]
  0x000000001a83e000 JavaThread "Daemon periodic checks" [_thread_blocked, id=9568, stack(0x000000001b660000,0x000000001b760000)]
  0x000000001a844000 JavaThread "Incoming local TCP Connector on port 50781" [_thread_in_native, id=5996, stack(0x000000001b410000,0x000000001b510000)]
  0x0000000018940000 JavaThread "Service Thread" daemon [_thread_blocked, id=6636, stack(0x0000000019500000,0x0000000019600000)]
  0x0000000018924000 JavaThread "C1 CompilerThread3" daemon [_thread_blocked, id=6664, stack(0x0000000019400000,0x0000000019500000)]
  0x0000000018923000 JavaThread "C2 CompilerThread2" daemon [_thread_in_vm, id=4248, stack(0x0000000019300000,0x0000000019400000)]
  0x000000001891e000 JavaThread "C2 CompilerThread1" daemon [_thread_in_native, id=812, stack(0x0000000019200000,0x0000000019300000)]
=>0x000000001891c000 JavaThread "C2 CompilerThread0" daemon [_thread_in_native, id=10764, stack(0x0000000019100000,0x0000000019200000)]
  0x000000001891a000 JavaThread "Attach Listener" daemon [_thread_blocked, id=11340, stack(0x0000000019000000,0x0000000019100000)]
  0x0000000018918800 JavaThread "Signal Dispatcher" daemon [_thread_blocked, id=14740, stack(0x0000000018f00000,0x0000000019000000)]
  0x0000000018910800 JavaThread "Finalizer" daemon [_thread_blocked, id=5416, stack(0x0000000018cf0000,0x0000000018df0000)]
  0x0000000002c47000 JavaThread "Reference Handler" daemon [_thread_blocked, id=13212, stack(0x00000000187f0000,0x00000000188f0000)]
  0x0000000002a4e000 JavaThread "main" [_thread_blocked, id=7300, stack(0x0000000002a50000,0x0000000002b50000)]

Other Threads:
  0x0000000016a05800 VMThread [stack: 0x00000000186f0000,0x00000000187f0000] [id=12048]
  0x0000000018941000 WatcherThread [stack: 0x0000000019600000,0x0000000019700000] [id=15316]

VM state:not at safepoint (normal execution)

VM Mutex/Monitor currently owned by a thread: None

Heap:
 PSYoungGen      total 310784K, used 308462K [0x00000000e0000000, 0x00000000f7280000, 0x0000000100000000)
  eden space 275968K, 99% used [0x00000000e0000000,0x00000000f0b3c620,0x00000000f0d80000)
  from space 34816K, 99% used [0x00000000f3900000,0x00000000f5aff548,0x00000000f5b00000)
  to   space 44544K, 0% used [0x00000000f0d80000,0x00000000f0d80000,0x00000000f3900000)
 ParOldGen       total 161792K, used 102324K [0x00000000a0000000, 0x00000000a9e00000, 0x00000000e0000000)
  object space 161792K, 63% used [0x00000000a0000000,0x00000000a63ed208,0x00000000a9e00000)
 Metaspace       used 79622K, capacity 83956K, committed 84184K, reserved 1122304K
  class space    used 10312K, capacity 11175K, committed 11264K, reserved 1048576K

Card table byte_map: [0x0000000012010000,0x0000000012320000] byte_map_base: 0x0000000011b10000

Marking Bits: (ParMarkBitMap*) 0x000000005fde4970
 Begin Bits: [0x0000000012d20000, 0x0000000014520000)
 End Bits:   [0x0000000014520000, 0x0000000015d20000)

Polling page: 0x00000000009f0000

CodeCache: size=245760Kb used=44266Kb max_used=44298Kb free=201493Kb
 bounds [0x0000000002c50000, 0x00000000057e0000, 0x0000000011c50000]
 total_blobs=14225 nmethods=13278 adapters=858
 compilation: enabled

Compilation events (10 events):
Event: 492.318 Thread 0x0000000018923000 16915       4       com.android.apkzlib.zip.FileUseMap::at (95 bytes)
Event: 492.319 Thread 0x0000000018924000 16919       3       sun.security.util.DerInputStream::getLength (9 bytes)
Event: 492.319 Thread 0x0000000018924000 nmethod 16919 0x0000000002db5dd0 code [0x0000000002db5f40, 0x0000000002db6178]
Event: 492.324 Thread 0x0000000018923000 nmethod 16915 0x000000000305b1d0 code [0x000000000305b360, 0x000000000305b798]
Event: 492.358 Thread 0x0000000018924000 16920       3       com.android.apksig.internal.util.InclusiveIntRange::fromTo (10 bytes)
Event: 492.359 Thread 0x0000000018924000 nmethod 16920 0x00000000057d3d50 code [0x00000000057d3ec0, 0x00000000057d4110]
Event: 492.360 Thread 0x0000000018924000 16921       3       java.security.Provider$ServiceKey::<init> (39 bytes)
Event: 492.361 Thread 0x0000000018924000 nmethod 16921 0x0000000003ad0290 code [0x0000000003ad0420, 0x0000000003ad07f8]
Event: 492.361 Thread 0x0000000018923000 16922       4       com.android.apksig.internal.jar.ManifestParser::parseAttr (48 bytes)
Event: 492.372 Thread 0x0000000018923000 nmethod 16922 0x00000000036c3210 code [0x00000000036c33a0, 0x00000000036c3dd8]

GC Heap History (10 events):
Event: 22.402 GC heap before
{Heap before GC invocations=15 (full 3):
 PSYoungGen      total 214016K, used 199462K [0x00000000e0000000, 0x00000000f0600000, 0x0000000100000000)
  eden space 187904K, 100% used [0x00000000e0000000,0x00000000eb780000,0x00000000eb780000)
  from space 26112K, 44% used [0x00000000eb780000,0x00000000ec2c9938,0x00000000ed100000)
  to   space 24576K, 0% used [0x00000000eee00000,0x00000000eee00000,0x00000000f0600000)
 ParOldGen       total 161792K, used 48771K [0x00000000a0000000, 0x00000000a9e00000, 0x00000000e0000000)
  object space 161792K, 30% used [0x00000000a0000000,0x00000000a2fa0c00,0x00000000a9e00000)
 Metaspace       used 72614K, capacity 76192K, committed 76504K, reserved 1116160K
  class space    used 9675K, capacity 10377K, committed 10496K, reserved 1048576K
Event: 22.436 GC heap after
Heap after GC invocations=15 (full 3):
 PSYoungGen      total 230400K, used 24569K [0x00000000e0000000, 0x00000000f2700000, 0x0000000100000000)
  eden space 205824K, 0% used [0x00000000e0000000,0x00000000e0000000,0x00000000ec900000)
  from space 24576K, 99% used [0x00000000eee00000,0x00000000f05fe610,0x00000000f0600000)
  to   space 37888K, 0% used [0x00000000ec900000,0x00000000ec900000,0x00000000eee00000)
 ParOldGen       total 161792K, used 75738K [0x00000000a0000000, 0x00000000a9e00000, 0x00000000e0000000)
  object space 161792K, 46% used [0x00000000a0000000,0x00000000a49f6b60,0x00000000a9e00000)
 Metaspace       used 72614K, capacity 76192K, committed 76504K, reserved 1116160K
  class space    used 9675K, capacity 10377K, committed 10496K, reserved 1048576K
}
Event: 23.363 GC heap before
{Heap before GC invocations=16 (full 3):
 PSYoungGen      total 230400K, used 229412K [0x00000000e0000000, 0x00000000f2700000, 0x0000000100000000)
  eden space 205824K, 99% used [0x00000000e0000000,0x00000000ec80ab20,0x00000000ec900000)
  from space 24576K, 99% used [0x00000000eee00000,0x00000000f05fe610,0x00000000f0600000)
  to   space 37888K, 0% used [0x00000000ec900000,0x00000000ec900000,0x00000000eee00000)
 ParOldGen       total 161792K, used 75738K [0x00000000a0000000, 0x00000000a9e00000, 0x00000000e0000000)
  object space 161792K, 46% used [0x00000000a0000000,0x00000000a49f6b60,0x00000000a9e00000)
 Metaspace       used 74597K, capacity 78336K, committed 78552K, reserved 1118208K
  class space    used 9911K, capacity 10639K, committed 10752K, reserved 1048576K
Event: 23.384 GC heap after
Heap after GC invocations=16 (full 3):
 PSYoungGen      total 243712K, used 14005K [0x00000000e0000000, 0x00000000f3f00000, 0x0000000100000000)
  eden space 205824K, 0% used [0x00000000e0000000,0x00000000e0000000,0x00000000ec900000)
  from space 37888K, 36% used [0x00000000ec900000,0x00000000ed6ad6e8,0x00000000eee00000)
  to   space 36352K, 0% used [0x00000000f1b80000,0x00000000f1b80000,0x00000000f3f00000)
 ParOldGen       total 161792K, used 92011K [0x00000000a0000000, 0x00000000a9e00000, 0x00000000e0000000)
  object space 161792K, 56% used [0x00000000a0000000,0x00000000a59dad58,0x00000000a9e00000)
 Metaspace       used 74597K, capacity 78336K, committed 78552K, reserved 1118208K
  class space    used 9911K, capacity 10639K, committed 10752K, reserved 1048576K
}
Event: 161.764 GC heap before
{Heap before GC invocations=17 (full 3):
 PSYoungGen      total 243712K, used 219829K [0x00000000e0000000, 0x00000000f3f00000, 0x0000000100000000)
  eden space 205824K, 100% used [0x00000000e0000000,0x00000000ec900000,0x00000000ec900000)
  from space 37888K, 36% used [0x00000000ec900000,0x00000000ed6ad6e8,0x00000000eee00000)
  to   space 36352K, 0% used [0x00000000f1b80000,0x00000000f1b80000,0x00000000f3f00000)
 ParOldGen       total 161792K, used 92011K [0x00000000a0000000, 0x00000000a9e00000, 0x00000000e0000000)
  object space 161792K, 56% used [0x00000000a0000000,0x00000000a59dad58,0x00000000a9e00000)
 Metaspace       used 77743K, capacity 81560K, committed 81624K, reserved 1120256K
  class space    used 10235K, capacity 10967K, committed 11008K, reserved 1048576K
Event: 161.771 GC heap after
Heap after GC invocations=17 (full 3):
 PSYoungGen      total 273920K, used 5202K [0x00000000e0000000, 0x00000000f3680000, 0x0000000100000000)
  eden space 246272K, 0% used [0x00000000e0000000,0x00000000e0000000,0x00000000ef080000)
  from space 27648K, 18% used [0x00000000f1b80000,0x00000000f2094b40,0x00000000f3680000)
  to   space 35840K, 0% used [0x00000000ef080000,0x00000000ef080000,0x00000000f1380000)
 ParOldGen       total 161792K, used 92019K [0x00000000a0000000, 0x00000000a9e00000, 0x00000000e0000000)
  object space 161792K, 56% used [0x00000000a0000000,0x00000000a59dcd58,0x00000000a9e00000)
 Metaspace       used 77743K, capacity 81560K, committed 81624K, reserved 1120256K
  class space    used 10235K, capacity 10967K, committed 11008K, reserved 1048576K
}
Event: 332.496 GC heap before
{Heap before GC invocations=18 (full 3):
 PSYoungGen      total 273920K, used 251474K [0x00000000e0000000, 0x00000000f3680000, 0x0000000100000000)
  eden space 246272K, 100% used [0x00000000e0000000,0x00000000ef080000,0x00000000ef080000)
  from space 27648K, 18% used [0x00000000f1b80000,0x00000000f2094b40,0x00000000f3680000)
  to   space 35840K, 0% used [0x00000000ef080000,0x00000000ef080000,0x00000000f1380000)
 ParOldGen       total 161792K, used 92019K [0x00000000a0000000, 0x00000000a9e00000, 0x00000000e0000000)
  object space 161792K, 56% used [0x00000000a0000000,0x00000000a59dcd58,0x00000000a9e00000)
 Metaspace       used 78766K, capacity 82874K, committed 83032K, reserved 1122304K
  class space    used 10283K, capacity 11126K, committed 11136K, reserved 1048576K
Event: 332.504 GC heap after
Heap after GC invocations=18 (full 3):
 PSYoungGen      total 282112K, used 7828K [0x00000000e0000000, 0x00000000f5b00000, 0x0000000100000000)
  eden space 246272K, 0% used [0x00000000e0000000,0x00000000e0000000,0x00000000ef080000)
  from space 35840K, 21% used [0x00000000ef080000,0x00000000ef825338,0x00000000f1380000)
  to   space 34816K, 0% used [0x00000000f3900000,0x00000000f3900000,0x00000000f5b00000)
 ParOldGen       total 161792K, used 92027K [0x00000000a0000000, 0x00000000a9e00000, 0x00000000e0000000)
  object space 161792K, 56% used [0x00000000a0000000,0x00000000a59ded58,0x00000000a9e00000)
 Metaspace       used 78766K, capacity 82874K, committed 83032K, reserved 1122304K
  class space    used 10283K, capacity 11126K, committed 11136K, reserved 1048576K
}
Event: 335.900 GC heap before
{Heap before GC invocations=19 (full 3):
 PSYoungGen      total 282112K, used 254100K [0x00000000e0000000, 0x00000000f5b00000, 0x0000000100000000)
  eden space 246272K, 100% used [0x00000000e0000000,0x00000000ef080000,0x00000000ef080000)
  from space 35840K, 21% used [0x00000000ef080000,0x00000000ef825338,0x00000000f1380000)
  to   space 34816K, 0% used [0x00000000f3900000,0x00000000f3900000,0x00000000f5b00000)
 ParOldGen       total 161792K, used 92027K [0x00000000a0000000, 0x00000000a9e00000, 0x00000000e0000000)
  object space 161792K, 56% used [0x00000000a0000000,0x00000000a59ded58,0x00000000a9e00000)
 Metaspace       used 79150K, capacity 83458K, committed 83672K, reserved 1122304K
  class space    used 10295K, capacity 11146K, committed 11264K, reserved 1048576K
Event: 335.943 GC heap after
Heap after GC invocations=19 (full 3):
 PSYoungGen      total 310784K, used 34813K [0x00000000e0000000, 0x00000000f7280000, 0x0000000100000000)
  eden space 275968K, 0% used [0x00000000e0000000,0x00000000e0000000,0x00000000f0d80000)
  from space 34816K, 99% used [0x00000000f3900000,0x00000000f5aff548,0x00000000f5b00000)
  to   space 44544K, 0% used [0x00000000f0d80000,0x00000000f0d80000,0x00000000f3900000)
 ParOldGen       total 161792K, used 102324K [0x00000000a0000000, 0x00000000a9e00000, 0x00000000e0000000)
  object space 161792K, 63% used [0x00000000a0000000,0x00000000a63ed208,0x00000000a9e00000)
 Metaspace       used 79150K, capacity 83458K, committed 83672K, reserved 1122304K
  class space    used 10295K, capacity 11146K, committed 11264K, reserved 1048576K
}

Deoptimization events (10 events):
Event: 486.710 Thread 0x000000001abac800 Uncommon trap: reason=class_check action=maybe_recompile pc=0x000000000437a5c4 method=org.gradle.internal.logging.sink.OutputEventRenderer$4.onOutput(Lorg/gradle/internal/logging/events/OutputEvent;)V @ 11
Event: 486.710 Thread 0x000000001abac800 Uncommon trap: reason=class_check action=maybe_recompile pc=0x000000000437a5c4 method=org.gradle.internal.logging.sink.OutputEventRenderer$4.onOutput(Lorg/gradle/internal/logging/events/OutputEvent;)V @ 11
Event: 486.765 Thread 0x000000001adef000 Uncommon trap: reason=class_check action=maybe_recompile pc=0x0000000004fbeba8 method=com.google.common.cache.LocalCache$Segment.storeLoadedValue(Ljava/lang/Object;ILcom/google/common/cache/LocalCache$LoadingValueReference;Ljava/lang/Object;)Z @ 286
Event: 486.888 Thread 0x000000001adf9800 Uncommon trap: reason=class_check action=maybe_recompile pc=0x00000000055a4fbc method=java.util.Spliterators$ArraySpliterator.tryAdvance(Ljava/util/function/Consumer;)Z @ 49
Event: 486.888 Thread 0x000000001adf9800 Uncommon trap: reason=class_check action=maybe_recompile pc=0x00000000055a4fbc method=java.util.Spliterators$ArraySpliterator.tryAdvance(Ljava/util/function/Consumer;)Z @ 49
Event: 487.800 Thread 0x000000001adf9800 Uncommon trap: reason=class_check action=maybe_recompile pc=0x000000000312e098 method=com.android.ide.common.symbols.Symbol$Companion.createSymbol(Lcom/android/resources/ResourceAccessibility;Lcom/android/resources/ResourceType;Ljava/lang/String;Lcom/andr
Event: 487.800 Thread 0x000000001adf9800 Uncommon trap: reason=class_check action=maybe_recompile pc=0x000000000312e098 method=com.android.ide.common.symbols.Symbol$Companion.createSymbol(Lcom/android/resources/ResourceAccessibility;Lcom/android/resources/ResourceType;Ljava/lang/String;Lcom/andr
Event: 487.800 Thread 0x000000001adf9800 Uncommon trap: reason=class_check action=maybe_recompile pc=0x000000000312e098 method=com.android.ide.common.symbols.Symbol$Companion.createSymbol(Lcom/android/resources/ResourceAccessibility;Lcom/android/resources/ResourceType;Ljava/lang/String;Lcom/andr
Event: 487.800 Thread 0x000000001adf9800 Uncommon trap: reason=class_check action=maybe_recompile pc=0x000000000312e098 method=com.android.ide.common.symbols.Symbol$Companion.createSymbol(Lcom/android/resources/ResourceAccessibility;Lcom/android/resources/ResourceType;Ljava/lang/String;Lcom/andr
Event: 487.800 Thread 0x000000001adf9800 Uncommon trap: reason=class_check action=maybe_recompile pc=0x0000000005367bd4 method=com.android.ide.common.symbols.Symbol$Companion.createSymbol(Lcom/android/resources/ResourceAccessibility;Lcom/android/resources/ResourceType;Ljava/lang/String;Lcom/andr

Classes redefined (0 events):
No events

Internal exceptions (10 events):
Event: 481.152 Thread 0x000000001efd5800 Exception <a 'sun/nio/fs/WindowsException'> (0x00000000e81c7170) thrown at [D:\src\AOSP-openjdk-cygwin\jdk8u\hotspot\src\share\vm\prims\jni.cpp, line 709]
Event: 481.152 Thread 0x000000001efd5800 Exception <a 'sun/nio/fs/WindowsException'> (0x00000000e81c7d30) thrown at [D:\src\AOSP-openjdk-cygwin\jdk8u\hotspot\src\share\vm\prims\jni.cpp, line 709]
Event: 481.152 Thread 0x000000001efd5800 Exception <a 'sun/nio/fs/WindowsException'> (0x00000000e81ca728) thrown at [D:\src\AOSP-openjdk-cygwin\jdk8u\hotspot\src\share\vm\prims\jni.cpp, line 709]
Event: 481.152 Thread 0x000000001efd5800 Exception <a 'sun/nio/fs/WindowsException'> (0x00000000e81cb320) thrown at [D:\src\AOSP-openjdk-cygwin\jdk8u\hotspot\src\share\vm\prims\jni.cpp, line 709]
Event: 481.153 Thread 0x000000001efd5800 Exception <a 'sun/nio/fs/WindowsException'> (0x00000000e81ccf60) thrown at [D:\src\AOSP-openjdk-cygwin\jdk8u\hotspot\src\share\vm\prims\jni.cpp, line 709]
Event: 481.153 Thread 0x000000001efd5800 Exception <a 'sun/nio/fs/WindowsException'> (0x00000000e81cdb90) thrown at [D:\src\AOSP-openjdk-cygwin\jdk8u\hotspot\src\share\vm\prims\jni.cpp, line 709]
Event: 481.153 Thread 0x000000001efd5800 Exception <a 'sun/nio/fs/WindowsException'> (0x00000000e81d0750) thrown at [D:\src\AOSP-openjdk-cygwin\jdk8u\hotspot\src\share\vm\prims\jni.cpp, line 709]
Event: 481.153 Thread 0x000000001efd5800 Exception <a 'sun/nio/fs/WindowsException'> (0x00000000e81d13c0) thrown at [D:\src\AOSP-openjdk-cygwin\jdk8u\hotspot\src\share\vm\prims\jni.cpp, line 709]
Event: 481.153 Thread 0x000000001efd5800 Exception <a 'sun/nio/fs/WindowsException'> (0x00000000e81d3078) thrown at [D:\src\AOSP-openjdk-cygwin\jdk8u\hotspot\src\share\vm\prims\jni.cpp, line 709]
Event: 481.153 Thread 0x000000001efd5800 Exception <a 'sun/nio/fs/WindowsException'> (0x00000000e81d3d20) thrown at [D:\src\AOSP-openjdk-cygwin\jdk8u\hotspot\src\share\vm\prims\jni.cpp, line 709]

Events (10 events):
Event: 492.316 Thread 0x0000000018924000 flushing nmethod 0x00000000035cbf50
Event: 492.317 Thread 0x0000000018924000 flushing nmethod 0x00000000036c3050
Event: 492.317 Thread 0x0000000018924000 flushing nmethod 0x0000000003774790
Event: 492.318 Thread 0x0000000018924000 flushing nmethod 0x00000000038affd0
Event: 492.318 Thread 0x0000000018924000 flushing nmethod 0x000000000392b710
Event: 492.319 Thread 0x0000000018924000 flushing nmethod 0x00000000039f4f50
Event: 492.319 Thread 0x0000000018924000 flushing nmethod 0x0000000003a08fd0
Event: 492.319 Thread 0x0000000018924000 flushing nmethod 0x0000000003ad0290
Event: 492.320 Thread 0x0000000018924000 flushing nmethod 0x0000000003bc52d0
Event: 492.320 Thread 0x0000000018924000 flushing nmethod 0x0000000003be7190


Dynamic libraries:
0x00007ff7910e0000 - 0x00007ff791111000 	C:\Program Files\Android\Android Studio\jre\bin\java.exe
0x00007ff8c5610000 - 0x00007ff8c57f1000 	C:\WINDOWS\SYSTEM32\ntdll.dll
0x00007ff8c4790000 - 0x00007ff8c4842000 	C:\WINDOWS\System32\KERNEL32.DLL
0x00007ff8c2680000 - 0x00007ff8c28f3000 	C:\WINDOWS\System32\KERNELBASE.dll
0x00007ff8c4850000 - 0x00007ff8c48f1000 	C:\WINDOWS\System32\ADVAPI32.dll
0x00007ff8c2aa0000 - 0x00007ff8c2b3e000 	C:\WINDOWS\System32\msvcrt.dll
0x00007ff8c4d10000 - 0x00007ff8c4d6b000 	C:\WINDOWS\System32\sechost.dll
0x00007ff8c54b0000 - 0x00007ff8c55d4000 	C:\WINDOWS\System32\RPCRT4.dll
0x00007ff8c4430000 - 0x00007ff8c45c0000 	C:\WINDOWS\System32\USER32.dll
0x00007ff8c2a00000 - 0x00007ff8c2a20000 	C:\WINDOWS\System32\win32u.dll
0x00007ff8c5030000 - 0x00007ff8c5058000 	C:\WINDOWS\System32\GDI32.dll
0x00007ff8c23e0000 - 0x00007ff8c2572000 	C:\WINDOWS\System32\gdi32full.dll
0x00007ff8c2580000 - 0x00007ff8c261f000 	C:\WINDOWS\System32\msvcp_win.dll
0x00007ff8c2900000 - 0x00007ff8c29fa000 	C:\WINDOWS\System32\ucrtbase.dll
0x00007ff8b9ab0000 - 0x00007ff8b9d19000 	C:\WINDOWS\WinSxS\amd64_microsoft.windows.common-controls_6595b64144ccf1df_6.0.17134.165_none_fb429645306569ac\COMCTL32.dll
0x00007ff8c2cc0000 - 0x00007ff8c2fe3000 	C:\WINDOWS\System32\combase.dll
0x00007ff8c2a20000 - 0x00007ff8c2a9a000 	C:\WINDOWS\System32\bcryptPrimitives.dll
0x00007ff8c5000000 - 0x00007ff8c502d000 	C:\WINDOWS\System32\IMM32.DLL
0x000000005f460000 - 0x000000005f532000 	C:\Program Files\Android\Android Studio\jre\jre\bin\msvcr100.dll
0x000000005f620000 - 0x000000005fe5f000 	C:\Program Files\Android\Android Studio\jre\jre\bin\server\jvm.dll
0x00007ff8c4ba0000 - 0x00007ff8c4ba8000 	C:\WINDOWS\System32\PSAPI.DLL
0x00007ff8bfac0000 - 0x00007ff8bfae3000 	C:\WINDOWS\SYSTEM32\WINMM.dll
0x00007ff8c0050000 - 0x00007ff8c0059000 	C:\WINDOWS\SYSTEM32\WSOCK32.dll
0x00007ff8bd730000 - 0x00007ff8bd73a000 	C:\WINDOWS\SYSTEM32\VERSION.dll
0x00007ff8c4900000 - 0x00007ff8c496c000 	C:\WINDOWS\System32\WS2_32.dll
0x00007ff8bf670000 - 0x00007ff8bf69a000 	C:\WINDOWS\SYSTEM32\winmmbase.dll
0x00007ff8c21a0000 - 0x00007ff8c21e9000 	C:\WINDOWS\System32\cfgmgr32.dll
0x00007ff8b72f0000 - 0x00007ff8b72ff000 	C:\Program Files\Android\Android Studio\jre\jre\bin\verify.dll
0x00007ff8b5530000 - 0x00007ff8b5559000 	C:\Program Files\Android\Android Studio\jre\jre\bin\java.dll
0x00007ff8b54d0000 - 0x00007ff8b54e6000 	C:\Program Files\Android\Android Studio\jre\jre\bin\zip.dll
0x00007ff8c2ff0000 - 0x00007ff8c4430000 	C:\WINDOWS\System32\SHELL32.dll
0x00007ff8c4af0000 - 0x00007ff8c4b99000 	C:\WINDOWS\System32\shcore.dll
0x00007ff8c1a90000 - 0x00007ff8c219d000 	C:\WINDOWS\System32\windows.storage.dll
0x00007ff8c4660000 - 0x00007ff8c46b1000 	C:\WINDOWS\System32\shlwapi.dll
0x00007ff8c19a0000 - 0x00007ff8c19b1000 	C:\WINDOWS\System32\kernel.appcore.dll
0x00007ff8c1930000 - 0x00007ff8c194f000 	C:\WINDOWS\System32\profapi.dll
0x00007ff8c1950000 - 0x00007ff8c199c000 	C:\WINDOWS\System32\powrprof.dll
0x00007ff8c1920000 - 0x00007ff8c192a000 	C:\WINDOWS\System32\FLTLIB.DLL
0x00007ff8ae9b0000 - 0x00007ff8ae9ca000 	C:\Program Files\Android\Android Studio\jre\jre\bin\net.dll
0x00007ff8c1140000 - 0x00007ff8c11a6000 	C:\WINDOWS\system32\mswsock.dll
0x00007ff8abc00000 - 0x00007ff8abc11000 	C:\Program Files\Android\Android Studio\jre\jre\bin\nio.dll
0x00007ff8b4670000 - 0x00007ff8b468e000 	C:\Users\Jean-PC\.gradle\native\25\windows-amd64\native-platform.dll
0x00007ff8bf980000 - 0x00007ff8bf98d000 	C:\Program Files\Android\Android Studio\jre\jre\bin\management.dll
0x00007ff8c12f0000 - 0x00007ff8c1307000 	C:\WINDOWS\SYSTEM32\CRYPTSP.dll
0x00007ff8c0d20000 - 0x00007ff8c0d53000 	C:\WINDOWS\system32\rsaenh.dll
0x00007ff8c1420000 - 0x00007ff8c1445000 	C:\WINDOWS\SYSTEM32\bcrypt.dll
0x00007ff8c1820000 - 0x00007ff8c1848000 	C:\WINDOWS\SYSTEM32\USERENV.dll
0x00007ff8c1310000 - 0x00007ff8c131b000 	C:\WINDOWS\SYSTEM32\CRYPTBASE.dll
0x00007ff8c0ec0000 - 0x00007ff8c0ef8000 	C:\WINDOWS\SYSTEM32\IPHLPAPI.DLL
0x00007ff8c4bb0000 - 0x00007ff8c4bb8000 	C:\WINDOWS\System32\NSI.dll
0x00007ff8bcb60000 - 0x00007ff8bcb76000 	C:\WINDOWS\SYSTEM32\dhcpcsvc6.DLL
0x00007ff8bd240000 - 0x00007ff8bd25a000 	C:\WINDOWS\SYSTEM32\dhcpcsvc.DLL
0x00007ff87a9a0000 - 0x00007ff87ab36000 	C:\Program Files\Android\Android Studio\jre\jre\bin\awt.dll
0x00007ff8c46c0000 - 0x00007ff8c4782000 	C:\WINDOWS\System32\OLEAUT32.dll
0x00007ff8aec80000 - 0x00007ff8af247000 	C:\WINDOWS\SYSTEM32\d2d1.dll
0x00007ff8bfd70000 - 0x00007ff8bfdfb000 	C:\WINDOWS\SYSTEM32\apphelp.dll
0x00007ff8c02f0000 - 0x00007ff8c0319000 	C:\WINDOWS\system32\DWMAPI.DLL
0x00007ff8bf800000 - 0x00007ff8bf898000 	C:\WINDOWS\system32\uxtheme.dll

VM Arguments:
jvm_args: -Xmx1536m -Dfile.encoding=windows-1252 -Duser.country=BR -Duser.language=pt -Duser.variant 
java_command: org.gradle.launcher.daemon.bootstrap.GradleDaemon 4.4
java_class_path (initial): C:\Users\Jean-PC\.gradle\wrapper\dists\gradle-4.4-all\9br9xq1tocpiv8o6njlyu5op1\gradle-4.4\lib\gradle-launcher-4.4.jar
Launcher Type: SUN_STANDARD

Environment Variables:
PATH=C:\Program Files (x86)\Common Files\Oracle\Java\javapath;C:\ProgramData\Oracle\Java\javapath;C:\WINDOWS\system32;C:\WINDOWS;C:\WINDOWS\System32\Wbem;C:\WINDOWS\System32\WindowsPowerShell\v1.0\;C:\Program Files (x86)\GtkSharp\2.12\bin;C:\Program Files (x86)\NVIDIA Corporation\PhysX\Common;C:\WINDOWS\system32;C:\WINDOWS;C:\WINDOWS\System32\Wbem;C:\WINDOWS\System32\WindowsPowerShell\v1.0\;C:\WINDOWS\System32\OpenSSH\;C:\Users\Jean-PC\AppData\Roaming\Dashlane\4.6.6.23032\bin\Firefox_Extension\{442718d9-475e-452a-b3e1-fb1ee16b8e9f}\components;C:\Users\Jean-PC\AppData\Local\Microsoft\WindowsApps;%DASHLANE_DLL_DIR%;
USERNAME=Jean-PC
OS=Windows_NT
PROCESSOR_IDENTIFIER=Intel64 Family 6 Model 58 Stepping 9, GenuineIntel



---------------  S Y S T E M  ---------------

OS: Windows 10.0 , 64 bit Build 17134 (10.0.17134.1)

CPU:total 8 (initial active 8) (4 cores per cpu, 2 threads per core) family 6 model 58 stepping 9, cmov, cx8, fxsr, mmx, sse, sse2, sse3, ssse3, sse4.1, sse4.2, popcnt, avx, aes, clmul, erms, ht, tsc, tscinvbit, tscinv

Memory: 4k page, physical 8353684k(1030708k free), swap 8353684k(4548k free)

vm_info: OpenJDK 64-Bit Server VM (25.152-b02) for windows-amd64 JRE (1.8.0_152-release-1024-b02), built by "builder" with MS VC++ 10.0 (VS2010)

time: Sun Jul 29 06:58:12 2018
elapsed time: 492 seconds (0d 0h 8m 12s)

