#
# There is insufficient memory for the Java Runtime Environment to continue.
# Native memory allocation (malloc) failed to allocate 702176 bytes for Chunk::new
# Possible reasons:
#   The system is out of physical RAM or swap space
#   In 32 bit mode, the process size limit was hit
# Possible solutions:
#   Reduce memory load on the system
#   Increase physical memory or swap space
#   Check if swap backing store is full
#   Use 64 bit Java on a 64 bit OS
#   Decrease Java heap size (-Xmx/-Xms)
#   Decrease number of Java threads
#   Decrease Java thread stack sizes (-Xss)
#   Set larger code cache with -XX:ReservedCodeCacheSize=
# This output file may be truncated or incomplete.
#
#  Out of Memory Error (allocation.cpp:390), pid=7952, tid=0x0000000000003398
#
# JRE version: OpenJDK Runtime Environment (8.0_152-b02) (build 1.8.0_152-release-1024-b02)
# Java VM: OpenJDK 64-Bit Server VM (25.152-b02 mixed mode windows-amd64 compressed oops)
# Failed to write core dump. Minidumps are not enabled by default on client versions of Windows
#

---------------  T H R E A D  ---------------

Current thread (0x00000000188fa000):  JavaThread "C2 CompilerThread0" daemon [_thread_in_native, id=13208, stack(0x00000000190e0000,0x00000000191e0000)]

Stack: [0x00000000190e0000,0x00000000191e0000]
[error occurred during error reporting (printing stack bounds), id 0xc0000005]

Native frames: (J=compiled Java code, j=interpreted, Vv=VM code, C=native code)


Current CompileTask:
C2: 122955 12359       4       com.android.tools.r8.dex.DexFileReader::parseDebugInfo (613 bytes)


---------------  P R O C E S S  ---------------

Java Threads: ( => current thread )
  0x0000000019f3b000 JavaThread "ForkJoinPool-1-worker-0" daemon [_thread_in_Java, id=14172, stack(0x000000002dc80000,0x000000002dd80000)]
  0x0000000019f42000 JavaThread "ForkJoinPool-1-worker-3" daemon [_thread_blocked, id=5768, stack(0x000000002db80000,0x000000002dc80000)]
  0x0000000019f40800 JavaThread "ForkJoinPool-1-worker-2" daemon [_thread_blocked, id=14896, stack(0x000000002da80000,0x000000002db80000)]
  0x0000000019f41000 JavaThread "ForkJoinPool-1-worker-1" daemon [_thread_blocked, id=14332, stack(0x000000002d980000,0x000000002da80000)]
  0x000000001aa37000 JavaThread "ForkJoinPool.commonPool-worker-6" daemon [_thread_blocked, id=6824, stack(0x000000002ce80000,0x000000002cf80000)]
  0x000000001aa35800 JavaThread "ForkJoinPool.commonPool-worker-5" daemon [_thread_blocked, id=14792, stack(0x000000002cd80000,0x000000002ce80000)]
  0x000000001aa31000 JavaThread "ForkJoinPool.commonPool-worker-4" daemon [_thread_blocked, id=860, stack(0x000000002cc80000,0x000000002cd80000)]
  0x000000001aa35000 JavaThread "ForkJoinPool.commonPool-worker-3" daemon [_thread_blocked, id=1436, stack(0x000000002cb80000,0x000000002cc80000)]
  0x000000001aa32000 JavaThread "ForkJoinPool.commonPool-worker-2" daemon [_thread_blocked, id=5444, stack(0x000000002ca80000,0x000000002cb80000)]
  0x000000001aa33800 JavaThread "Cache worker for Java compile cache (C:\Users\Jean-PC\AndroidStudioProjects\MyApplication\.gradle\4.4\javaCompile)" [_thread_blocked, id=9276, stack(0x000000002c980000,0x000000002ca80000)]
  0x0000000021c7b000 JavaThread "Task worker for ':' Thread 7" [_thread_blocked, id=14584, stack(0x0000000029680000,0x0000000029780000)]
  0x0000000021c79800 JavaThread "Task worker for ':' Thread 6" [_thread_blocked, id=14960, stack(0x0000000029580000,0x0000000029680000)]
  0x0000000021c7a800 JavaThread "Task worker for ':' Thread 5" [_thread_blocked, id=3240, stack(0x0000000029480000,0x0000000029580000)]
  0x0000000021c77800 JavaThread "Task worker for ':' Thread 4" [_thread_blocked, id=9568, stack(0x0000000029380000,0x0000000029480000)]
  0x0000000021c7c800 JavaThread "Task worker for ':' Thread 3" [_thread_blocked, id=6108, stack(0x0000000029280000,0x0000000029380000)]
  0x0000000021730800 JavaThread "Task worker for ':' Thread 2" [_thread_blocked, id=14968, stack(0x0000000029180000,0x0000000029280000)]
  0x000000002172f000 JavaThread "Task worker for ':'" [_thread_blocked, id=8540, stack(0x0000000029080000,0x0000000029180000)]
  0x000000002172e800 JavaThread "Cache worker for Build Output Cleanup Cache (C:\Users\Jean-PC\AndroidStudioProjects\MyApplication\.gradle\buildOutputCleanup)" [_thread_blocked, id=13416, stack(0x0000000028f80000,0x0000000029080000)]
  0x000000002172d800 JavaThread "Cache worker for task history cache (C:\Users\Jean-PC\AndroidStudioProjects\MyApplication\.gradle\4.4\taskHistory)" [_thread_blocked, id=1696, stack(0x0000000028e80000,0x0000000028f80000)]
  0x0000000021724800 JavaThread "Cache worker for file content cache (C:\Users\Jean-PC\AndroidStudioProjects\MyApplication\.gradle\4.4\fileContent)" [_thread_blocked, id=3848, stack(0x0000000028d80000,0x0000000028e80000)]
  0x000000002172b800 JavaThread "build operations Thread 8" [_thread_blocked, id=13676, stack(0x0000000028c80000,0x0000000028d80000)]
  0x0000000021730000 JavaThread "build operations Thread 7" [_thread_blocked, id=11800, stack(0x0000000028b80000,0x0000000028c80000)]
  0x000000002172d000 JavaThread "build operations Thread 6" [_thread_blocked, id=6348, stack(0x0000000028a80000,0x0000000028b80000)]
  0x000000002172c000 JavaThread "build operations Thread 5" [_thread_blocked, id=8364, stack(0x0000000028980000,0x0000000028a80000)]
  0x000000002172a800 JavaThread "build operations Thread 4" [_thread_blocked, id=13792, stack(0x0000000028880000,0x0000000028980000)]
  0x0000000021731800 JavaThread "build operations Thread 3" [_thread_blocked, id=6400, stack(0x0000000028780000,0x0000000028880000)]
  0x0000000021723000 JavaThread "build operations Thread 2" [_thread_blocked, id=14068, stack(0x0000000028680000,0x0000000028780000)]
  0x000000002172a000 JavaThread "build operations" [_thread_blocked, id=15064, stack(0x0000000028580000,0x0000000028680000)]
  0x0000000021725800 JavaThread "Cache worker for Artifact transforms cache (C:\Users\Jean-PC\.gradle\caches\transforms-1)" [_thread_blocked, id=2388, stack(0x0000000028480000,0x0000000028580000)]
  0x0000000021724000 JavaThread "Cache worker for file hash cache (C:\Users\Jean-PC\AndroidStudioProjects\MyApplication\.gradle\4.4\fileHashes)" [_thread_blocked, id=11240, stack(0x0000000028380000,0x0000000028480000)]
  0x0000000021726000 JavaThread "Stdin handler" [_thread_blocked, id=5512, stack(0x0000000028280000,0x0000000028380000)]
  0x0000000021729000 JavaThread "Asynchronous log dispatcher for DefaultDaemonConnection: socket connection from /127.0.0.1:64783 to /127.0.0.1:65067" [_thread_blocked, id=15336, stack(0x0000000028180000,0x0000000028280000)]
  0x0000000021727000 JavaThread "Daemon worker Thread 2" [_thread_blocked, id=14144, stack(0x0000000028080000,0x0000000028180000)]
  0x0000000021722800 JavaThread "Cancel handler" [_thread_blocked, id=11420, stack(0x0000000027f80000,0x0000000028080000)]
  0x0000000021728800 JavaThread "Handler for socket connection from /127.0.0.1:64783 to /127.0.0.1:65067" [_thread_in_native, id=9624, stack(0x0000000027e80000,0x0000000027f80000)]
  0x0000000021727800 JavaThread "Daemon Thread 2" [_thread_blocked, id=12608, stack(0x0000000027d80000,0x0000000027e80000)]
  0x000000001ccc6000 JavaThread "Memory manager" [_thread_blocked, id=12124, stack(0x00000000231f0000,0x00000000232f0000)]
  0x000000001aa0e800 JavaThread "File lock request listener" [_thread_in_native, id=12152, stack(0x000000001c340000,0x000000001c440000)]
  0x000000001abd3800 JavaThread "Cache worker for file hash cache (C:\Users\Jean-PC\.gradle\caches\4.4\fileHashes)" [_thread_blocked, id=9708, stack(0x000000001c240000,0x000000001c340000)]
  0x000000001a8f2000 JavaThread "Daemon periodic checks" [_thread_blocked, id=14120, stack(0x000000001b640000,0x000000001b740000)]
  0x000000001a70b000 JavaThread "Incoming local TCP Connector on port 64783" [_thread_in_native, id=15152, stack(0x000000001b3f0000,0x000000001b4f0000)]
  0x00000000189a3800 JavaThread "Service Thread" daemon [_thread_blocked, id=12284, stack(0x00000000194e0000,0x00000000195e0000)]
  0x0000000018912000 JavaThread "C1 CompilerThread3" daemon [_thread_blocked, id=13052, stack(0x00000000193e0000,0x00000000194e0000)]
  0x0000000018902800 JavaThread "C2 CompilerThread2" daemon [_thread_in_native, id=11672, stack(0x00000000192e0000,0x00000000193e0000)]
  0x00000000188ff800 JavaThread "C2 CompilerThread1" daemon [_thread_in_native, id=10556, stack(0x00000000191e0000,0x00000000192e0000)]
=>0x00000000188fa000 JavaThread "C2 CompilerThread0" daemon [_thread_in_native, id=13208, stack(0x00000000190e0000,0x00000000191e0000)]
  0x00000000188f8000 JavaThread "Attach Listener" daemon [_thread_blocked, id=10276, stack(0x0000000018fe0000,0x00000000190e0000)]
  0x0000000018906000 JavaThread "Signal Dispatcher" daemon [_thread_blocked, id=10468, stack(0x0000000018ee0000,0x0000000018fe0000)]
  0x00000000188f0800 JavaThread "Finalizer" daemon [_thread_blocked, id=4040, stack(0x0000000018cd0000,0x0000000018dd0000)]
  0x0000000016a0a800 JavaThread "Reference Handler" daemon [_thread_blocked, id=92, stack(0x00000000187d0000,0x00000000188d0000)]
  0x0000000002c4e000 JavaThread "main" [_thread_blocked, id=5724, stack(0x0000000002910000,0x0000000002a10000)]

Other Threads:
  0x0000000016a05800 VMThread [stack: 0x00000000186d0000,0x00000000187d0000] [id=13620]
  0x00000000189a4000 WatcherThread [stack: 0x00000000195e0000,0x00000000196e0000] [id=6692]

VM state:not at safepoint (normal execution)

VM Mutex/Monitor currently owned by a thread: None

Heap:
 PSYoungGen      total 228864K, used 120455K [0x00000000e0000000, 0x00000000f0680000, 0x0000000100000000)
  eden space 202752K, 46% used [0x00000000e0000000,0x00000000e5c29cf8,0x00000000ec600000)
  from space 26112K, 99% used [0x00000000ee500000,0x00000000efe78100,0x00000000efe80000)
  to   space 31744K, 0% used [0x00000000ec600000,0x00000000ec600000,0x00000000ee500000)
 ParOldGen       total 155136K, used 49031K [0x00000000a0000000, 0x00000000a9780000, 0x00000000e0000000)
  object space 155136K, 31% used [0x00000000a0000000,0x00000000a2fe1d98,0x00000000a9780000)
 Metaspace       used 73918K, capacity 78262K, committed 78424K, reserved 1118208K
  class space    used 9818K, capacity 10612K, committed 10624K, reserved 1048576K

Card table byte_map: [0x0000000012010000,0x0000000012320000] byte_map_base: 0x0000000011b10000

Marking Bits: (ParMarkBitMap*) 0x000000005fde4970
 Begin Bits: [0x0000000012d20000, 0x0000000014520000)
 End Bits:   [0x0000000014520000, 0x0000000015d20000)

Polling page: 0x0000000001240000

CodeCache: size=245760Kb used=34684Kb max_used=34684Kb free=211075Kb
 bounds [0x0000000002c50000, 0x0000000004e60000, 0x0000000011c50000]
 total_blobs=11253 nmethods=10436 adapters=727
 compilation: enabled

Compilation events (10 events):
Event: 122.903 Thread 0x0000000018912000 12409       1       com.android.tools.r8.graph.DexDebugEvent$AdvancePC::hashCode (10 bytes)
Event: 122.904 Thread 0x0000000018912000 nmethod 12409 0x00000000042bdf90 code [0x00000000042be0e0, 0x00000000042be1f0]
Event: 122.904 Thread 0x0000000018912000 12410       3       com.android.tools.r8.code.SubInt2Addr::<init> (7 bytes)
Event: 122.905 Thread 0x0000000018912000 nmethod 12410 0x0000000004e51950 code [0x0000000004e51ac0, 0x0000000004e51e10]
Event: 122.921 Thread 0x0000000018912000 12414       3       com.android.tools.r8.code.SubInt::<init> (7 bytes)
Event: 122.921 Thread 0x0000000018912000 nmethod 12414 0x0000000004e52050 code [0x0000000004e52200, 0x0000000004e526f8]
Event: 122.922 Thread 0x0000000018912000 12415 %     3       com.android.tools.r8.it.unimi.dsi.fastutil.ints.Int2ObjectOpenHashMap::rehash @ 45 (174 bytes)
Event: 122.922 Thread 0x0000000018912000 nmethod 12415% 0x0000000004e52ad0 code [0x0000000004e52d20, 0x0000000004e53a88]
Event: 122.923 Thread 0x0000000018912000 12416 %     3       com.android.tools.r8.it.unimi.dsi.fastutil.ints.Int2ObjectOpenHashMap::rehash @ 53 (174 bytes)
Event: 122.923 Thread 0x0000000018912000 nmethod 12416% 0x0000000004e543d0 code [0x0000000004e54620, 0x0000000004e55388]

GC Heap History (10 events):
Event: 6.429 GC heap before
{Heap before GC invocations=11 (full 2):
 PSYoungGen      total 163840K, used 163829K [0x00000000e0000000, 0x00000000ecd00000, 0x0000000100000000)
  eden space 151040K, 100% used [0x00000000e0000000,0x00000000e9380000,0x00000000e9380000)
  from space 12800K, 99% used [0x00000000ea200000,0x00000000eae7d420,0x00000000eae80000)
  to   space 14848K, 0% used [0x00000000e9380000,0x00000000e9380000,0x00000000ea200000)
 ParOldGen       total 101376K, used 20531K [0x00000000a0000000, 0x00000000a6300000, 0x00000000e0000000)
  object space 101376K, 20% used [0x00000000a0000000,0x00000000a140cfa8,0x00000000a6300000)
 Metaspace       used 53154K, capacity 54794K, committed 55000K, reserved 1097728K
  class space    used 7270K, capacity 7634K, committed 7680K, reserved 1048576K
Event: 6.448 GC heap after
Heap after GC invocations=11 (full 2):
 PSYoungGen      total 165888K, used 14828K [0x00000000e0000000, 0x00000000edb80000, 0x0000000100000000)
  eden space 151040K, 0% used [0x00000000e0000000,0x00000000e0000000,0x00000000e9380000)
  from space 14848K, 99% used [0x00000000e9380000,0x00000000ea1fb030,0x00000000ea200000)
  to   space 20480K, 0% used [0x00000000ec780000,0x00000000ec780000,0x00000000edb80000)
 ParOldGen       total 101376K, used 29261K [0x00000000a0000000, 0x00000000a6300000, 0x00000000e0000000)
  object space 101376K, 28% used [0x00000000a0000000,0x00000000a1c93570,0x00000000a6300000)
 Metaspace       used 53154K, capacity 54794K, committed 55000K, reserved 1097728K
  class space    used 7270K, capacity 7634K, committed 7680K, reserved 1048576K
}
Event: 9.439 GC heap before
{Heap before GC invocations=12 (full 2):
 PSYoungGen      total 165888K, used 79614K [0x00000000e0000000, 0x00000000edb80000, 0x0000000100000000)
  eden space 151040K, 42% used [0x00000000e0000000,0x00000000e3f44980,0x00000000e9380000)
  from space 14848K, 99% used [0x00000000e9380000,0x00000000ea1fb030,0x00000000ea200000)
  to   space 20480K, 0% used [0x00000000ec780000,0x00000000ec780000,0x00000000edb80000)
 ParOldGen       total 101376K, used 29261K [0x00000000a0000000, 0x00000000a6300000, 0x00000000e0000000)
  object space 101376K, 28% used [0x00000000a0000000,0x00000000a1c93570,0x00000000a6300000)
 Metaspace       used 57283K, capacity 58882K, committed 58968K, reserved 1099776K
  class space    used 7840K, capacity 8276K, committed 8320K, reserved 1048576K
Event: 9.452 GC heap after
Heap after GC invocations=12 (full 2):
 PSYoungGen      total 197120K, used 14490K [0x00000000e0000000, 0x00000000ed880000, 0x0000000100000000)
  eden space 179712K, 0% used [0x00000000e0000000,0x00000000e0000000,0x00000000eaf80000)
  from space 17408K, 83% used [0x00000000ec780000,0x00000000ed5a6818,0x00000000ed880000)
  to   space 20992K, 0% used [0x00000000eaf80000,0x00000000eaf80000,0x00000000ec400000)
 ParOldGen       total 101376K, used 35576K [0x00000000a0000000, 0x00000000a6300000, 0x00000000e0000000)
  object space 101376K, 35% used [0x00000000a0000000,0x00000000a22be0a0,0x00000000a6300000)
 Metaspace       used 57283K, capacity 58882K, committed 58968K, reserved 1099776K
  class space    used 7840K, capacity 8276K, committed 8320K, reserved 1048576K
}
Event: 9.452 GC heap before
{Heap before GC invocations=13 (full 3):
 PSYoungGen      total 197120K, used 14490K [0x00000000e0000000, 0x00000000ed880000, 0x0000000100000000)
  eden space 179712K, 0% used [0x00000000e0000000,0x00000000e0000000,0x00000000eaf80000)
  from space 17408K, 83% used [0x00000000ec780000,0x00000000ed5a6818,0x00000000ed880000)
  to   space 20992K, 0% used [0x00000000eaf80000,0x00000000eaf80000,0x00000000ec400000)
 ParOldGen       total 101376K, used 35576K [0x00000000a0000000, 0x00000000a6300000, 0x00000000e0000000)
  object space 101376K, 35% used [0x00000000a0000000,0x00000000a22be0a0,0x00000000a6300000)
 Metaspace       used 57283K, capacity 58882K, committed 58968K, reserved 1099776K
  class space    used 7840K, capacity 8276K, committed 8320K, reserved 1048576K
Event: 9.579 GC heap after
Heap after GC invocations=13 (full 3):
 PSYoungGen      total 197120K, used 0K [0x00000000e0000000, 0x00000000ed880000, 0x0000000100000000)
  eden space 179712K, 0% used [0x00000000e0000000,0x00000000e0000000,0x00000000eaf80000)
  from space 17408K, 0% used [0x00000000ec780000,0x00000000ec780000,0x00000000ed880000)
  to   space 20992K, 0% used [0x00000000eaf80000,0x00000000eaf80000,0x00000000ec400000)
 ParOldGen       total 155136K, used 38107K [0x00000000a0000000, 0x00000000a9780000, 0x00000000e0000000)
  object space 155136K, 24% used [0x00000000a0000000,0x00000000a2536df0,0x00000000a9780000)
 Metaspace       used 57283K, capacity 58882K, committed 58968K, reserved 1099776K
  class space    used 7840K, capacity 8276K, committed 8320K, reserved 1048576K
}
Event: 113.427 GC heap before
{Heap before GC invocations=14 (full 3):
 PSYoungGen      total 197120K, used 179628K [0x00000000e0000000, 0x00000000ed880000, 0x0000000100000000)
  eden space 179712K, 99% used [0x00000000e0000000,0x00000000eaf6b090,0x00000000eaf80000)
  from space 17408K, 0% used [0x00000000ec780000,0x00000000ec780000,0x00000000ed880000)
  to   space 20992K, 0% used [0x00000000eaf80000,0x00000000eaf80000,0x00000000ec400000)
 ParOldGen       total 155136K, used 38107K [0x00000000a0000000, 0x00000000a9780000, 0x00000000e0000000)
  object space 155136K, 24% used [0x00000000a0000000,0x00000000a2536df0,0x00000000a9780000)
 Metaspace       used 63865K, capacity 65702K, committed 65880K, reserved 1105920K
  class space    used 8346K, capacity 8758K, committed 8832K, reserved 1048576K
Event: 113.446 GC heap after
Heap after GC invocations=14 (full 3):
 PSYoungGen      total 200704K, used 20969K [0x00000000e0000000, 0x00000000efe80000, 0x0000000100000000)
  eden space 179712K, 0% used [0x00000000e0000000,0x00000000e0000000,0x00000000eaf80000)
  from space 20992K, 99% used [0x00000000eaf80000,0x00000000ec3fa520,0x00000000ec400000)
  to   space 26112K, 0% used [0x00000000ee500000,0x00000000ee500000,0x00000000efe80000)
 ParOldGen       total 155136K, used 43655K [0x00000000a0000000, 0x00000000a9780000, 0x00000000e0000000)
  object space 155136K, 28% used [0x00000000a0000000,0x00000000a2aa1f38,0x00000000a9780000)
 Metaspace       used 63865K, capacity 65702K, committed 65880K, reserved 1105920K
  class space    used 8346K, capacity 8758K, committed 8832K, reserved 1048576K
}
Event: 119.737 GC heap before
{Heap before GC invocations=15 (full 3):
 PSYoungGen      total 200704K, used 200681K [0x00000000e0000000, 0x00000000efe80000, 0x0000000100000000)
  eden space 179712K, 100% used [0x00000000e0000000,0x00000000eaf80000,0x00000000eaf80000)
  from space 20992K, 99% used [0x00000000eaf80000,0x00000000ec3fa520,0x00000000ec400000)
  to   space 26112K, 0% used [0x00000000ee500000,0x00000000ee500000,0x00000000efe80000)
 ParOldGen       total 155136K, used 43655K [0x00000000a0000000, 0x00000000a9780000, 0x00000000e0000000)
  object space 155136K, 28% used [0x00000000a0000000,0x00000000a2aa1f38,0x00000000a9780000)
 Metaspace       used 71131K, capacity 74014K, committed 74200K, reserved 1114112K
  class space    used 9351K, capacity 9960K, committed 9984K, reserved 1048576K
Event: 119.759 GC heap after
Heap after GC invocations=15 (full 3):
 PSYoungGen      total 228864K, used 26080K [0x00000000e0000000, 0x00000000f0680000, 0x0000000100000000)
  eden space 202752K, 0% used [0x00000000e0000000,0x00000000e0000000,0x00000000ec600000)
  from space 26112K, 99% used [0x00000000ee500000,0x00000000efe78100,0x00000000efe80000)
  to   space 31744K, 0% used [0x00000000ec600000,0x00000000ec600000,0x00000000ee500000)
 ParOldGen       total 155136K, used 49031K [0x00000000a0000000, 0x00000000a9780000, 0x00000000e0000000)
  object space 155136K, 31% used [0x00000000a0000000,0x00000000a2fe1d98,0x00000000a9780000)
 Metaspace       used 71131K, capacity 74014K, committed 74200K, reserved 1114112K
  class space    used 9351K, capacity 9960K, committed 9984K, reserved 1048576K
}

Deoptimization events (10 events):
Event: 120.221 Thread 0x0000000021730800 Uncommon trap: reason=predicate action=maybe_recompile pc=0x0000000004866a30 method=com.google.common.collect.RegularImmutableMap.checkNoConflictInKeyBucket(Ljava/lang/Object;Ljava/util/Map$Entry;Lcom/google/common/collect/ImmutableMapEntry;)V @ 4
Event: 122.692 Thread 0x000000001aa35000 Uncommon trap: reason=unstable_if action=reinterpret pc=0x0000000004dec9a4 method=com.android.tools.r8.utils.LebUtils.parseUleb128(Lcom/android/tools/r8/dex/BaseFile;)I @ 27
Event: 122.693 Thread 0x000000001aa35000 Uncommon trap: reason=unstable_if action=reinterpret pc=0x0000000004deaf08 method=com.android.tools.r8.graph.DexString.computeEquals(Ljava/lang/Object;)Z @ 34
Event: 122.775 Thread 0x0000000019f40800 Uncommon trap: reason=unstable_if action=reinterpret pc=0x0000000003935cb0 method=java.util.Arrays.hashCode([Ljava/lang/Object;)I @ 1
Event: 122.775 Thread 0x0000000019f41000 Uncommon trap: reason=unstable_if action=reinterpret pc=0x0000000003935cb0 method=java.util.Arrays.hashCode([Ljava/lang/Object;)I @ 1
Event: 122.775 Thread 0x0000000019f3b000 Uncommon trap: reason=unstable_if action=reinterpret pc=0x0000000003935cb0 method=java.util.Arrays.hashCode([Ljava/lang/Object;)I @ 1
Event: 122.775 Thread 0x0000000019f42000 Uncommon trap: reason=unstable_if action=reinterpret pc=0x0000000003935cb0 method=java.util.Arrays.hashCode([Ljava/lang/Object;)I @ 1
Event: 122.779 Thread 0x0000000019f3b000 Uncommon trap: reason=unstable_if action=reinterpret pc=0x00000000046b0efc method=java.util.concurrent.ConcurrentLinkedQueue.offer(Ljava/lang/Object;)Z @ 40
Event: 122.787 Thread 0x0000000019f3b000 Uncommon trap: reason=unstable_if action=reinterpret pc=0x0000000004e03e90 method=com.android.tools.r8.it.unimi.dsi.fastutil.ints.Int2ObjectOpenHashMap.get(I)Ljava/lang/Object; @ 1
Event: 122.789 Thread 0x0000000019f42000 Uncommon trap: reason=unstable_if action=reinterpret pc=0x000000000426993c method=com.android.tools.r8.graph.DexString.slowCompareTo(Lcom/android/tools/r8/graph/DexString;)I @ 136

Classes redefined (0 events):
No events

Internal exceptions (10 events):
Event: 119.995 Thread 0x0000000019f3c800 Exception <a 'sun/nio/fs/WindowsException'> (0x00000000e1df6138) thrown at [D:\src\AOSP-openjdk-cygwin\jdk8u\hotspot\src\share\vm\prims\jni.cpp, line 709]
Event: 120.000 Thread 0x000000001aa30800 Exception <a 'sun/nio/fs/WindowsException'> (0x00000000e1e9f2f0) thrown at [D:\src\AOSP-openjdk-cygwin\jdk8u\hotspot\src\share\vm\prims\jni.cpp, line 709]
Event: 120.013 Thread 0x0000000019f3f000 Exception <a 'sun/nio/fs/WindowsException'> (0x00000000e1c4a488) thrown at [D:\src\AOSP-openjdk-cygwin\jdk8u\hotspot\src\share\vm\prims\jni.cpp, line 709]
Event: 120.022 Thread 0x0000000019f3f000 Exception <a 'sun/nio/fs/WindowsException'> (0x00000000e20e50a8) thrown at [D:\src\AOSP-openjdk-cygwin\jdk8u\hotspot\src\share\vm\prims\jni.cpp, line 709]
Event: 120.027 Thread 0x000000001ccc4800 Exception <a 'sun/nio/fs/WindowsException'> (0x00000000e2138e20) thrown at [D:\src\AOSP-openjdk-cygwin\jdk8u\hotspot\src\share\vm\prims\jni.cpp, line 709]
Event: 122.646 Thread 0x000000001aa35000 Exception <a 'sun/nio/fs/WindowsException'> (0x00000000e2e9a5d8) thrown at [D:\src\AOSP-openjdk-cygwin\jdk8u\hotspot\src\share\vm\prims\jni.cpp, line 709]
Event: 122.775 Thread 0x0000000019f40800 Implicit null exception at 0x0000000003935baf to 0x0000000003935ca1
Event: 122.775 Thread 0x0000000019f41000 Implicit null exception at 0x0000000003935baf to 0x0000000003935ca1
Event: 122.775 Thread 0x0000000019f3b000 Implicit null exception at 0x0000000003935baf to 0x0000000003935ca1
Event: 122.775 Thread 0x0000000019f42000 Implicit null exception at 0x0000000003935baf to 0x0000000003935ca1

Events (10 events):
Event: 122.810 Thread 0x0000000018912000 flushing nmethod 0x000000000443c650
Event: 122.810 Thread 0x0000000018912000 flushing nmethod 0x000000000443d710
Event: 122.810 Thread 0x0000000018912000 flushing nmethod 0x0000000004442310
Event: 122.810 Thread 0x0000000018912000 flushing nmethod 0x0000000004450cd0
Event: 122.811 Thread 0x0000000018912000 flushing nmethod 0x00000000046339d0
Event: 122.812 Thread 0x0000000018912000 flushing nmethod 0x00000000046e9a10
Event: 122.812 Thread 0x0000000018912000 flushing nmethod 0x00000000046f66d0
Event: 122.812 Thread 0x0000000018912000 flushing nmethod 0x00000000047bcb10
Event: 122.812 Thread 0x0000000018912000 flushing nmethod 0x00000000048e5910
Event: 122.813 Thread 0x0000000018912000 flushing nmethod 0x0000000004951090


Dynamic libraries:
0x00007ff7910e0000 - 0x00007ff791111000 	C:\Program Files\Android\Android Studio\jre\bin\java.exe
0x00007ff8c5610000 - 0x00007ff8c57f1000 	C:\WINDOWS\SYSTEM32\ntdll.dll
0x00007ff8c4790000 - 0x00007ff8c4842000 	C:\WINDOWS\System32\KERNEL32.DLL
0x00007ff8c2680000 - 0x00007ff8c28f3000 	C:\WINDOWS\System32\KERNELBASE.dll
0x00007ff8c4850000 - 0x00007ff8c48f1000 	C:\WINDOWS\System32\ADVAPI32.dll
0x00007ff8c2aa0000 - 0x00007ff8c2b3e000 	C:\WINDOWS\System32\msvcrt.dll
0x00007ff8c4d10000 - 0x00007ff8c4d6b000 	C:\WINDOWS\System32\sechost.dll
0x00007ff8c54b0000 - 0x00007ff8c55d4000 	C:\WINDOWS\System32\RPCRT4.dll
0x00007ff8c4430000 - 0x00007ff8c45c0000 	C:\WINDOWS\System32\USER32.dll
0x00007ff8c2a00000 - 0x00007ff8c2a20000 	C:\WINDOWS\System32\win32u.dll
0x00007ff8c5030000 - 0x00007ff8c5058000 	C:\WINDOWS\System32\GDI32.dll
0x00007ff8c23e0000 - 0x00007ff8c2572000 	C:\WINDOWS\System32\gdi32full.dll
0x00007ff8c2580000 - 0x00007ff8c261f000 	C:\WINDOWS\System32\msvcp_win.dll
0x00007ff8c2900000 - 0x00007ff8c29fa000 	C:\WINDOWS\System32\ucrtbase.dll
0x00007ff8b9ab0000 - 0x00007ff8b9d19000 	C:\WINDOWS\WinSxS\amd64_microsoft.windows.common-controls_6595b64144ccf1df_6.0.17134.165_none_fb429645306569ac\COMCTL32.dll
0x00007ff8c2cc0000 - 0x00007ff8c2fe3000 	C:\WINDOWS\System32\combase.dll
0x00007ff8c2a20000 - 0x00007ff8c2a9a000 	C:\WINDOWS\System32\bcryptPrimitives.dll
0x00007ff8c5000000 - 0x00007ff8c502d000 	C:\WINDOWS\System32\IMM32.DLL
0x000000005f460000 - 0x000000005f532000 	C:\Program Files\Android\Android Studio\jre\jre\bin\msvcr100.dll
0x000000005f620000 - 0x000000005fe5f000 	C:\Program Files\Android\Android Studio\jre\jre\bin\server\jvm.dll
0x00007ff8c4ba0000 - 0x00007ff8c4ba8000 	C:\WINDOWS\System32\PSAPI.DLL
0x00007ff8c0050000 - 0x00007ff8c0059000 	C:\WINDOWS\SYSTEM32\WSOCK32.dll
0x00007ff8bfac0000 - 0x00007ff8bfae3000 	C:\WINDOWS\SYSTEM32\WINMM.dll
0x00007ff8bd730000 - 0x00007ff8bd73a000 	C:\WINDOWS\SYSTEM32\VERSION.dll
0x00007ff8c4900000 - 0x00007ff8c496c000 	C:\WINDOWS\System32\WS2_32.dll
0x00007ff8bf670000 - 0x00007ff8bf69a000 	C:\WINDOWS\SYSTEM32\WINMMBASE.dll
0x00007ff8c21a0000 - 0x00007ff8c21e9000 	C:\WINDOWS\System32\cfgmgr32.dll
0x00007ff8b72f0000 - 0x00007ff8b72ff000 	C:\Program Files\Android\Android Studio\jre\jre\bin\verify.dll
0x00007ff8b5530000 - 0x00007ff8b5559000 	C:\Program Files\Android\Android Studio\jre\jre\bin\java.dll
0x00007ff8b54d0000 - 0x00007ff8b54e6000 	C:\Program Files\Android\Android Studio\jre\jre\bin\zip.dll
0x00007ff8c2ff0000 - 0x00007ff8c4430000 	C:\WINDOWS\System32\SHELL32.dll
0x00007ff8c4af0000 - 0x00007ff8c4b99000 	C:\WINDOWS\System32\shcore.dll
0x00007ff8c1a90000 - 0x00007ff8c219d000 	C:\WINDOWS\System32\windows.storage.dll
0x00007ff8c4660000 - 0x00007ff8c46b1000 	C:\WINDOWS\System32\shlwapi.dll
0x00007ff8c19a0000 - 0x00007ff8c19b1000 	C:\WINDOWS\System32\kernel.appcore.dll
0x00007ff8c1930000 - 0x00007ff8c194f000 	C:\WINDOWS\System32\profapi.dll
0x00007ff8c1950000 - 0x00007ff8c199c000 	C:\WINDOWS\System32\powrprof.dll
0x00007ff8c1920000 - 0x00007ff8c192a000 	C:\WINDOWS\System32\FLTLIB.DLL
0x00007ff8ae9b0000 - 0x00007ff8ae9ca000 	C:\Program Files\Android\Android Studio\jre\jre\bin\net.dll
0x00007ff8c1140000 - 0x00007ff8c11a6000 	C:\WINDOWS\system32\mswsock.dll
0x00007ff8abc00000 - 0x00007ff8abc11000 	C:\Program Files\Android\Android Studio\jre\jre\bin\nio.dll
0x00007ff8b4670000 - 0x00007ff8b468e000 	C:\Users\Jean-PC\.gradle\native\25\windows-amd64\native-platform.dll
0x00007ff8bf980000 - 0x00007ff8bf98d000 	C:\Program Files\Android\Android Studio\jre\jre\bin\management.dll
0x00007ff8c12f0000 - 0x00007ff8c1307000 	C:\WINDOWS\SYSTEM32\CRYPTSP.dll
0x00007ff8c0d20000 - 0x00007ff8c0d53000 	C:\WINDOWS\system32\rsaenh.dll
0x00007ff8c1420000 - 0x00007ff8c1445000 	C:\WINDOWS\SYSTEM32\bcrypt.dll
0x00007ff8c1820000 - 0x00007ff8c1848000 	C:\WINDOWS\SYSTEM32\USERENV.dll
0x00007ff8c1310000 - 0x00007ff8c131b000 	C:\WINDOWS\SYSTEM32\CRYPTBASE.dll
0x00007ff8c0ec0000 - 0x00007ff8c0ef8000 	C:\WINDOWS\SYSTEM32\IPHLPAPI.DLL
0x00007ff8c4bb0000 - 0x00007ff8c4bb8000 	C:\WINDOWS\System32\NSI.dll
0x00007ff8bcb60000 - 0x00007ff8bcb76000 	C:\WINDOWS\SYSTEM32\dhcpcsvc6.DLL
0x00007ff8bd240000 - 0x00007ff8bd25a000 	C:\WINDOWS\SYSTEM32\dhcpcsvc.DLL

VM Arguments:
jvm_args: -Xmx1536m -Dfile.encoding=windows-1252 -Duser.country=BR -Duser.language=pt -Duser.variant 
java_command: org.gradle.launcher.daemon.bootstrap.GradleDaemon 4.4
java_class_path (initial): C:\Users\Jean-PC\.gradle\wrapper\dists\gradle-4.4-all\9br9xq1tocpiv8o6njlyu5op1\gradle-4.4\lib\gradle-launcher-4.4.jar
Launcher Type: SUN_STANDARD

Environment Variables:
PATH=C:\Program Files (x86)\Common Files\Oracle\Java\javapath;C:\ProgramData\Oracle\Java\javapath;C:\WINDOWS\system32;C:\WINDOWS;C:\WINDOWS\System32\Wbem;C:\WINDOWS\System32\WindowsPowerShell\v1.0\;C:\Program Files (x86)\GtkSharp\2.12\bin;C:\Program Files (x86)\NVIDIA Corporation\PhysX\Common;C:\WINDOWS\system32;C:\WINDOWS;C:\WINDOWS\System32\Wbem;C:\WINDOWS\System32\WindowsPowerShell\v1.0\;C:\WINDOWS\System32\OpenSSH\;C:\Users\Jean-PC\AppData\Roaming\Dashlane\4.6.6.23032\bin\Firefox_Extension\{442718d9-475e-452a-b3e1-fb1ee16b8e9f}\components;C:\Users\Jean-PC\AppData\Local\Microsoft\WindowsApps;%DASHLANE_DLL_DIR%;
USERNAME=Jean-PC
OS=Windows_NT
PROCESSOR_IDENTIFIER=Intel64 Family 6 Model 58 Stepping 9, GenuineIntel



---------------  S Y S T E M  ---------------

OS: Windows 10.0 , 64 bit Build 17134 (10.0.17134.1)

CPU:total 8 (initial active 8) (4 cores per cpu, 2 threads per core) family 6 model 58 stepping 9, cmov, cx8, fxsr, mmx, sse, sse2, sse3, ssse3, sse4.1, sse4.2, popcnt, avx, aes, clmul, erms, ht, tsc, tscinvbit, tscinv

Memory: 4k page, physical 8353684k(1091092k free), swap 8353684k(5200k free)

vm_info: OpenJDK 64-Bit Server VM (25.152-b02) for windows-amd64 JRE (1.8.0_152-release-1024-b02), built by "builder" with MS VC++ 10.0 (VS2010)

time: Sun Jul 29 06:37:08 2018
elapsed time: 122 seconds (0d 0h 2m 2s)

