#
# There is insufficient memory for the Java Runtime Environment to continue.
# Native memory allocation (malloc) failed to allocate 1059376 bytes for Chunk::new
# Possible reasons:
#   The system is out of physical RAM or swap space
#   In 32 bit mode, the process size limit was hit
# Possible solutions:
#   Reduce memory load on the system
#   Increase physical memory or swap space
#   Check if swap backing store is full
#   Use 64 bit Java on a 64 bit OS
#   Decrease Java heap size (-Xmx/-Xms)
#   Decrease number of Java threads
#   Decrease Java thread stack sizes (-Xss)
#   Set larger code cache with -XX:ReservedCodeCacheSize=
# This output file may be truncated or incomplete.
#
#  Out of Memory Error (allocation.cpp:390), pid=1536, tid=0x0000000000001ca4
#
# JRE version: OpenJDK Runtime Environment (8.0_152-b02) (build 1.8.0_152-release-1024-b02)
# Java VM: OpenJDK 64-Bit Server VM (25.152-b02 mixed mode windows-amd64 compressed oops)
# Failed to write core dump. Minidumps are not enabled by default on client versions of Windows
#

---------------  T H R E A D  ---------------

Current thread (0x00000000181ce000):  JavaThread "C2 CompilerThread0" daemon [_thread_in_native, id=7332, stack(0x00000000189b0000,0x0000000018ab0000)]

Stack: [0x00000000189b0000,0x0000000018ab0000]
[error occurred during error reporting (printing stack bounds), id 0xc0000005]

Native frames: (J=compiled Java code, j=interpreted, Vv=VM code, C=native code)


Current CompileTask:
C2:   6984 3783   !   4       java.util.jar.Attributes::read (380 bytes)


---------------  P R O C E S S  ---------------

Java Threads: ( => current thread )
  0x000000001a4b9800 JavaThread "Memory manager" [_thread_blocked, id=1276, stack(0x0000000022a90000,0x0000000022b90000)]
  0x000000001a4bf000 JavaThread "pool-1-thread-1" [_thread_blocked, id=676, stack(0x0000000022790000,0x0000000022890000)]
  0x000000001a4be000 JavaThread "build operations Thread 8" [_thread_blocked, id=7188, stack(0x0000000022490000,0x0000000022590000)]
  0x000000001a4bd800 JavaThread "build operations Thread 7" [_thread_blocked, id=6448, stack(0x0000000022390000,0x0000000022490000)]
  0x000000001a4bc800 JavaThread "build operations Thread 6" [_thread_blocked, id=3988, stack(0x0000000022290000,0x0000000022390000)]
  0x000000001a4b8000 JavaThread "build operations Thread 5" [_thread_blocked, id=11132, stack(0x0000000022190000,0x0000000022290000)]
  0x000000001a4bc000 JavaThread "build operations Thread 4" [_thread_blocked, id=2248, stack(0x0000000021be0000,0x0000000021ce0000)]
  0x000000001a4bb000 JavaThread "build operations Thread 3" [_thread_blocked, id=3724, stack(0x0000000020b10000,0x0000000020c10000)]
  0x00000000181e6800 JavaThread "build operations Thread 2" [_thread_blocked, id=10072, stack(0x0000000020a10000,0x0000000020b10000)]
  0x00000000181e6000 JavaThread "build operations" [_thread_blocked, id=2904, stack(0x0000000020910000,0x0000000020a10000)]
  0x00000000181e5000 JavaThread "Cache worker for Artifact transforms cache (C:\Users\Jean-PC\.gradle\caches\transforms-1)" [_thread_blocked, id=9228, stack(0x0000000020810000,0x0000000020910000)]
  0x000000001a76e800 JavaThread "Cache worker for file hash cache (C:\Users\Jean-PC\AndroidStudioProjects\MyApplication\.gradle\4.4\fileHashes)" [_thread_blocked, id=11300, stack(0x000000001cce0000,0x000000001cde0000)]
  0x000000001a539000 JavaThread "File lock request listener" [_thread_in_native, id=6616, stack(0x000000001bc10000,0x000000001bd10000)]
  0x000000001a30a800 JavaThread "Cache worker for file hash cache (C:\Users\Jean-PC\.gradle\caches\4.4\fileHashes)" [_thread_blocked, id=9744, stack(0x000000001bb10000,0x000000001bc10000)]
  0x000000001a2ff800 JavaThread "Stdin handler" [_thread_blocked, id=9132, stack(0x000000001b710000,0x000000001b810000)]
  0x000000001a2fa800 JavaThread "Asynchronous log dispatcher for DefaultDaemonConnection: socket connection from /127.0.0.1:56206 to /127.0.0.1:56207" [_thread_blocked, id=12584, stack(0x000000001b610000,0x000000001b710000)]
  0x000000001a2f8000 JavaThread "Daemon worker" [_thread_in_vm, id=8372, stack(0x000000001b510000,0x000000001b610000)]
  0x000000001a30c000 JavaThread "Cancel handler" [_thread_blocked, id=1632, stack(0x000000001b410000,0x000000001b510000)]
  0x000000001a2a9800 JavaThread "Handler for socket connection from /127.0.0.1:56206 to /127.0.0.1:56207" [_thread_in_native, id=4292, stack(0x000000001b110000,0x000000001b210000)]
  0x0000000019fa9000 JavaThread "Daemon" [_thread_blocked, id=5772, stack(0x000000001b010000,0x000000001b110000)]
  0x0000000019f88000 JavaThread "Daemon periodic checks" [_thread_blocked, id=3308, stack(0x000000001af10000,0x000000001b010000)]
  0x0000000019f2f800 JavaThread "Incoming local TCP Connector on port 56206" [_thread_in_native, id=8416, stack(0x000000001acc0000,0x000000001adc0000)]
  0x0000000018272800 JavaThread "Service Thread" daemon [_thread_blocked, id=8700, stack(0x0000000018db0000,0x0000000018eb0000)]
  0x00000000181e7800 JavaThread "C1 CompilerThread3" daemon [_thread_in_native, id=11124, stack(0x0000000018cb0000,0x0000000018db0000)]
  0x00000000162c9800 JavaThread "C2 CompilerThread2" daemon [_thread_in_native, id=10232, stack(0x0000000018bb0000,0x0000000018cb0000)]
  0x00000000181d2800 JavaThread "C2 CompilerThread1" daemon [_thread_in_native, id=9508, stack(0x0000000018ab0000,0x0000000018bb0000)]
=>0x00000000181ce000 JavaThread "C2 CompilerThread0" daemon [_thread_in_native, id=7332, stack(0x00000000189b0000,0x0000000018ab0000)]
  0x00000000181cc000 JavaThread "Attach Listener" daemon [_thread_blocked, id=7516, stack(0x00000000188b0000,0x00000000189b0000)]
  0x00000000181d6000 JavaThread "Signal Dispatcher" daemon [_thread_blocked, id=6108, stack(0x00000000187b0000,0x00000000188b0000)]
  0x00000000024fe000 JavaThread "Finalizer" daemon [_thread_blocked, id=1924, stack(0x00000000185a0000,0x00000000186a0000)]
  0x00000000024f7000 JavaThread "Reference Handler" daemon [_thread_blocked, id=7072, stack(0x00000000180a0000,0x00000000181a0000)]
  0x00000000022de000 JavaThread "main" [_thread_blocked, id=11620, stack(0x0000000002300000,0x0000000002400000)]

Other Threads:
  0x00000000162b5800 VMThread [stack: 0x0000000017fa0000,0x00000000180a0000] [id=11148]
  0x0000000018273800 WatcherThread [stack: 0x0000000018eb0000,0x0000000018fb0000] [id=13300]

VM state:not at safepoint (normal execution)

VM Mutex/Monitor currently owned by a thread: None

Heap:
 PSYoungGen      total 140800K, used 75793K [0x00000000e0000000, 0x00000000ebf00000, 0x0000000100000000)
  eden space 131072K, 57% used [0x00000000e0000000,0x00000000e4a047b8,0x00000000e8000000)
  from space 9728K, 0% used [0x00000000e8000000,0x00000000e8000000,0x00000000e8980000)
  to   space 12800K, 0% used [0x00000000eb280000,0x00000000eb280000,0x00000000ebf00000)
 ParOldGen       total 93184K, used 19129K [0x00000000a0000000, 0x00000000a5b00000, 0x00000000e0000000)
  object space 93184K, 20% used [0x00000000a0000000,0x00000000a12ae4d0,0x00000000a5b00000)
 Metaspace       used 38670K, capacity 39414K, committed 39512K, reserved 1083392K
  class space    used 5272K, capacity 5503K, committed 5504K, reserved 1048576K

Card table byte_map: [0x00000000118c0000,0x0000000011bd0000] byte_map_base: 0x00000000113c0000

Marking Bits: (ParMarkBitMap*) 0x000000006c634970
 Begin Bits: [0x00000000125d0000, 0x0000000013dd0000)
 End Bits:   [0x0000000013dd0000, 0x00000000155d0000)

Polling page: 0x00000000001d0000

CodeCache: size=245760Kb used=11978Kb max_used=12489Kb free=233781Kb
 bounds [0x0000000002500000, 0x0000000003140000, 0x0000000011500000]
 total_blobs=4189 nmethods=3475 adapters=624
 compilation: enabled

Compilation events (10 events):
Event: 6.912 Thread 0x00000000162c9800 3790       4       java.lang.String::<init> (38 bytes)
Event: 6.912 Thread 0x00000000181e7800 nmethod 3810 0x000000000295a3d0 code [0x000000000295a5a0, 0x000000000295acc8]
Event: 6.916 Thread 0x00000000181e7800 3812       3       java.lang.ClassLoader::compareCerts (149 bytes)
Event: 6.917 Thread 0x00000000181e7800 nmethod 3812 0x0000000002809210 code [0x00000000028093e0, 0x0000000002809c78]
Event: 6.932 Thread 0x00000000181e7800 3813       3       org.gradle.api.internal.AsmBackedClassGenerator$ClassBuilderImpl::addGetter (50 bytes)
Event: 6.932 Thread 0x00000000181e7800 nmethod 3813 0x0000000002879c50 code [0x0000000002879e00, 0x000000000287a378]
Event: 6.934 Thread 0x00000000162c9800 nmethod 3790 0x0000000002b19510 code [0x0000000002b19760, 0x0000000002b1a820]
Event: 6.934 Thread 0x00000000162c9800 3791   !   4       java.lang.StringCoding::decode (120 bytes)
Event: 6.935 Thread 0x00000000181e7800 3814       3       java.security.CodeSource::getCertificates (98 bytes)
Event: 6.935 Thread 0x00000000181e7800 nmethod 3814 0x00000000029ecb90 code [0x00000000029ecda0, 0x00000000029ed908]

GC Heap History (10 events):
Event: 3.128 GC heap before
{Heap before GC invocations=5 (full 0):
 PSYoungGen      total 71680K, used 18314K [0x00000000e0000000, 0x00000000e4b00000, 0x0000000100000000)
  eden space 66560K, 19% used [0x00000000e0000000,0x00000000e0ce6bc8,0x00000000e4100000)
  from space 5120K, 99% used [0x00000000e4600000,0x00000000e4afbc60,0x00000000e4b00000)
  to   space 5120K, 0% used [0x00000000e4100000,0x00000000e4100000,0x00000000e4600000)
 ParOldGen       total 87552K, used 5792K [0x00000000a0000000, 0x00000000a5580000, 0x00000000e0000000)
  object space 87552K, 6% used [0x00000000a0000000,0x00000000a05a8208,0x00000000a5580000)
 Metaspace       used 20717K, capacity 21200K, committed 21248K, reserved 1067008K
  class space    used 2886K, capacity 3042K, committed 3072K, reserved 1048576K
Event: 3.137 GC heap after
Heap after GC invocations=5 (full 0):
 PSYoungGen      total 71680K, used 5088K [0x00000000e0000000, 0x00000000e9500000, 0x0000000100000000)
  eden space 66560K, 0% used [0x00000000e0000000,0x00000000e0000000,0x00000000e4100000)
  from space 5120K, 99% used [0x00000000e4100000,0x00000000e45f8040,0x00000000e4600000)
  to   space 9728K, 0% used [0x00000000e8b80000,0x00000000e8b80000,0x00000000e9500000)
 ParOldGen       total 87552K, used 8185K [0x00000000a0000000, 0x00000000a5580000, 0x00000000e0000000)
  object space 87552K, 9% used [0x00000000a0000000,0x00000000a07fe4f0,0x00000000a5580000)
 Metaspace       used 20717K, capacity 21200K, committed 21248K, reserved 1067008K
  class space    used 2886K, capacity 3042K, committed 3072K, reserved 1048576K
}
Event: 3.137 GC heap before
{Heap before GC invocations=6 (full 1):
 PSYoungGen      total 71680K, used 5088K [0x00000000e0000000, 0x00000000e9500000, 0x0000000100000000)
  eden space 66560K, 0% used [0x00000000e0000000,0x00000000e0000000,0x00000000e4100000)
  from space 5120K, 99% used [0x00000000e4100000,0x00000000e45f8040,0x00000000e4600000)
  to   space 9728K, 0% used [0x00000000e8b80000,0x00000000e8b80000,0x00000000e9500000)
 ParOldGen       total 87552K, used 8185K [0x00000000a0000000, 0x00000000a5580000, 0x00000000e0000000)
  object space 87552K, 9% used [0x00000000a0000000,0x00000000a07fe4f0,0x00000000a5580000)
 Metaspace       used 20717K, capacity 21200K, committed 21248K, reserved 1067008K
  class space    used 2886K, capacity 3042K, committed 3072K, reserved 1048576K
Event: 3.171 GC heap after
Heap after GC invocations=6 (full 1):
 PSYoungGen      total 71680K, used 0K [0x00000000e0000000, 0x00000000e9500000, 0x0000000100000000)
  eden space 66560K, 0% used [0x00000000e0000000,0x00000000e0000000,0x00000000e4100000)
  from space 5120K, 0% used [0x00000000e4100000,0x00000000e4100000,0x00000000e4600000)
  to   space 9728K, 0% used [0x00000000e8b80000,0x00000000e8b80000,0x00000000e9500000)
 ParOldGen       total 57344K, used 7805K [0x00000000a0000000, 0x00000000a3800000, 0x00000000e0000000)
  object space 57344K, 13% used [0x00000000a0000000,0x00000000a079f5b0,0x00000000a3800000)
 Metaspace       used 20717K, capacity 21200K, committed 21248K, reserved 1067008K
  class space    used 2886K, capacity 3042K, committed 3072K, reserved 1048576K
}
Event: 4.451 GC heap before
{Heap before GC invocations=7 (full 1):
 PSYoungGen      total 71680K, used 66560K [0x00000000e0000000, 0x00000000e9500000, 0x0000000100000000)
  eden space 66560K, 100% used [0x00000000e0000000,0x00000000e4100000,0x00000000e4100000)
  from space 5120K, 0% used [0x00000000e4100000,0x00000000e4100000,0x00000000e4600000)
  to   space 9728K, 0% used [0x00000000e8b80000,0x00000000e8b80000,0x00000000e9500000)
 ParOldGen       total 57344K, used 7805K [0x00000000a0000000, 0x00000000a3800000, 0x00000000e0000000)
  object space 57344K, 13% used [0x00000000a0000000,0x00000000a079f5b0,0x00000000a3800000)
 Metaspace       used 26589K, capacity 27120K, committed 27136K, reserved 1073152K
  class space    used 3663K, capacity 3833K, committed 3840K, reserved 1048576K
Event: 4.462 GC heap after
Heap after GC invocations=7 (full 1):
 PSYoungGen      total 115200K, used 7442K [0x00000000e0000000, 0x00000000e9300000, 0x0000000100000000)
  eden space 107520K, 0% used [0x00000000e0000000,0x00000000e0000000,0x00000000e6900000)
  from space 7680K, 96% used [0x00000000e8b80000,0x00000000e92c49a8,0x00000000e9300000)
  to   space 9728K, 0% used [0x00000000e8000000,0x00000000e8000000,0x00000000e8980000)
 ParOldGen       total 57344K, used 7813K [0x00000000a0000000, 0x00000000a3800000, 0x00000000e0000000)
  object space 57344K, 13% used [0x00000000a0000000,0x00000000a07a15b0,0x00000000a3800000)
 Metaspace       used 26589K, capacity 27120K, committed 27136K, reserved 1073152K
  class space    used 3663K, capacity 3833K, committed 3840K, reserved 1048576K
}
Event: 6.176 GC heap before
{Heap before GC invocations=8 (full 1):
 PSYoungGen      total 115200K, used 97132K [0x00000000e0000000, 0x00000000e9300000, 0x0000000100000000)
  eden space 107520K, 83% used [0x00000000e0000000,0x00000000e5796950,0x00000000e6900000)
  from space 7680K, 96% used [0x00000000e8b80000,0x00000000e92c49a8,0x00000000e9300000)
  to   space 9728K, 0% used [0x00000000e8000000,0x00000000e8000000,0x00000000e8980000)
 ParOldGen       total 57344K, used 7813K [0x00000000a0000000, 0x00000000a3800000, 0x00000000e0000000)
  object space 57344K, 13% used [0x00000000a0000000,0x00000000a07a15b0,0x00000000a3800000)
 Metaspace       used 34660K, capacity 35260K, committed 35416K, reserved 1079296K
  class space    used 4779K, capacity 4976K, committed 4992K, reserved 1048576K
Event: 6.191 GC heap after
Heap after GC invocations=8 (full 1):
 PSYoungGen      total 140800K, used 9702K [0x00000000e0000000, 0x00000000ebf00000, 0x0000000100000000)
  eden space 131072K, 0% used [0x00000000e0000000,0x00000000e0000000,0x00000000e8000000)
  from space 9728K, 99% used [0x00000000e8000000,0x00000000e8979b98,0x00000000e8980000)
  to   space 12800K, 0% used [0x00000000eb280000,0x00000000eb280000,0x00000000ebf00000)
 ParOldGen       total 57344K, used 11137K [0x00000000a0000000, 0x00000000a3800000, 0x00000000e0000000)
  object space 57344K, 19% used [0x00000000a0000000,0x00000000a0ae0610,0x00000000a3800000)
 Metaspace       used 34660K, capacity 35260K, committed 35416K, reserved 1079296K
  class space    used 4779K, capacity 4976K, committed 4992K, reserved 1048576K
}
Event: 6.191 GC heap before
{Heap before GC invocations=9 (full 2):
 PSYoungGen      total 140800K, used 9702K [0x00000000e0000000, 0x00000000ebf00000, 0x0000000100000000)
  eden space 131072K, 0% used [0x00000000e0000000,0x00000000e0000000,0x00000000e8000000)
  from space 9728K, 99% used [0x00000000e8000000,0x00000000e8979b98,0x00000000e8980000)
  to   space 12800K, 0% used [0x00000000eb280000,0x00000000eb280000,0x00000000ebf00000)
 ParOldGen       total 57344K, used 11137K [0x00000000a0000000, 0x00000000a3800000, 0x00000000e0000000)
  object space 57344K, 19% used [0x00000000a0000000,0x00000000a0ae0610,0x00000000a3800000)
 Metaspace       used 34660K, capacity 35260K, committed 35416K, reserved 1079296K
  class space    used 4779K, capacity 4976K, committed 4992K, reserved 1048576K
Event: 6.263 GC heap after
Heap after GC invocations=9 (full 2):
 PSYoungGen      total 140800K, used 0K [0x00000000e0000000, 0x00000000ebf00000, 0x0000000100000000)
  eden space 131072K, 0% used [0x00000000e0000000,0x00000000e0000000,0x00000000e8000000)
  from space 9728K, 0% used [0x00000000e8000000,0x00000000e8000000,0x00000000e8980000)
  to   space 12800K, 0% used [0x00000000eb280000,0x00000000eb280000,0x00000000ebf00000)
 ParOldGen       total 93184K, used 19129K [0x00000000a0000000, 0x00000000a5b00000, 0x00000000e0000000)
  object space 93184K, 20% used [0x00000000a0000000,0x00000000a12ae4d0,0x00000000a5b00000)
 Metaspace       used 34660K, capacity 35260K, committed 35416K, reserved 1079296K
  class space    used 4779K, capacity 4976K, committed 4992K, reserved 1048576K
}

Deoptimization events (10 events):
Event: 6.580 Thread 0x000000001a2f8000 Uncommon trap: reason=unstable_if action=reinterpret pc=0x000000000305c7ec method=java.lang.reflect.Modifier.toString(I)Ljava/lang/String; @ 123
Event: 6.580 Thread 0x000000001a2f8000 Uncommon trap: reason=unstable_if action=reinterpret pc=0x000000000303ef60 method=java.lang.reflect.Modifier.toString(I)Ljava/lang/String; @ 123
Event: 6.749 Thread 0x000000001a2f8000 Uncommon trap: reason=unstable_if action=reinterpret pc=0x0000000002d1d24c method=java.util.jar.Attributes$Name.isDigit(C)Z @ 3
Event: 6.757 Thread 0x000000001a2f8000 Uncommon trap: reason=unstable_if action=reinterpret pc=0x0000000002f661a0 method=java.lang.ThreadLocal.get()Ljava/lang/Object; @ 11
Event: 6.778 Thread 0x000000001a2f8000 Uncommon trap: reason=unstable_if action=reinterpret pc=0x000000000297a27c method=java.lang.CharacterDataLatin1.isWhitespace(I)Z @ 14
Event: 6.818 Thread 0x000000001a2f8000 Uncommon trap: reason=unstable_if action=reinterpret pc=0x00000000026d1524 method=java.util.jar.JarFile.getInputStream(Ljava/util/zip/ZipEntry;)Ljava/io/InputStream; @ 37
Event: 6.819 Thread 0x000000001a2f8000 Uncommon trap: reason=unstable_if action=reinterpret pc=0x00000000026e5bf0 method=java.security.CodeSource.<init>(Ljava/net/URL;[Ljava/security/CodeSigner;)V @ 25
Event: 6.820 Thread 0x000000001a2f8000 Uncommon trap: reason=unstable_if action=reinterpret pc=0x0000000002c8842c method=java.security.CodeSource.getCertificates()[Ljava/security/cert/Certificate; @ 22
Event: 6.821 Thread 0x000000001a2f8000 Uncommon trap: reason=unstable_if action=reinterpret pc=0x000000000291c070 method=java.security.CodeSource.matchCerts(Ljava/security/CodeSource;Z)Z @ 11
Event: 6.845 Thread 0x000000001a2f8000 Uncommon trap: reason=unstable_if action=reinterpret pc=0x000000000298ab7c method=java.util.LinkedHashMap.get(Ljava/lang/Object;)Ljava/lang/Object; @ 20

Classes redefined (0 events):
No events

Internal exceptions (10 events):
Event: 5.702 Thread 0x000000001a2f8000 Exception <a 'java/lang/ClassNotFoundException': org/gradle/api/internal/ConventionTaskCustomizer> (0x00000000e3e732e0) thrown at [D:\src\AOSP-openjdk-cygwin\jdk8u\hotspot\src\share\vm\classfile\systemDictionary.cpp, line 210]
Event: 5.705 Thread 0x000000001a2f8000 Exception <a 'java/lang/ClassNotFoundException': org/gradle/api/tasks/DeleteCustomizer> (0x00000000e3eaaa20) thrown at [D:\src\AOSP-openjdk-cygwin\jdk8u\hotspot\src\share\vm\classfile\systemDictionary.cpp, line 210]
Event: 5.708 Thread 0x000000001a2f8000 Exception <a 'java/lang/ClassNotFoundException': org/gradle/api/tasks/Delete_DecoratedCustomizer> (0x00000000e3eefb18) thrown at [D:\src\AOSP-openjdk-cygwin\jdk8u\hotspot\src\share\vm\classfile\systemDictionary.cpp, line 210]
Event: 5.804 Thread 0x000000001a2f8000 Exception <a 'java/lang/ClassNotFoundException': build_8ouwmi7f7t0gtglb1a386a8tnBeanInfo> (0x00000000e4021758) thrown at [D:\src\AOSP-openjdk-cygwin\jdk8u\hotspot\src\share\vm\classfile\systemDictionary.cpp, line 210]
Event: 5.805 Thread 0x000000001a2f8000 Exception <a 'java/lang/ClassNotFoundException': build_8ouwmi7f7t0gtglb1a386a8tnCustomizer> (0x00000000e402bc50) thrown at [D:\src\AOSP-openjdk-cygwin\jdk8u\hotspot\src\share\vm\classfile\systemDictionary.cpp, line 210]
Event: 5.810 Thread 0x000000001a2f8000 Exception <a 'java/lang/ClassNotFoundException': org/gradle/api/internal/plugins/DefaultObjectConfigurationActionBeanInfo> (0x00000000e4090cb0) thrown at [D:\src\AOSP-openjdk-cygwin\jdk8u\hotspot\src\share\vm\classfile\systemDictionary.cpp, line 210]
Event: 5.810 Thread 0x000000001a2f8000 Exception <a 'java/lang/ClassNotFoundException': org/gradle/api/internal/plugins/DefaultObjectConfigurationActionCustomizer> (0x00000000e40c6fa0) thrown at [D:\src\AOSP-openjdk-cygwin\jdk8u\hotspot\src\share\vm\classfile\systemDictionary.cpp, line 210]
Event: 6.081 Thread 0x000000001a2f8000 Exception <a 'sun/nio/fs/WindowsException'> (0x00000000e4f880c0) thrown at [D:\src\AOSP-openjdk-cygwin\jdk8u\hotspot\src\share\vm\prims\jni.cpp, line 709]
Event: 6.350 Thread 0x000000001a2f8000 Exception <a 'sun/nio/fs/WindowsException'> (0x00000000e04e48c8) thrown at [D:\src\AOSP-openjdk-cygwin\jdk8u\hotspot\src\share\vm\prims\jni.cpp, line 709]
Event: 6.757 Thread 0x000000001a2f8000 Implicit null exception at 0x0000000002f65c68 to 0x0000000002f66189

Events (10 events):
Event: 6.934 loading class com/google/common/collect/Sets$1
Event: 6.934 loading class com/google/common/collect/Sets$1 done
Event: 6.935 loading class com/google/common/collect/Sets$2
Event: 6.935 loading class com/google/common/collect/Sets$2 done
Event: 6.935 loading class com/google/common/collect/ImmutableEnumSet
Event: 6.935 loading class com/google/common/collect/ImmutableEnumSet done
Event: 6.936 loading class com/google/common/collect/Sets$3
Event: 6.936 loading class com/google/common/collect/Sets$3 done
Event: 6.936 loading class com/google/common/collect/Sets$4
Event: 6.936 loading class com/google/common/collect/Sets$4 done


Dynamic libraries:
0x00007ff608760000 - 0x00007ff608791000 	C:\Program Files\Android\Android Studio\jre\bin\java.exe
0x00007ffed8350000 - 0x00007ffed8531000 	C:\WINDOWS\SYSTEM32\ntdll.dll
0x00007ffed7bd0000 - 0x00007ffed7c82000 	C:\WINDOWS\System32\KERNEL32.DLL
0x00007ffed5410000 - 0x00007ffed5683000 	C:\WINDOWS\System32\KERNELBASE.dll
0x00007ffed7c90000 - 0x00007ffed7d31000 	C:\WINDOWS\System32\ADVAPI32.dll
0x00007ffed7900000 - 0x00007ffed799e000 	C:\WINDOWS\System32\msvcrt.dll
0x00007ffed5eb0000 - 0x00007ffed5f0b000 	C:\WINDOWS\System32\sechost.dll
0x00007ffed5fb0000 - 0x00007ffed60d4000 	C:\WINDOWS\System32\RPCRT4.dll
0x00007ffed7d40000 - 0x00007ffed7ed0000 	C:\WINDOWS\System32\USER32.dll
0x00007ffed4970000 - 0x00007ffed4990000 	C:\WINDOWS\System32\win32u.dll
0x00007ffed5b20000 - 0x00007ffed5b48000 	C:\WINDOWS\System32\GDI32.dll
0x00007ffed51d0000 - 0x00007ffed5362000 	C:\WINDOWS\System32\gdi32full.dll
0x00007ffed5370000 - 0x00007ffed540f000 	C:\WINDOWS\System32\msvcp_win.dll
0x00007ffed56e0000 - 0x00007ffed57da000 	C:\WINDOWS\System32\ucrtbase.dll
0x00007ffecb1d0000 - 0x00007ffecb439000 	C:\WINDOWS\WinSxS\amd64_microsoft.windows.common-controls_6595b64144ccf1df_6.0.17134.165_none_fb429645306569ac\COMCTL32.dll
0x00007ffed5b80000 - 0x00007ffed5ea3000 	C:\WINDOWS\System32\combase.dll
0x00007ffed4990000 - 0x00007ffed4a0a000 	C:\WINDOWS\System32\bcryptPrimitives.dll
0x00007ffed5b50000 - 0x00007ffed5b7d000 	C:\WINDOWS\System32\IMM32.DLL
0x000000006bcb0000 - 0x000000006bd82000 	C:\Program Files\Android\Android Studio\jre\jre\bin\msvcr100.dll
0x000000006be70000 - 0x000000006c6af000 	C:\Program Files\Android\Android Studio\jre\jre\bin\server\jvm.dll
0x00007ffed6160000 - 0x00007ffed6168000 	C:\WINDOWS\System32\PSAPI.DLL
0x00007ffecf000000 - 0x00007ffecf009000 	C:\WINDOWS\SYSTEM32\WSOCK32.dll
0x00007ffed1240000 - 0x00007ffed124a000 	C:\WINDOWS\SYSTEM32\VERSION.dll
0x00007ffed2310000 - 0x00007ffed2333000 	C:\WINDOWS\SYSTEM32\WINMM.dll
0x00007ffed7890000 - 0x00007ffed78fc000 	C:\WINDOWS\System32\WS2_32.dll
0x00007ffed22a0000 - 0x00007ffed22ca000 	C:\WINDOWS\SYSTEM32\WINMMBASE.dll
0x00007ffed5690000 - 0x00007ffed56d9000 	C:\WINDOWS\System32\cfgmgr32.dll
0x00007ffecdc40000 - 0x00007ffecdc4f000 	C:\Program Files\Android\Android Studio\jre\jre\bin\verify.dll
0x00007ffeca2b0000 - 0x00007ffeca2d9000 	C:\Program Files\Android\Android Studio\jre\jre\bin\java.dll
0x00007ffebbc30000 - 0x00007ffebbc46000 	C:\Program Files\Android\Android Studio\jre\jre\bin\zip.dll
0x00007ffed6170000 - 0x00007ffed75b0000 	C:\WINDOWS\System32\SHELL32.dll
0x00007ffed75b0000 - 0x00007ffed7659000 	C:\WINDOWS\System32\shcore.dll
0x00007ffed4ac0000 - 0x00007ffed51cd000 	C:\WINDOWS\System32\windows.storage.dll
0x00007ffed7b00000 - 0x00007ffed7b51000 	C:\WINDOWS\System32\shlwapi.dll
0x00007ffed4700000 - 0x00007ffed4711000 	C:\WINDOWS\System32\kernel.appcore.dll
0x00007ffed46e0000 - 0x00007ffed46ff000 	C:\WINDOWS\System32\profapi.dll
0x00007ffed4680000 - 0x00007ffed46cc000 	C:\WINDOWS\System32\powrprof.dll
0x00007ffed46d0000 - 0x00007ffed46da000 	C:\WINDOWS\System32\FLTLIB.DLL
0x00007ffebbc10000 - 0x00007ffebbc2a000 	C:\Program Files\Android\Android Studio\jre\jre\bin\net.dll
0x00007ffed3e80000 - 0x00007ffed3ee6000 	C:\WINDOWS\system32\mswsock.dll
0x00007ffebbbf0000 - 0x00007ffebbc01000 	C:\Program Files\Android\Android Studio\jre\jre\bin\nio.dll
0x00007ffebbad0000 - 0x00007ffebbaee000 	C:\Users\Jean-PC\.gradle\native\25\windows-amd64\native-platform.dll
0x00007ffecd760000 - 0x00007ffecd76d000 	C:\Program Files\Android\Android Studio\jre\jre\bin\management.dll
0x00007ffed4040000 - 0x00007ffed4057000 	C:\WINDOWS\SYSTEM32\CRYPTSP.dll
0x00007ffed3a60000 - 0x00007ffed3a93000 	C:\WINDOWS\system32\rsaenh.dll
0x00007ffed41c0000 - 0x00007ffed41e5000 	C:\WINDOWS\SYSTEM32\bcrypt.dll
0x00007ffed4590000 - 0x00007ffed45b8000 	C:\WINDOWS\SYSTEM32\USERENV.dll
0x00007ffed4030000 - 0x00007ffed403b000 	C:\WINDOWS\SYSTEM32\CRYPTBASE.dll
0x00007ffed3c00000 - 0x00007ffed3c38000 	C:\WINDOWS\SYSTEM32\IPHLPAPI.DLL
0x00007ffed7680000 - 0x00007ffed7688000 	C:\WINDOWS\System32\NSI.dll
0x00007ffece0b0000 - 0x00007ffece0c6000 	C:\WINDOWS\SYSTEM32\dhcpcsvc6.DLL
0x00007ffecef60000 - 0x00007ffecef7a000 	C:\WINDOWS\SYSTEM32\dhcpcsvc.DLL

VM Arguments:
jvm_args: -Xmx1536m -Dfile.encoding=windows-1252 -Duser.country=BR -Duser.language=pt -Duser.variant 
java_command: org.gradle.launcher.daemon.bootstrap.GradleDaemon 4.4
java_class_path (initial): C:\Users\Jean-PC\.gradle\wrapper\dists\gradle-4.4-all\9br9xq1tocpiv8o6njlyu5op1\gradle-4.4\lib\gradle-launcher-4.4.jar
Launcher Type: SUN_STANDARD

Environment Variables:
PATH=C:\Program Files (x86)\Common Files\Oracle\Java\javapath;C:\ProgramData\Oracle\Java\javapath;C:\WINDOWS\system32;C:\WINDOWS;C:\WINDOWS\System32\Wbem;C:\WINDOWS\System32\WindowsPowerShell\v1.0\;C:\Program Files (x86)\GtkSharp\2.12\bin;C:\Program Files (x86)\NVIDIA Corporation\PhysX\Common;C:\WINDOWS\system32;C:\WINDOWS;C:\WINDOWS\System32\Wbem;C:\WINDOWS\System32\WindowsPowerShell\v1.0\;C:\WINDOWS\System32\OpenSSH\;C:\Users\Jean-PC\AppData\Roaming\Dashlane\4.6.6.23032\bin\Firefox_Extension\{442718d9-475e-452a-b3e1-fb1ee16b8e9f}\components;C:\Users\Jean-PC\AppData\Local\Microsoft\WindowsApps;%DASHLANE_DLL_DIR%;
USERNAME=Jean-PC
OS=Windows_NT
PROCESSOR_IDENTIFIER=Intel64 Family 6 Model 58 Stepping 9, GenuineIntel



---------------  S Y S T E M  ---------------

OS: Windows 10.0 , 64 bit Build 17134 (10.0.17134.1)

CPU:total 8 (initial active 8) (4 cores per cpu, 2 threads per core) family 6 model 58 stepping 9, cmov, cx8, fxsr, mmx, sse, sse2, sse3, ssse3, sse4.1, sse4.2, popcnt, avx, aes, clmul, erms, ht, tsc, tscinvbit, tscinv

Memory: 4k page, physical 8353684k(2534516k free), swap 8353684k(4460k free)

vm_info: OpenJDK 64-Bit Server VM (25.152-b02) for windows-amd64 JRE (1.8.0_152-release-1024-b02), built by "builder" with MS VC++ 10.0 (VS2010)

time: Sun Jul 15 18:41:09 2018
elapsed time: 6 seconds (0d 0h 0m 6s)

