#
# There is insufficient memory for the Java Runtime Environment to continue.
# Native memory allocation (malloc) failed to allocate 403856 bytes for Chunk::new
# Possible reasons:
#   The system is out of physical RAM or swap space
#   In 32 bit mode, the process size limit was hit
# Possible solutions:
#   Reduce memory load on the system
#   Increase physical memory or swap space
#   Check if swap backing store is full
#   Use 64 bit Java on a 64 bit OS
#   Decrease Java heap size (-Xmx/-Xms)
#   Decrease number of Java threads
#   Decrease Java thread stack sizes (-Xss)
#   Set larger code cache with -XX:ReservedCodeCacheSize=
# This output file may be truncated or incomplete.
#
#  Out of Memory Error (allocation.cpp:390), pid=12972, tid=0x0000000000003740
#
# JRE version: OpenJDK Runtime Environment (8.0_152-b02) (build 1.8.0_152-release-1024-b02)
# Java VM: OpenJDK 64-Bit Server VM (25.152-b02 mixed mode windows-amd64 compressed oops)
# Failed to write core dump. Minidumps are not enabled by default on client versions of Windows
#

---------------  T H R E A D  ---------------

Current thread (0x0000000018a95000):  JavaThread "C2 CompilerThread2" daemon [_thread_in_native, id=14144, stack(0x0000000019470000,0x0000000019570000)]

Stack: [0x0000000019470000,0x0000000019570000]
[error occurred during error reporting (printing stack bounds), id 0xc0000005]

Native frames: (J=compiled Java code, j=interpreted, Vv=VM code, C=native code)


Current CompileTask:
C2: 512680 15407 %     4       java.util.Properties::saveConvert @ 35 (434 bytes)


---------------  P R O C E S S  ---------------

Java Threads: ( => current thread )
  0x000000001cd56000 JavaThread "pool-11-thread-1" [_thread_blocked, id=13584, stack(0x00000000337c0000,0x00000000338c0000)]
  0x000000001cd54800 JavaThread "stdout" daemon [_thread_in_native, id=7580, stack(0x0000000032ec0000,0x0000000032fc0000)]
  0x000000001cd57000 JavaThread "stderr" daemon [_thread_in_native, id=5884, stack(0x0000000032dc0000,0x0000000032ec0000)]
  0x000000001cd53000 JavaThread "stdout" daemon [_thread_in_native, id=15248, stack(0x0000000032cc0000,0x0000000032dc0000)]
  0x000000001cd54000 JavaThread "stderr" daemon [_thread_in_native, id=13712, stack(0x0000000032bc0000,0x0000000032cc0000)]
  0x000000001cd58800 JavaThread "stdout" daemon [_thread_in_native, id=4148, stack(0x0000000032ac0000,0x0000000032bc0000)]
  0x000000001cd52000 JavaThread "stderr" daemon [_thread_in_native, id=5476, stack(0x00000000329c0000,0x0000000032ac0000)]
  0x000000001a220000 JavaThread "stdout" daemon [_thread_in_native, id=14084, stack(0x00000000328c0000,0x00000000329c0000)]
  0x000000001a21e800 JavaThread "stderr" daemon [_thread_in_native, id=14692, stack(0x00000000327c0000,0x00000000328c0000)]
  0x000000001a21c000 JavaThread "queued-resource-processor_24" daemon [_thread_blocked, id=14556, stack(0x00000000326c0000,0x00000000327c0000)]
  0x000000001a223000 JavaThread "queued-resource-processor_23" daemon [_thread_blocked, id=15104, stack(0x00000000325c0000,0x00000000326c0000)]
  0x000000001a221800 JavaThread "queued-resource-processor_22" daemon [_thread_blocked, id=8632, stack(0x00000000324c0000,0x00000000325c0000)]
  0x000000001a21d800 JavaThread "queued-resource-processor_21" daemon [_thread_blocked, id=12544, stack(0x00000000323c0000,0x00000000324c0000)]
  0x0000000025619000 JavaThread "queued-resource-processor_20" daemon [_thread_blocked, id=11624, stack(0x00000000322c0000,0x00000000323c0000)]
  0x0000000025618000 JavaThread "queued-resource-processor_19" daemon [_thread_blocked, id=2404, stack(0x00000000321c0000,0x00000000322c0000)]
  0x0000000025616800 JavaThread "queued-resource-processor_18" daemon [_thread_blocked, id=11840, stack(0x00000000320c0000,0x00000000321c0000)]
  0x0000000025615800 JavaThread "queued-resource-processor_17" daemon [_thread_blocked, id=7948, stack(0x0000000031fc0000,0x00000000320c0000)]
  0x0000000025617000 JavaThread "Task worker for ':' Thread 7" [_thread_blocked, id=8256, stack(0x0000000031ec0000,0x0000000031fc0000)]
  0x000000002560c800 JavaThread "Task worker for ':' Thread 6" [_thread_blocked, id=5616, stack(0x0000000031dc0000,0x0000000031ec0000)]
  0x0000000025612800 JavaThread "Task worker for ':' Thread 5" [_thread_blocked, id=7184, stack(0x0000000031cc0000,0x0000000031dc0000)]
  0x000000002560d800 JavaThread "Task worker for ':' Thread 4" [_thread_blocked, id=14492, stack(0x0000000031bc0000,0x0000000031cc0000)]
  0x0000000025613800 JavaThread "Task worker for ':' Thread 3" [_thread_blocked, id=14296, stack(0x0000000031ac0000,0x0000000031bc0000)]
  0x000000002560b000 JavaThread "Task worker for ':' Thread 2" [_thread_blocked, id=11628, stack(0x00000000319c0000,0x0000000031ac0000)]
  0x000000002560e000 JavaThread "Task worker for ':'" [_thread_in_Java, id=9440, stack(0x00000000318c0000,0x00000000319c0000)]
  0x000000002560a800 JavaThread "Cache worker for Build Output Cleanup Cache (C:\Users\Jean-PC\AndroidStudioProjects\MyApplication\.gradle\buildOutputCleanup)" [_thread_blocked, id=10376, stack(0x00000000317c0000,0x00000000318c0000)]
  0x000000002560c000 JavaThread "Cache worker for task history cache (C:\Users\Jean-PC\AndroidStudioProjects\MyApplication\.gradle\4.4\taskHistory)" [_thread_blocked, id=10172, stack(0x00000000316c0000,0x00000000317c0000)]
  0x000000002560f800 JavaThread "Cache worker for file content cache (C:\Users\Jean-PC\AndroidStudioProjects\MyApplication\.gradle\4.4\fileContent)" [_thread_blocked, id=13704, stack(0x00000000315c0000,0x00000000316c0000)]
  0x0000000025609800 JavaThread "build operations Thread 8" [_thread_blocked, id=14708, stack(0x00000000314c0000,0x00000000315c0000)]
  0x000000001ab17800 JavaThread "build operations Thread 7" [_thread_blocked, id=14072, stack(0x00000000313c0000,0x00000000314c0000)]
  0x000000001ab17000 JavaThread "build operations Thread 6" [_thread_blocked, id=15020, stack(0x00000000312c0000,0x00000000313c0000)]
  0x000000001ab1b800 JavaThread "build operations Thread 5" [_thread_blocked, id=8440, stack(0x00000000311c0000,0x00000000312c0000)]
  0x000000001ab1a000 JavaThread "build operations Thread 4" [_thread_blocked, id=4896, stack(0x00000000310c0000,0x00000000311c0000)]
  0x000000001ab16000 JavaThread "build operations Thread 3" [_thread_blocked, id=13296, stack(0x0000000030fc0000,0x00000000310c0000)]
  0x000000001ab19000 JavaThread "build operations Thread 2" [_thread_blocked, id=12900, stack(0x0000000030ec0000,0x0000000030fc0000)]
  0x000000001ab1c000 JavaThread "build operations" [_thread_blocked, id=3828, stack(0x0000000030dc0000,0x0000000030ec0000)]
  0x000000001ab18800 JavaThread "Cache worker for Artifact transforms cache (C:\Users\Jean-PC\.gradle\caches\transforms-1)" [_thread_blocked, id=7144, stack(0x0000000030cc0000,0x0000000030dc0000)]
  0x000000001ab0e000 JavaThread "Cache worker for file hash cache (C:\Users\Jean-PC\AndroidStudioProjects\MyApplication\.gradle\4.4\fileHashes)" [_thread_blocked, id=5800, stack(0x0000000030bc0000,0x0000000030cc0000)]
  0x000000001ab0e800 JavaThread "Stdin handler" [_thread_blocked, id=14564, stack(0x0000000030ac0000,0x0000000030bc0000)]
  0x000000001ab10000 JavaThread "Asynchronous log dispatcher for DefaultDaemonConnection: socket connection from /127.0.0.1:49310 to /127.0.0.1:50642" [_thread_blocked, id=4668, stack(0x00000000309c0000,0x0000000030ac0000)]
  0x000000001ab14800 JavaThread "Daemon worker Thread 4" [_thread_blocked, id=7164, stack(0x00000000308c0000,0x00000000309c0000)]
  0x000000001ab0d000 JavaThread "Cancel handler" [_thread_blocked, id=6208, stack(0x00000000307c0000,0x00000000308c0000)]
  0x000000001ab14000 JavaThread "Handler for socket connection from /127.0.0.1:49310 to /127.0.0.1:50642" [_thread_in_native, id=12620, stack(0x00000000306c0000,0x00000000307c0000)]
  0x000000001ab13000 JavaThread "Daemon Thread 4" [_thread_blocked, id=4260, stack(0x00000000305c0000,0x00000000306c0000)]
  0x000000001ab12800 JavaThread "Memory manager" [_thread_blocked, id=9740, stack(0x0000000023760000,0x0000000023860000)]
  0x000000001ab06800 JavaThread "File lock request listener" [_thread_in_native, id=5444, stack(0x000000001c4d0000,0x000000001c5d0000)]
  0x000000001ab31000 JavaThread "Cache worker for file hash cache (C:\Users\Jean-PC\.gradle\caches\4.4\fileHashes)" [_thread_blocked, id=14100, stack(0x000000001c3d0000,0x000000001c4d0000)]
  0x000000001a884800 JavaThread "Daemon periodic checks" [_thread_blocked, id=15336, stack(0x000000001b7d0000,0x000000001b8d0000)]
  0x000000001a883800 JavaThread "Incoming local TCP Connector on port 49310" [_thread_in_native, id=8540, stack(0x000000001b580000,0x000000001b680000)]
  0x0000000018b28800 JavaThread "Service Thread" daemon [_thread_blocked, id=14332, stack(0x0000000019670000,0x0000000019770000)]
  0x0000000016b8e800 JavaThread "C1 CompilerThread3" daemon [_thread_blocked, id=1696, stack(0x0000000019570000,0x0000000019670000)]
=>0x0000000018a95000 JavaThread "C2 CompilerThread2" daemon [_thread_in_native, id=14144, stack(0x0000000019470000,0x0000000019570000)]
  0x0000000018a92800 JavaThread "C2 CompilerThread1" daemon [_thread_in_native, id=12608, stack(0x0000000019370000,0x0000000019470000)]
  0x0000000018a90800 JavaThread "C2 CompilerThread0" daemon [_thread_in_native, id=12124, stack(0x0000000019270000,0x0000000019370000)]
  0x0000000018a8e000 JavaThread "Attach Listener" daemon [_thread_blocked, id=11240, stack(0x0000000019170000,0x0000000019270000)]
  0x0000000018a96800 JavaThread "Signal Dispatcher" daemon [_thread_blocked, id=3848, stack(0x0000000019070000,0x0000000019170000)]
  0x0000000018a81800 JavaThread "Finalizer" daemon [_thread_blocked, id=6108, stack(0x0000000018e60000,0x0000000018f60000)]
  0x0000000016b7a800 JavaThread "Reference Handler" daemon [_thread_blocked, id=11484, stack(0x0000000018960000,0x0000000018a60000)]
  0x0000000002bbe000 JavaThread "main" [_thread_blocked, id=12284, stack(0x0000000002bc0000,0x0000000002cc0000)]

Other Threads:
  0x0000000016b75800 VMThread [stack: 0x0000000018860000,0x0000000018960000] [id=12916]
  0x0000000018b29800 WatcherThread [stack: 0x0000000019770000,0x0000000019870000] [id=2388]

VM state:not at safepoint (normal execution)

VM Mutex/Monitor currently owned by a thread:  ([mutex/lock_event])
[0x0000000002bbc3a0] CodeCache_lock - owner thread: 0x0000000018a90800
[0x0000000002cc01d0] Compile_lock - owner thread: 0x0000000018a90800

Heap:
 PSYoungGen      total 398848K, used 180686K [0x00000000e0000000, 0x00000000f9c00000, 0x0000000100000000)
  eden space 375808K, 46% used [0x00000000e0000000,0x00000000ea99fb58,0x00000000f6f00000)
  from space 23040K, 30% used [0x00000000f6f00000,0x00000000f75d3df8,0x00000000f8580000)
  to   space 15360K, 0% used [0x00000000f8d00000,0x00000000f8d00000,0x00000000f9c00000)
 ParOldGen       total 139776K, used 104503K [0x00000000a0000000, 0x00000000a8880000, 0x00000000e0000000)
  object space 139776K, 74% used [0x00000000a0000000,0x00000000a660dfd8,0x00000000a8880000)
 Metaspace       used 76637K, capacity 79760K, committed 79960K, reserved 1118208K
  class space    used 9934K, capacity 10565K, committed 10624K, reserved 1048576K

Card table byte_map: [0x0000000012180000,0x0000000012490000] byte_map_base: 0x0000000011c80000

Marking Bits: (ParMarkBitMap*) 0x000000005fde4970
 Begin Bits: [0x0000000012e90000, 0x0000000014690000)
 End Bits:   [0x0000000014690000, 0x0000000015e90000)

Polling page: 0x0000000001280000

CodeCache: size=245760Kb used=40744Kb max_used=40756Kb free=205015Kb
 bounds [0x0000000002dc0000, 0x00000000055d0000, 0x0000000011dc0000]
 total_blobs=13374 nmethods=12538 adapters=748
 compilation: enabled

Compilation events (10 events):
Event: 512.536 Thread 0x0000000018a92800 nmethod 15438 0x00000000053c6ed0 code [0x00000000053c7000, 0x00000000053c7098]
Event: 512.536 Thread 0x0000000018a92800 15442       4       com.sun.org.apache.xerces.internal.dom.AttributeMap::setNamedItem (314 bytes)
Event: 512.536 Thread 0x0000000016b8e800 15459       3       com.sun.org.apache.xerces.internal.dom.DeferredDocumentImpl::getNodeType (51 bytes)
Event: 512.536 Thread 0x0000000016b8e800 nmethod 15459 0x00000000055adb10 code [0x00000000055adca0, 0x00000000055ae008]
Event: 512.537 Thread 0x0000000016b8e800 15461       3       com.sun.org.apache.xerces.internal.dom.CoreDocumentImpl::getNodeListCache (69 bytes)
Event: 512.537 Thread 0x0000000016b8e800 nmethod 15461 0x00000000055ad4d0 code [0x00000000055ad640, 0x00000000055ad9d0]
Event: 512.537 Thread 0x0000000016b8e800 15462       3       com.android.ide.common.res2.ResourceItem::getDetailsXml (9 bytes)
Event: 512.538 Thread 0x0000000016b8e800 nmethod 15462 0x00000000055b3e10 code [0x00000000055b3f80, 0x00000000055b41b8]
Event: 512.538 Thread 0x0000000016b8e800 15463       3       com.android.ide.common.res2.NodeUtils::duplicateAndAdoptNode (13 bytes)
Event: 512.538 Thread 0x0000000016b8e800 nmethod 15463 0x00000000055b3a10 code [0x00000000055b3b80, 0x00000000055b3d38]

GC Heap History (10 events):
Event: 9.042 GC heap before
{Heap before GC invocations=16 (full 3):
 PSYoungGen      total 284672K, used 752K [0x00000000e0000000, 0x00000000fa480000, 0x0000000100000000)
  eden space 261120K, 0% used [0x00000000e0000000,0x00000000e0000000,0x00000000eff00000)
  from space 23552K, 3% used [0x00000000eff00000,0x00000000effbc370,0x00000000f1600000)
  to   space 24064K, 0% used [0x00000000f8d00000,0x00000000f8d00000,0x00000000fa480000)
 ParOldGen       total 101888K, used 53825K [0x00000000a0000000, 0x00000000a6380000, 0x00000000e0000000)
  object space 101888K, 52% used [0x00000000a0000000,0x00000000a3490558,0x00000000a6380000)
 Metaspace       used 57233K, capacity 58986K, committed 59028K, reserved 1099776K
  class space    used 7748K, capacity 8150K, committed 8192K, reserved 1048576K
Event: 9.173 GC heap after
Heap after GC invocations=16 (full 3):
 PSYoungGen      total 284672K, used 0K [0x00000000e0000000, 0x00000000fa480000, 0x0000000100000000)
  eden space 261120K, 0% used [0x00000000e0000000,0x00000000e0000000,0x00000000eff00000)
  from space 23552K, 0% used [0x00000000eff00000,0x00000000eff00000,0x00000000f1600000)
  to   space 24064K, 0% used [0x00000000f8d00000,0x00000000f8d00000,0x00000000fa480000)
 ParOldGen       total 139776K, used 38821K [0x00000000a0000000, 0x00000000a8880000, 0x00000000e0000000)
  object space 139776K, 27% used [0x00000000a0000000,0x00000000a25e9728,0x00000000a8880000)
 Metaspace       used 57233K, capacity 58986K, committed 59028K, reserved 1099776K
  class space    used 7748K, capacity 8150K, committed 8192K, reserved 1048576K
}
Event: 34.573 GC heap before
{Heap before GC invocations=17 (full 3):
 PSYoungGen      total 284672K, used 260902K [0x00000000e0000000, 0x00000000fa480000, 0x0000000100000000)
  eden space 261120K, 99% used [0x00000000e0000000,0x00000000efec9a50,0x00000000eff00000)
  from space 23552K, 0% used [0x00000000eff00000,0x00000000eff00000,0x00000000f1600000)
  to   space 24064K, 0% used [0x00000000f8d00000,0x00000000f8d00000,0x00000000fa480000)
 ParOldGen       total 139776K, used 38821K [0x00000000a0000000, 0x00000000a8880000, 0x00000000e0000000)
  object space 139776K, 27% used [0x00000000a0000000,0x00000000a25e9728,0x00000000a8880000)
 Metaspace       used 60662K, capacity 62842K, committed 63064K, reserved 1103872K
  class space    used 8012K, capacity 8498K, committed 8576K, reserved 1048576K
Event: 34.581 GC heap after
Heap after GC invocations=17 (full 3):
 PSYoungGen      total 391168K, used 11122K [0x00000000e0000000, 0x00000000f9c00000, 0x0000000100000000)
  eden space 375808K, 0% used [0x00000000e0000000,0x00000000e0000000,0x00000000f6f00000)
  from space 15360K, 72% used [0x00000000f8d00000,0x00000000f97dca80,0x00000000f9c00000)
  to   space 23040K, 0% used [0x00000000f6f00000,0x00000000f6f00000,0x00000000f8580000)
 ParOldGen       total 139776K, used 38829K [0x00000000a0000000, 0x00000000a8880000, 0x00000000e0000000)
  object space 139776K, 27% used [0x00000000a0000000,0x00000000a25eb728,0x00000000a8880000)
 Metaspace       used 60662K, capacity 62842K, committed 63064K, reserved 1103872K
  class space    used 8012K, capacity 8498K, committed 8576K, reserved 1048576K
}
Event: 126.666 GC heap before
{Heap before GC invocations=18 (full 3):
 PSYoungGen      total 391168K, used 386930K [0x00000000e0000000, 0x00000000f9c00000, 0x0000000100000000)
  eden space 375808K, 100% used [0x00000000e0000000,0x00000000f6f00000,0x00000000f6f00000)
  from space 15360K, 72% used [0x00000000f8d00000,0x00000000f97dca80,0x00000000f9c00000)
  to   space 23040K, 0% used [0x00000000f6f00000,0x00000000f6f00000,0x00000000f8580000)
 ParOldGen       total 139776K, used 38829K [0x00000000a0000000, 0x00000000a8880000, 0x00000000e0000000)
  object space 139776K, 27% used [0x00000000a0000000,0x00000000a25eb728,0x00000000a8880000)
 Metaspace       used 74496K, capacity 77600K, committed 77784K, reserved 1116160K
  class space    used 9813K, capacity 10425K, committed 10496K, reserved 1048576K
Event: 126.709 GC heap after
Heap after GC invocations=18 (full 3):
 PSYoungGen      total 398848K, used 23035K [0x00000000e0000000, 0x00000000f9c00000, 0x0000000100000000)
  eden space 375808K, 0% used [0x00000000e0000000,0x00000000e0000000,0x00000000f6f00000)
  from space 23040K, 99% used [0x00000000f6f00000,0x00000000f857ec40,0x00000000f8580000)
  to   space 15360K, 0% used [0x00000000f8d00000,0x00000000f8d00000,0x00000000f9c00000)
 ParOldGen       total 139776K, used 74146K [0x00000000a0000000, 0x00000000a8880000, 0x00000000e0000000)
  object space 139776K, 53% used [0x00000000a0000000,0x00000000a4868be0,0x00000000a8880000)
 Metaspace       used 74496K, capacity 77600K, committed 77784K, reserved 1116160K
  class space    used 9813K, capacity 10425K, committed 10496K, reserved 1048576K
}
Event: 127.363 GC heap before
{Heap before GC invocations=19 (full 3):
 PSYoungGen      total 398848K, used 398036K [0x00000000e0000000, 0x00000000f9c00000, 0x0000000100000000)
  eden space 375808K, 99% used [0x00000000e0000000,0x00000000f6e36528,0x00000000f6f00000)
  from space 23040K, 99% used [0x00000000f6f00000,0x00000000f857ec40,0x00000000f8580000)
  to   space 15360K, 0% used [0x00000000f8d00000,0x00000000f8d00000,0x00000000f9c00000)
 ParOldGen       total 139776K, used 74146K [0x00000000a0000000, 0x00000000a8880000, 0x00000000e0000000)
  object space 139776K, 53% used [0x00000000a0000000,0x00000000a4868be0,0x00000000a8880000)
 Metaspace       used 74673K, capacity 77764K, committed 78040K, reserved 1116160K
  class space    used 9817K, capacity 10431K, committed 10496K, reserved 1048576K
Event: 127.388 GC heap after
Heap after GC invocations=19 (full 3):
 PSYoungGen      total 391168K, used 12515K [0x00000000e0000000, 0x00000000f9c00000, 0x0000000100000000)
  eden space 375808K, 0% used [0x00000000e0000000,0x00000000e0000000,0x00000000f6f00000)
  from space 15360K, 81% used [0x00000000f8d00000,0x00000000f9938f40,0x00000000f9c00000)
  to   space 23040K, 0% used [0x00000000f6f00000,0x00000000f6f00000,0x00000000f8580000)
 ParOldGen       total 139776K, used 100047K [0x00000000a0000000, 0x00000000a8880000, 0x00000000e0000000)
  object space 139776K, 71% used [0x00000000a0000000,0x00000000a61b3c68,0x00000000a8880000)
 Metaspace       used 74673K, capacity 77764K, committed 78040K, reserved 1116160K
  class space    used 9817K, capacity 10431K, committed 10496K, reserved 1048576K
}
Event: 313.553 GC heap before
{Heap before GC invocations=20 (full 3):
 PSYoungGen      total 391168K, used 388323K [0x00000000e0000000, 0x00000000f9c00000, 0x0000000100000000)
  eden space 375808K, 100% used [0x00000000e0000000,0x00000000f6f00000,0x00000000f6f00000)
  from space 15360K, 81% used [0x00000000f8d00000,0x00000000f9938f40,0x00000000f9c00000)
  to   space 23040K, 0% used [0x00000000f6f00000,0x00000000f6f00000,0x00000000f8580000)
 ParOldGen       total 139776K, used 100047K [0x00000000a0000000, 0x00000000a8880000, 0x00000000e0000000)
  object space 139776K, 71% used [0x00000000a0000000,0x00000000a61b3c68,0x00000000a8880000)
 Metaspace       used 75539K, capacity 78656K, committed 78808K, reserved 1118208K
  class space    used 9841K, capacity 10461K, committed 10496K, reserved 1048576K
Event: 313.561 GC heap after
Heap after GC invocations=20 (full 3):
 PSYoungGen      total 398848K, used 6991K [0x00000000e0000000, 0x00000000f9c00000, 0x0000000100000000)
  eden space 375808K, 0% used [0x00000000e0000000,0x00000000e0000000,0x00000000f6f00000)
  from space 23040K, 30% used [0x00000000f6f00000,0x00000000f75d3df8,0x00000000f8580000)
  to   space 15360K, 0% used [0x00000000f8d00000,0x00000000f8d00000,0x00000000f9c00000)
 ParOldGen       total 139776K, used 104503K [0x00000000a0000000, 0x00000000a8880000, 0x00000000e0000000)
  object space 139776K, 74% used [0x00000000a0000000,0x00000000a660dfd8,0x00000000a8880000)
 Metaspace       used 75539K, capacity 78656K, committed 78808K, reserved 1118208K
  class space    used 9841K, capacity 10461K, committed 10496K, reserved 1048576K
}

Deoptimization events (10 events):
Event: 512.155 Thread 0x000000002560e000 Uncommon trap: reason=class_check action=maybe_recompile pc=0x0000000003610274 method=com.google.common.collect.StandardTable$Row.computeBackingRowMap()Ljava/util/Map; @ 11
Event: 512.155 Thread 0x000000002560e000 Uncommon trap: reason=class_check action=maybe_recompile pc=0x0000000003610274 method=com.google.common.collect.StandardTable$Row.computeBackingRowMap()Ljava/util/Map; @ 11
Event: 512.155 Thread 0x000000002560e000 Uncommon trap: reason=class_check action=maybe_recompile pc=0x0000000003610274 method=com.google.common.collect.StandardTable$Row.computeBackingRowMap()Ljava/util/Map; @ 11
Event: 512.181 Thread 0x000000002560e000 Uncommon trap: reason=unstable_if action=reinterpret pc=0x0000000004d4d488 method=com.google.gson.stream.JsonReader.nextNonWhitespace(Z)I @ 61
Event: 512.182 Thread 0x000000002560e000 Uncommon trap: reason=unstable_if action=reinterpret pc=0x0000000004d5be10 method=com.google.gson.stream.JsonReader.nextQuotedValue(C)Ljava/lang/String; @ 81
Event: 512.517 Thread 0x000000002560e000 Uncommon trap: reason=class_check action=maybe_recompile pc=0x0000000005508928 method=com.sun.org.apache.xerces.internal.dom.ElementImpl.getAttributes()Lorg/w3c/dom/NamedNodeMap; @ 8
Event: 512.518 Thread 0x000000002560e000 Uncommon trap: reason=class_check action=maybe_recompile pc=0x0000000005508928 method=com.sun.org.apache.xerces.internal.dom.ElementImpl.getAttributes()Lorg/w3c/dom/NamedNodeMap; @ 8
Event: 512.518 Thread 0x000000002560e000 Uncommon trap: reason=class_check action=maybe_recompile pc=0x0000000005508928 method=com.sun.org.apache.xerces.internal.dom.ElementImpl.getAttributes()Lorg/w3c/dom/NamedNodeMap; @ 8
Event: 512.518 Thread 0x000000002560e000 Uncommon trap: reason=class_check action=maybe_recompile pc=0x0000000005508928 method=com.sun.org.apache.xerces.internal.dom.ElementImpl.getAttributes()Lorg/w3c/dom/NamedNodeMap; @ 8
Event: 512.538 Thread 0x000000002560e000 Uncommon trap: reason=bimorphic action=maybe_recompile pc=0x0000000005552830 method=com.sun.org.apache.xerces.internal.dom.ElementImpl.getAttributes()Lorg/w3c/dom/NamedNodeMap; @ 8

Classes redefined (0 events):
No events

Internal exceptions (10 events):
Event: 511.546 Thread 0x000000001ab14800 Exception <a 'sun/nio/fs/WindowsException'> (0x00000000e6032540) thrown at [D:\src\AOSP-openjdk-cygwin\jdk8u\hotspot\src\share\vm\prims\jni.cpp, line 709]
Event: 511.546 Thread 0x000000001ab14800 Exception <a 'sun/nio/fs/WindowsException'> (0x00000000e6033100) thrown at [D:\src\AOSP-openjdk-cygwin\jdk8u\hotspot\src\share\vm\prims\jni.cpp, line 709]
Event: 511.546 Thread 0x000000001ab14800 Exception <a 'sun/nio/fs/WindowsException'> (0x00000000e6035938) thrown at [D:\src\AOSP-openjdk-cygwin\jdk8u\hotspot\src\share\vm\prims\jni.cpp, line 709]
Event: 511.546 Thread 0x000000001ab14800 Exception <a 'sun/nio/fs/WindowsException'> (0x00000000e6036530) thrown at [D:\src\AOSP-openjdk-cygwin\jdk8u\hotspot\src\share\vm\prims\jni.cpp, line 709]
Event: 511.546 Thread 0x000000001ab14800 Exception <a 'sun/nio/fs/WindowsException'> (0x00000000e6038170) thrown at [D:\src\AOSP-openjdk-cygwin\jdk8u\hotspot\src\share\vm\prims\jni.cpp, line 709]
Event: 511.547 Thread 0x000000001ab14800 Exception <a 'sun/nio/fs/WindowsException'> (0x00000000e6038da0) thrown at [D:\src\AOSP-openjdk-cygwin\jdk8u\hotspot\src\share\vm\prims\jni.cpp, line 709]
Event: 511.547 Thread 0x000000001ab14800 Exception <a 'sun/nio/fs/WindowsException'> (0x00000000e603b760) thrown at [D:\src\AOSP-openjdk-cygwin\jdk8u\hotspot\src\share\vm\prims\jni.cpp, line 709]
Event: 511.547 Thread 0x000000001ab14800 Exception <a 'sun/nio/fs/WindowsException'> (0x00000000e603c3d0) thrown at [D:\src\AOSP-openjdk-cygwin\jdk8u\hotspot\src\share\vm\prims\jni.cpp, line 709]
Event: 511.547 Thread 0x000000001ab14800 Exception <a 'sun/nio/fs/WindowsException'> (0x00000000e603e0b8) thrown at [D:\src\AOSP-openjdk-cygwin\jdk8u\hotspot\src\share\vm\prims\jni.cpp, line 709]
Event: 511.547 Thread 0x000000001ab14800 Exception <a 'sun/nio/fs/WindowsException'> (0x00000000e603ed60) thrown at [D:\src\AOSP-openjdk-cygwin\jdk8u\hotspot\src\share\vm\prims\jni.cpp, line 709]

Events (10 events):
Event: 512.518 Thread 0x000000002560e000 DEOPT UNPACKING pc=0x0000000002e0557b sp=0x00000000319bd358 mode 2
Event: 512.518 Thread 0x000000002560e000 Uncommon trap: trap_request=0xffffffde fr.pc=0x0000000005508928
Event: 512.518 Thread 0x000000002560e000 DEOPT PACKING pc=0x0000000005508928 sp=0x00000000319bd270
Event: 512.518 Thread 0x000000002560e000 DEOPT UNPACKING pc=0x0000000002e0557b sp=0x00000000319bd218 mode 2
Event: 512.518 Thread 0x000000002560e000 Uncommon trap: trap_request=0xffffffde fr.pc=0x0000000005508928
Event: 512.518 Thread 0x000000002560e000 DEOPT PACKING pc=0x0000000005508928 sp=0x00000000319bd3b0
Event: 512.518 Thread 0x000000002560e000 DEOPT UNPACKING pc=0x0000000002e0557b sp=0x00000000319bd358 mode 2
Event: 512.538 Thread 0x000000002560e000 Uncommon trap: trap_request=0xffffffc6 fr.pc=0x0000000005552830
Event: 512.538 Thread 0x000000002560e000 DEOPT PACKING pc=0x0000000005552830 sp=0x00000000319bd1c0
Event: 512.538 Thread 0x000000002560e000 DEOPT UNPACKING pc=0x0000000002e0557b sp=0x00000000319bd160 mode 2


Dynamic libraries:
0x00007ff7910e0000 - 0x00007ff791111000 	C:\Program Files\Android\Android Studio\jre\bin\java.exe
0x00007ff8c5610000 - 0x00007ff8c57f1000 	C:\WINDOWS\SYSTEM32\ntdll.dll
0x00007ff8c4790000 - 0x00007ff8c4842000 	C:\WINDOWS\System32\KERNEL32.DLL
0x00007ff8c2680000 - 0x00007ff8c28f3000 	C:\WINDOWS\System32\KERNELBASE.dll
0x00007ff8c4850000 - 0x00007ff8c48f1000 	C:\WINDOWS\System32\ADVAPI32.dll
0x00007ff8c2aa0000 - 0x00007ff8c2b3e000 	C:\WINDOWS\System32\msvcrt.dll
0x00007ff8c4d10000 - 0x00007ff8c4d6b000 	C:\WINDOWS\System32\sechost.dll
0x00007ff8c54b0000 - 0x00007ff8c55d4000 	C:\WINDOWS\System32\RPCRT4.dll
0x00007ff8c4430000 - 0x00007ff8c45c0000 	C:\WINDOWS\System32\USER32.dll
0x00007ff8c2a00000 - 0x00007ff8c2a20000 	C:\WINDOWS\System32\win32u.dll
0x00007ff8c5030000 - 0x00007ff8c5058000 	C:\WINDOWS\System32\GDI32.dll
0x00007ff8c23e0000 - 0x00007ff8c2572000 	C:\WINDOWS\System32\gdi32full.dll
0x00007ff8c2580000 - 0x00007ff8c261f000 	C:\WINDOWS\System32\msvcp_win.dll
0x00007ff8c2900000 - 0x00007ff8c29fa000 	C:\WINDOWS\System32\ucrtbase.dll
0x00007ff8b9ab0000 - 0x00007ff8b9d19000 	C:\WINDOWS\WinSxS\amd64_microsoft.windows.common-controls_6595b64144ccf1df_6.0.17134.165_none_fb429645306569ac\COMCTL32.dll
0x00007ff8c2cc0000 - 0x00007ff8c2fe3000 	C:\WINDOWS\System32\combase.dll
0x00007ff8c2a20000 - 0x00007ff8c2a9a000 	C:\WINDOWS\System32\bcryptPrimitives.dll
0x00007ff8c5000000 - 0x00007ff8c502d000 	C:\WINDOWS\System32\IMM32.DLL
0x000000005f460000 - 0x000000005f532000 	C:\Program Files\Android\Android Studio\jre\jre\bin\msvcr100.dll
0x000000005f620000 - 0x000000005fe5f000 	C:\Program Files\Android\Android Studio\jre\jre\bin\server\jvm.dll
0x00007ff8c4ba0000 - 0x00007ff8c4ba8000 	C:\WINDOWS\System32\PSAPI.DLL
0x00007ff8c0050000 - 0x00007ff8c0059000 	C:\WINDOWS\SYSTEM32\WSOCK32.dll
0x00007ff8bfac0000 - 0x00007ff8bfae3000 	C:\WINDOWS\SYSTEM32\WINMM.dll
0x00007ff8c4900000 - 0x00007ff8c496c000 	C:\WINDOWS\System32\WS2_32.dll
0x00007ff8bd730000 - 0x00007ff8bd73a000 	C:\WINDOWS\SYSTEM32\VERSION.dll
0x00007ff8bf670000 - 0x00007ff8bf69a000 	C:\WINDOWS\SYSTEM32\winmmbase.dll
0x00007ff8c21a0000 - 0x00007ff8c21e9000 	C:\WINDOWS\System32\cfgmgr32.dll
0x00007ff8b72f0000 - 0x00007ff8b72ff000 	C:\Program Files\Android\Android Studio\jre\jre\bin\verify.dll
0x00007ff8b5530000 - 0x00007ff8b5559000 	C:\Program Files\Android\Android Studio\jre\jre\bin\java.dll
0x00007ff8b54d0000 - 0x00007ff8b54e6000 	C:\Program Files\Android\Android Studio\jre\jre\bin\zip.dll
0x00007ff8c2ff0000 - 0x00007ff8c4430000 	C:\WINDOWS\System32\SHELL32.dll
0x00007ff8c4af0000 - 0x00007ff8c4b99000 	C:\WINDOWS\System32\shcore.dll
0x00007ff8c1a90000 - 0x00007ff8c219d000 	C:\WINDOWS\System32\windows.storage.dll
0x00007ff8c4660000 - 0x00007ff8c46b1000 	C:\WINDOWS\System32\shlwapi.dll
0x00007ff8c19a0000 - 0x00007ff8c19b1000 	C:\WINDOWS\System32\kernel.appcore.dll
0x00007ff8c1930000 - 0x00007ff8c194f000 	C:\WINDOWS\System32\profapi.dll
0x00007ff8c1950000 - 0x00007ff8c199c000 	C:\WINDOWS\System32\powrprof.dll
0x00007ff8c1920000 - 0x00007ff8c192a000 	C:\WINDOWS\System32\FLTLIB.DLL
0x00007ff8ae9b0000 - 0x00007ff8ae9ca000 	C:\Program Files\Android\Android Studio\jre\jre\bin\net.dll
0x00007ff8c1140000 - 0x00007ff8c11a6000 	C:\WINDOWS\system32\mswsock.dll
0x00007ff8abc00000 - 0x00007ff8abc11000 	C:\Program Files\Android\Android Studio\jre\jre\bin\nio.dll
0x00007ff8b4670000 - 0x00007ff8b468e000 	C:\Users\Jean-PC\.gradle\native\25\windows-amd64\native-platform.dll
0x00007ff8bf980000 - 0x00007ff8bf98d000 	C:\Program Files\Android\Android Studio\jre\jre\bin\management.dll
0x00007ff8c12f0000 - 0x00007ff8c1307000 	C:\WINDOWS\SYSTEM32\CRYPTSP.dll
0x00007ff8c0d20000 - 0x00007ff8c0d53000 	C:\WINDOWS\system32\rsaenh.dll
0x00007ff8c1420000 - 0x00007ff8c1445000 	C:\WINDOWS\SYSTEM32\bcrypt.dll
0x00007ff8c1820000 - 0x00007ff8c1848000 	C:\WINDOWS\SYSTEM32\USERENV.dll
0x00007ff8c1310000 - 0x00007ff8c131b000 	C:\WINDOWS\SYSTEM32\CRYPTBASE.dll
0x00007ff8c0ec0000 - 0x00007ff8c0ef8000 	C:\WINDOWS\SYSTEM32\IPHLPAPI.DLL
0x00007ff8c4bb0000 - 0x00007ff8c4bb8000 	C:\WINDOWS\System32\NSI.dll
0x00007ff8bcb60000 - 0x00007ff8bcb76000 	C:\WINDOWS\SYSTEM32\dhcpcsvc6.DLL
0x00007ff8bd240000 - 0x00007ff8bd25a000 	C:\WINDOWS\SYSTEM32\dhcpcsvc.DLL

VM Arguments:
jvm_args: -Xmx1536m -Dfile.encoding=windows-1252 -Duser.country=BR -Duser.language=pt -Duser.variant 
java_command: org.gradle.launcher.daemon.bootstrap.GradleDaemon 4.4
java_class_path (initial): C:\Users\Jean-PC\.gradle\wrapper\dists\gradle-4.4-all\9br9xq1tocpiv8o6njlyu5op1\gradle-4.4\lib\gradle-launcher-4.4.jar
Launcher Type: SUN_STANDARD

Environment Variables:
PATH=C:\Program Files (x86)\Common Files\Oracle\Java\javapath;C:\ProgramData\Oracle\Java\javapath;C:\WINDOWS\system32;C:\WINDOWS;C:\WINDOWS\System32\Wbem;C:\WINDOWS\System32\WindowsPowerShell\v1.0\;C:\Program Files (x86)\GtkSharp\2.12\bin;C:\Program Files (x86)\NVIDIA Corporation\PhysX\Common;C:\WINDOWS\system32;C:\WINDOWS;C:\WINDOWS\System32\Wbem;C:\WINDOWS\System32\WindowsPowerShell\v1.0\;C:\WINDOWS\System32\OpenSSH\;C:\Users\Jean-PC\AppData\Roaming\Dashlane\4.6.6.23032\bin\Firefox_Extension\{442718d9-475e-452a-b3e1-fb1ee16b8e9f}\components;C:\Users\Jean-PC\AppData\Local\Microsoft\WindowsApps;%DASHLANE_DLL_DIR%;
USERNAME=Jean-PC
OS=Windows_NT
PROCESSOR_IDENTIFIER=Intel64 Family 6 Model 58 Stepping 9, GenuineIntel



---------------  S Y S T E M  ---------------

OS: Windows 10.0 , 64 bit Build 17134 (10.0.17134.1)

CPU:total 8 (initial active 8) (4 cores per cpu, 2 threads per core) family 6 model 58 stepping 9, cmov, cx8, fxsr, mmx, sse, sse2, sse3, ssse3, sse4.1, sse4.2, popcnt, avx, aes, clmul, erms, ht, tsc, tscinvbit, tscinv

Memory: 4k page, physical 8353684k(965196k free), swap 8353684k(3796k free)

vm_info: OpenJDK 64-Bit Server VM (25.152-b02) for windows-amd64 JRE (1.8.0_152-release-1024-b02), built by "builder" with MS VC++ 10.0 (VS2010)

time: Sun Jul 29 06:49:04 2018
elapsed time: 512 seconds (0d 0h 8m 32s)

