#
# There is insufficient memory for the Java Runtime Environment to continue.
# Native memory allocation (malloc) failed to allocate 1493696 bytes for Chunk::new
# Possible reasons:
#   The system is out of physical RAM or swap space
#   In 32 bit mode, the process size limit was hit
# Possible solutions:
#   Reduce memory load on the system
#   Increase physical memory or swap space
#   Check if swap backing store is full
#   Use 64 bit Java on a 64 bit OS
#   Decrease Java heap size (-Xmx/-Xms)
#   Decrease number of Java threads
#   Decrease Java thread stack sizes (-Xss)
#   Set larger code cache with -XX:ReservedCodeCacheSize=
# This output file may be truncated or incomplete.
#
#  Out of Memory Error (allocation.cpp:390), pid=11844, tid=0x0000000000000cf4
#
# JRE version: OpenJDK Runtime Environment (8.0_152-b02) (build 1.8.0_152-release-1024-b02)
# Java VM: OpenJDK 64-Bit Server VM (25.152-b02 mixed mode windows-amd64 compressed oops)
# Failed to write core dump. Minidumps are not enabled by default on client versions of Windows
#

---------------  T H R E A D  ---------------

Current thread (0x0000000015e95800):  JavaThread "C2 CompilerThread0" daemon [_thread_in_native, id=3316, stack(0x0000000016680000,0x0000000016780000)]

Stack: [0x0000000016680000,0x0000000016780000]
[error occurred during error reporting (printing stack bounds), id 0xc0000005]

Native frames: (J=compiled Java code, j=interpreted, Vv=VM code, C=native code)


Current CompileTask:
C2:2313231 20240       4       org.gradle.api.internal.artifacts.transform.DefaultArtifactTransforms$AttributeMatchingVariantSelector::doSelect (374 bytes)


---------------  P R O C E S S  ---------------

Java Threads: ( => current thread )
  0x000000001d319800 JavaThread "build operations Thread 8" [_thread_blocked, id=12184, stack(0x000000004a5b0000,0x000000004a6b0000)]
  0x000000001b390000 JavaThread "build operations Thread 7" [_thread_blocked, id=13416, stack(0x000000004a4b0000,0x000000004a5b0000)]
  0x000000001b38f800 JavaThread "build operations Thread 6" [_thread_blocked, id=15020, stack(0x000000004a3b0000,0x000000004a4b0000)]
  0x000000001b38e800 JavaThread "build operations Thread 5" [_thread_blocked, id=3796, stack(0x000000004a2b0000,0x000000004a3b0000)]
  0x000000001b38e000 JavaThread "build operations Thread 4" [_thread_blocked, id=11600, stack(0x000000004a1b0000,0x000000004a2b0000)]
  0x000000001b38d000 JavaThread "build operations Thread 3" [_thread_blocked, id=17244, stack(0x000000004a0b0000,0x000000004a1b0000)]
  0x000000001b38c800 JavaThread "build operations Thread 2" [_thread_blocked, id=5940, stack(0x0000000049fb0000,0x000000004a0b0000)]
  0x000000001b38b800 JavaThread "build operations" [_thread_blocked, id=5660, stack(0x0000000049eb0000,0x0000000049fb0000)]
  0x000000001b384000 JavaThread "Cache worker for Artifact transforms cache (C:\Users\Jean-PC\.gradle\caches\transforms-1)" [_thread_blocked, id=13868, stack(0x0000000049db0000,0x0000000049eb0000)]
  0x000000001b38b000 JavaThread "Cache worker for file hash cache (C:\Users\Jean-PC\AndroidStudioProjects\MyApplication\.gradle\4.4\fileHashes)" [_thread_blocked, id=232, stack(0x0000000049cb0000,0x0000000049db0000)]
  0x000000001b383800 JavaThread "Stdin handler" [_thread_blocked, id=8224, stack(0x0000000049bb0000,0x0000000049cb0000)]
  0x000000001b38a000 JavaThread "Asynchronous log dispatcher for DefaultDaemonConnection: socket connection from /127.0.0.1:49484 to /127.0.0.1:49860" [_thread_blocked, id=15616, stack(0x0000000049ab0000,0x0000000049bb0000)]
  0x000000001b388800 JavaThread "Cancel handler" [_thread_blocked, id=7248, stack(0x00000000499b0000,0x0000000049ab0000)]
  0x000000001b381000 JavaThread "Handler for socket connection from /127.0.0.1:49484 to /127.0.0.1:49860" [_thread_in_native, id=4120, stack(0x00000000498b0000,0x00000000499b0000)]
  0x000000001b385000 JavaThread "ForkJoinPool.commonPool-worker-6" daemon [_thread_blocked, id=1116, stack(0x0000000048fb0000,0x00000000490b0000)]
  0x000000001b388000 JavaThread "ForkJoinPool.commonPool-worker-5" daemon [_thread_blocked, id=8548, stack(0x0000000048eb0000,0x0000000048fb0000)]
  0x000000001b382000 JavaThread "ForkJoinPool.commonPool-worker-4" daemon [_thread_blocked, id=7008, stack(0x0000000048db0000,0x0000000048eb0000)]
  0x000000001d327800 JavaThread "ForkJoinPool.commonPool-worker-3" daemon [_thread_blocked, id=756, stack(0x0000000048cb0000,0x0000000048db0000)]
  0x000000001bc15800 JavaThread "Daemon worker Thread 8" [_thread_in_Java, id=7320, stack(0x00000000441b0000,0x00000000442b0000)]
  0x000000001bc14000 JavaThread "Daemon Thread 8" [_thread_blocked, id=15936, stack(0x0000000043eb0000,0x0000000043fb0000)]
  0x000000001bc19000 JavaThread "Memory manager" [_thread_blocked, id=16092, stack(0x00000000207e0000,0x00000000208e0000)]
  0x0000000017fd5000 JavaThread "File lock request listener" [_thread_in_native, id=2796, stack(0x00000000198e0000,0x00000000199e0000)]
  0x0000000018032800 JavaThread "Cache worker for file hash cache (C:\Users\Jean-PC\.gradle\caches\4.4\fileHashes)" [_thread_blocked, id=5792, stack(0x00000000197e0000,0x00000000198e0000)]
  0x0000000017d2d000 JavaThread "Daemon periodic checks" [_thread_blocked, id=14712, stack(0x0000000018be0000,0x0000000018ce0000)]
  0x0000000017d3c000 JavaThread "Incoming local TCP Connector on port 49484" [_thread_in_native, id=15280, stack(0x0000000018990000,0x0000000018a90000)]
  0x0000000015f38000 JavaThread "Service Thread" daemon [_thread_blocked, id=1916, stack(0x0000000016a80000,0x0000000016b80000)]
  0x0000000015eae000 JavaThread "C1 CompilerThread3" daemon [_thread_blocked, id=9536, stack(0x0000000016980000,0x0000000016a80000)]
  0x0000000015ea9000 JavaThread "C2 CompilerThread2" daemon [_thread_in_native, id=12360, stack(0x0000000016880000,0x0000000016980000)]
  0x0000000015e97800 JavaThread "C2 CompilerThread1" daemon [_thread_in_native, id=17704, stack(0x0000000016780000,0x0000000016880000)]
=>0x0000000015e95800 JavaThread "C2 CompilerThread0" daemon [_thread_in_native, id=3316, stack(0x0000000016680000,0x0000000016780000)]
  0x0000000015ea5000 JavaThread "Attach Listener" daemon [_thread_blocked, id=12468, stack(0x0000000016580000,0x0000000016680000)]
  0x0000000015ea3800 JavaThread "Signal Dispatcher" daemon [_thread_blocked, id=9120, stack(0x0000000016480000,0x0000000016580000)]
  0x0000000015e91800 JavaThread "Finalizer" daemon [_thread_blocked, id=16904, stack(0x0000000016270000,0x0000000016370000)]
  0x00000000026e7000 JavaThread "Reference Handler" daemon [_thread_blocked, id=7220, stack(0x0000000015d70000,0x0000000015e70000)]
  0x000000000086e000 JavaThread "main" [_thread_blocked, id=12140, stack(0x0000000000cc0000,0x0000000000dc0000)]

Other Threads:
  0x0000000013f95800 VMThread [stack: 0x0000000015c70000,0x0000000015d70000] [id=13180]
  0x0000000015f38800 WatcherThread [stack: 0x0000000016b80000,0x0000000016c80000] [id=11360]

VM state:not at safepoint (normal execution)

VM Mutex/Monitor currently owned by a thread: None

Heap:
 PSYoungGen      total 144384K, used 110633K [0x00000000f5580000, 0x0000000100000000, 0x0000000100000000)
  eden space 112640K, 88% used [0x00000000f5580000,0x00000000fb69a618,0x00000000fc380000)
  from space 31744K, 35% used [0x00000000fe100000,0x00000000febefdf0,0x0000000100000000)
  to   space 30208K, 0% used [0x00000000fc380000,0x00000000fc380000,0x00000000fe100000)
 ParOldGen       total 191488K, used 113870K [0x00000000e0000000, 0x00000000ebb00000, 0x00000000f5580000)
  object space 191488K, 59% used [0x00000000e0000000,0x00000000e6f33a68,0x00000000ebb00000)
 Metaspace       used 84459K, capacity 88878K, committed 89176K, reserved 1126400K
  class space    used 10709K, capacity 11537K, committed 11648K, reserved 1048576K

Card table byte_map: [0x0000000011ba0000,0x0000000011cb0000] byte_map_base: 0x00000000114a0000

Marking Bits: (ParMarkBitMap*) 0x000000005af04970
 Begin Bits: [0x00000000124b0000, 0x0000000012cb0000)
 End Bits:   [0x0000000012cb0000, 0x00000000134b0000)

Polling page: 0x0000000000870000

CodeCache: size=245760Kb used=57142Kb max_used=57157Kb free=188617Kb
 bounds [0x00000000027e0000, 0x0000000006010000, 0x00000000117e0000]
 total_blobs=16666 nmethods=15824 adapters=754
 compilation: enabled

Compilation events (10 events):
Event: 2312.616 Thread 0x0000000015eae000 nmethod 20427 0x0000000005feba50 code [0x0000000005febe20, 0x0000000005fee688]
Event: 2312.626 Thread 0x0000000015eae000 20428       3       groovy.lang.MetaClassImpl::applyPropertyDescriptors (151 bytes)
Event: 2312.629 Thread 0x0000000015eae000 nmethod 20428 0x0000000005feffd0 code [0x0000000005ff04e0, 0x0000000005ff3f48]
Event: 2312.636 Thread 0x0000000015eae000 20430       3       org.gradle.api.internal.project.DefaultProject_Decorated::getMetaClass (29 bytes)
Event: 2312.637 Thread 0x0000000015eae000 nmethod 20430 0x0000000005fe6b10 code [0x0000000005fe6d00, 0x0000000005fe7888]
Event: 2312.644 Thread 0x0000000015eae000 20432       2       groovy.lang.MetaClassImpl::addInterfaceMethods (81 bytes)
Event: 2312.644 Thread 0x0000000015eae000 nmethod 20432 0x0000000005fe61d0 code [0x0000000005fe63a0, 0x0000000005fe6758]
Event: 2312.648 Thread 0x0000000015eae000 20433       2       org.codehaus.groovy.runtime.MetaClassHelper::unwrap (36 bytes)
Event: 2312.648 Thread 0x0000000015eae000 nmethod 20433 0x0000000005fc8cd0 code [0x0000000005fc8e40, 0x0000000005fc9128]
Event: 2312.649 Thread 0x0000000015eae000 20434       2       groovy.lang.MetaClassImpl::inheritInterfaceNewMetaMethods (105 bytes)

GC Heap History (10 events):
Event: 2296.475 GC heap before
{Heap before GC invocations=52 (full 4):
 PSYoungGen      total 144384K, used 124832K [0x00000000f5580000, 0x00000000ffd80000, 0x0000000100000000)
  eden space 118272K, 100% used [0x00000000f5580000,0x00000000fc900000,0x00000000fc900000)
  from space 26112K, 25% used [0x00000000fc900000,0x00000000fcf68088,0x00000000fe280000)
  to   space 25088K, 0% used [0x00000000fe500000,0x00000000fe500000,0x00000000ffd80000)
 ParOldGen       total 191488K, used 98866K [0x00000000e0000000, 0x00000000ebb00000, 0x00000000f5580000)
  object space 191488K, 51% used [0x00000000e0000000,0x00000000e608c878,0x00000000ebb00000)
 Metaspace       used 78651K, capacity 82604K, committed 82648K, reserved 1122304K
  class space    used 9979K, capacity 10739K, committed 10752K, reserved 1048576K
Event: 2296.480 GC heap after
Heap after GC invocations=52 (full 4):
 PSYoungGen      total 147456K, used 7552K [0x00000000f5580000, 0x00000000ffd00000, 0x0000000100000000)
  eden space 122880K, 0% used [0x00000000f5580000,0x00000000f5580000,0x00000000fcd80000)
  from space 24576K, 30% used [0x00000000fe500000,0x00000000fec600a0,0x00000000ffd00000)
  to   space 24064K, 0% used [0x00000000fcd80000,0x00000000fcd80000,0x00000000fe500000)
 ParOldGen       total 191488K, used 98874K [0x00000000e0000000, 0x00000000ebb00000, 0x00000000f5580000)
  object space 191488K, 51% used [0x00000000e0000000,0x00000000e608e878,0x00000000ebb00000)
 Metaspace       used 78651K, capacity 82604K, committed 82648K, reserved 1122304K
  class space    used 9979K, capacity 10739K, committed 10752K, reserved 1048576K
}
Event: 2298.052 GC heap before
{Heap before GC invocations=53 (full 4):
 PSYoungGen      total 147456K, used 130432K [0x00000000f5580000, 0x00000000ffd00000, 0x0000000100000000)
  eden space 122880K, 100% used [0x00000000f5580000,0x00000000fcd80000,0x00000000fcd80000)
  from space 24576K, 30% used [0x00000000fe500000,0x00000000fec600a0,0x00000000ffd00000)
  to   space 24064K, 0% used [0x00000000fcd80000,0x00000000fcd80000,0x00000000fe500000)
 ParOldGen       total 191488K, used 98874K [0x00000000e0000000, 0x00000000ebb00000, 0x00000000f5580000)
  object space 191488K, 51% used [0x00000000e0000000,0x00000000e608e878,0x00000000ebb00000)
 Metaspace       used 78762K, capacity 82740K, committed 82904K, reserved 1122304K
  class space    used 9979K, capacity 10739K, committed 10752K, reserved 1048576K
Event: 2298.075 GC heap after
Heap after GC invocations=53 (full 4):
 PSYoungGen      total 146944K, used 24061K [0x00000000f5580000, 0x0000000100000000, 0x0000000100000000)
  eden space 122880K, 0% used [0x00000000f5580000,0x00000000f5580000,0x00000000fcd80000)
  from space 24064K, 99% used [0x00000000fcd80000,0x00000000fe4ff770,0x00000000fe500000)
  to   space 27648K, 0% used [0x00000000fe500000,0x00000000fe500000,0x0000000100000000)
 ParOldGen       total 191488K, used 108018K [0x00000000e0000000, 0x00000000ebb00000, 0x00000000f5580000)
  object space 191488K, 56% used [0x00000000e0000000,0x00000000e697c908,0x00000000ebb00000)
 Metaspace       used 78762K, capacity 82740K, committed 82904K, reserved 1122304K
  class space    used 9979K, capacity 10739K, committed 10752K, reserved 1048576K
}
Event: 2299.018 GC heap before
{Heap before GC invocations=54 (full 4):
 PSYoungGen      total 146944K, used 143935K [0x00000000f5580000, 0x0000000100000000, 0x0000000100000000)
  eden space 122880K, 97% used [0x00000000f5580000,0x00000000fca90608,0x00000000fcd80000)
  from space 24064K, 99% used [0x00000000fcd80000,0x00000000fe4ff770,0x00000000fe500000)
  to   space 27648K, 0% used [0x00000000fe500000,0x00000000fe500000,0x0000000100000000)
 ParOldGen       total 191488K, used 108018K [0x00000000e0000000, 0x00000000ebb00000, 0x00000000f5580000)
  object space 191488K, 56% used [0x00000000e0000000,0x00000000e697c908,0x00000000ebb00000)
 Metaspace       used 78787K, capacity 82740K, committed 82904K, reserved 1122304K
  class space    used 9979K, capacity 10739K, committed 10752K, reserved 1048576K
Event: 2299.033 GC heap after
Heap after GC invocations=54 (full 4):
 PSYoungGen      total 141824K, used 15038K [0x00000000f5580000, 0x0000000100000000, 0x0000000100000000)
  eden space 114176K, 0% used [0x00000000f5580000,0x00000000f5580000,0x00000000fc500000)
  from space 27648K, 54% used [0x00000000fe500000,0x00000000ff3afb10,0x0000000100000000)
  to   space 30208K, 0% used [0x00000000fc500000,0x00000000fc500000,0x00000000fe280000)
 ParOldGen       total 191488K, used 108266K [0x00000000e0000000, 0x00000000ebb00000, 0x00000000f5580000)
  object space 191488K, 56% used [0x00000000e0000000,0x00000000e69ba918,0x00000000ebb00000)
 Metaspace       used 78787K, capacity 82740K, committed 82904K, reserved 1122304K
  class space    used 9979K, capacity 10739K, committed 10752K, reserved 1048576K
}
Event: 2299.256 GC heap before
{Heap before GC invocations=55 (full 4):
 PSYoungGen      total 141824K, used 127725K [0x00000000f5580000, 0x0000000100000000, 0x0000000100000000)
  eden space 114176K, 98% used [0x00000000f5580000,0x00000000fc38b930,0x00000000fc500000)
  from space 27648K, 54% used [0x00000000fe500000,0x00000000ff3afb10,0x0000000100000000)
  to   space 30208K, 0% used [0x00000000fc500000,0x00000000fc500000,0x00000000fe280000)
 ParOldGen       total 191488K, used 108266K [0x00000000e0000000, 0x00000000ebb00000, 0x00000000f5580000)
  object space 191488K, 56% used [0x00000000e0000000,0x00000000e69ba918,0x00000000ebb00000)
 Metaspace       used 78788K, capacity 82740K, committed 82904K, reserved 1122304K
  class space    used 9980K, capacity 10739K, committed 10752K, reserved 1048576K
Event: 2299.268 GC heap after
Heap after GC invocations=55 (full 4):
 PSYoungGen      total 135680K, used 21177K [0x00000000f5580000, 0x0000000100000000, 0x0000000100000000)
  eden space 114176K, 0% used [0x00000000f5580000,0x00000000f5580000,0x00000000fc500000)
  from space 21504K, 98% used [0x00000000fc500000,0x00000000fd9ae690,0x00000000fda00000)
  to   space 31744K, 0% used [0x00000000fe100000,0x00000000fe100000,0x0000000100000000)
 ParOldGen       total 191488K, used 108274K [0x00000000e0000000, 0x00000000ebb00000, 0x00000000f5580000)
  object space 191488K, 56% used [0x00000000e0000000,0x00000000e69bc918,0x00000000ebb00000)
 Metaspace       used 78788K, capacity 82740K, committed 82904K, reserved 1122304K
  class space    used 9980K, capacity 10739K, committed 10752K, reserved 1048576K
}
Event: 2311.873 GC heap before
{Heap before GC invocations=56 (full 4):
 PSYoungGen      total 135680K, used 135353K [0x00000000f5580000, 0x0000000100000000, 0x0000000100000000)
  eden space 114176K, 100% used [0x00000000f5580000,0x00000000fc500000,0x00000000fc500000)
  from space 21504K, 98% used [0x00000000fc500000,0x00000000fd9ae690,0x00000000fda00000)
  to   space 31744K, 0% used [0x00000000fe100000,0x00000000fe100000,0x0000000100000000)
 ParOldGen       total 191488K, used 108274K [0x00000000e0000000, 0x00000000ebb00000, 0x00000000f5580000)
  object space 191488K, 56% used [0x00000000e0000000,0x00000000e69bc918,0x00000000ebb00000)
 Metaspace       used 83331K, capacity 87640K, committed 88024K, reserved 1126400K
  class space    used 10556K, capacity 11422K, committed 11520K, reserved 1048576K
Event: 2311.916 GC heap after
Heap after GC invocations=56 (full 4):
 PSYoungGen      total 144384K, used 11199K [0x00000000f5580000, 0x0000000100000000, 0x0000000100000000)
  eden space 112640K, 0% used [0x00000000f5580000,0x00000000f5580000,0x00000000fc380000)
  from space 31744K, 35% used [0x00000000fe100000,0x00000000febefdf0,0x0000000100000000)
  to   space 30208K, 0% used [0x00000000fc380000,0x00000000fc380000,0x00000000fe100000)
 ParOldGen       total 191488K, used 113870K [0x00000000e0000000, 0x00000000ebb00000, 0x00000000f5580000)
  object space 191488K, 59% used [0x00000000e0000000,0x00000000e6f33a68,0x00000000ebb00000)
 Metaspace       used 83331K, capacity 87640K, committed 88024K, reserved 1126400K
  class space    used 10556K, capacity 11422K, committed 11520K, reserved 1048576K
}

Deoptimization events (10 events):
Event: 2311.971 Thread 0x000000001bc15800 Uncommon trap: reason=class_check action=maybe_recompile pc=0x000000000304f440 method=java.lang.Throwable.<init>(Ljava/lang/String;Ljava/lang/Throwable;)V @ 24
Event: 2312.029 Thread 0x000000001bc15800 Uncommon trap: reason=unstable_if action=reinterpret pc=0x0000000005293bf8 method=org.gradle.api.internal.artifacts.ivyservice.resolveengine.artifact.ArtifactBackedResolvedVariant$SingleArtifactSet.startVisit(Lorg/gradle/internal/operations/BuildOperation
Event: 2312.029 Thread 0x000000001bc15800 Uncommon trap: reason=bimorphic action=maybe_recompile pc=0x0000000005571534 method=org.gradle.api.internal.artifacts.ivyservice.resolveengine.artifact.ArtifactBackedResolvedVariant$SingleArtifactSet.visit(Lorg/gradle/api/internal/artifacts/ivyservice/res
Event: 2312.029 Thread 0x000000001bc15800 Uncommon trap: reason=bimorphic action=maybe_recompile pc=0x0000000005571534 method=org.gradle.api.internal.artifacts.ivyservice.resolveengine.artifact.ArtifactBackedResolvedVariant$SingleArtifactSet.visit(Lorg/gradle/api/internal/artifacts/ivyservice/res
Event: 2312.029 Thread 0x000000001bc15800 Uncommon trap: reason=bimorphic action=maybe_recompile pc=0x0000000005571534 method=org.gradle.api.internal.artifacts.ivyservice.resolveengine.artifact.ArtifactBackedResolvedVariant$SingleArtifactSet.visit(Lorg/gradle/api/internal/artifacts/ivyservice/res
Event: 2312.029 Thread 0x000000001bc15800 Uncommon trap: reason=bimorphic action=maybe_recompile pc=0x0000000005571534 method=org.gradle.api.internal.artifacts.ivyservice.resolveengine.artifact.ArtifactBackedResolvedVariant$SingleArtifactSet.visit(Lorg/gradle/api/internal/artifacts/ivyservice/res
Event: 2312.150 Thread 0x000000001bc15800 Uncommon trap: reason=bimorphic action=maybe_recompile pc=0x00000000036b59a8 method=com.esotericsoftware.kryo.io.Input.fill([BII)I @ 16
Event: 2312.158 Thread 0x000000001bc15800 Uncommon trap: reason=unstable_if action=reinterpret pc=0x000000000495ad10 method=com.google.common.cache.LocalCache$Segment.recordWrite(Lcom/google/common/cache/LocalCache$ReferenceEntry;IJ)V @ 21
Event: 2312.199 Thread 0x000000001bc15800 Uncommon trap: reason=unstable_if action=reinterpret pc=0x000000000358a1b0 method=groovy.lang.MetaClassImpl.checkIfStdMethod(Lgroovy/lang/MetaMethod;)V @ 55
Event: 2312.304 Thread 0x000000001bc15800 Uncommon trap: reason=unstable_if action=reinterpret pc=0x0000000005e9969c method=groovy.lang.MetaClassImpl.filterPropertyMethod(Ljava/lang/Object;ZZ)Ljava/lang/Object; @ 60

Classes redefined (0 events):
No events

Internal exceptions (10 events):
Event: 2312.632 Thread 0x000000001bc15800 Exception <a 'java/lang/ClassNotFoundException': com/android/build/gradle/internal/res/LinkApplicationAndroidResourcesTaskCustomizer> (0x00000000faebe438) thrown at [D:\src\AOSP-openjdk-cygwin\jdk8u\hotspot\src\share\vm\classfile\systemDictionary.cpp, lin
Event: 2312.634 Thread 0x000000001bc15800 Exception <a 'java/lang/ClassNotFoundException': com/android/build/gradle/internal/res/LinkApplicationAndroidResourcesTask_DecoratedCustomizer> (0x00000000faf30098) thrown at [D:\src\AOSP-openjdk-cygwin\jdk8u\hotspot\src\share\vm\classfile\systemDictionar
Event: 2312.638 Thread 0x000000001bc15800 Exception <a 'java/lang/ClassNotFoundException': com/android/build/gradle/tasks/MergeManifests_DecoratedBeanInfo> (0x00000000fb070f98) thrown at [D:\src\AOSP-openjdk-cygwin\jdk8u\hotspot\src\share\vm\classfile\systemDictionary.cpp, line 210]
Event: 2312.639 Thread 0x000000001bc15800 Exception <a 'java/lang/ClassNotFoundException': com/android/build/gradle/tasks/MergeManifestsBeanInfo> (0x00000000fb0867d0) thrown at [D:\src\AOSP-openjdk-cygwin\jdk8u\hotspot\src\share\vm\classfile\systemDictionary.cpp, line 210]
Event: 2312.639 Thread 0x000000001bc15800 Exception <a 'java/lang/ClassNotFoundException': com/android/build/gradle/tasks/MergeManifestsCustomizer> (0x00000000fb09c6b0) thrown at [D:\src\AOSP-openjdk-cygwin\jdk8u\hotspot\src\share\vm\classfile\systemDictionary.cpp, line 210]
Event: 2312.641 Thread 0x000000001bc15800 Exception <a 'java/lang/ClassNotFoundException': com/android/build/gradle/tasks/MergeManifests_DecoratedCustomizer> (0x00000000fb0fe6a0) thrown at [D:\src\AOSP-openjdk-cygwin\jdk8u\hotspot\src\share\vm\classfile\systemDictionary.cpp, line 210]
Event: 2312.645 Thread 0x000000001bc15800 Exception <a 'java/lang/ClassNotFoundException': com/android/build/gradle/tasks/BuildArtifactReportTask_DecoratedBeanInfo> (0x00000000fb1e4c68) thrown at [D:\src\AOSP-openjdk-cygwin\jdk8u\hotspot\src\share\vm\classfile\systemDictionary.cpp, line 210]
Event: 2312.645 Thread 0x000000001bc15800 Exception <a 'java/lang/ClassNotFoundException': com/android/build/gradle/tasks/BuildArtifactReportTaskBeanInfo> (0x00000000fb1fc170) thrown at [D:\src\AOSP-openjdk-cygwin\jdk8u\hotspot\src\share\vm\classfile\systemDictionary.cpp, line 210]
Event: 2312.645 Thread 0x000000001bc15800 Exception <a 'java/lang/ClassNotFoundException': com/android/build/gradle/tasks/BuildArtifactReportTaskCustomizer> (0x00000000fb214148) thrown at [D:\src\AOSP-openjdk-cygwin\jdk8u\hotspot\src\share\vm\classfile\systemDictionary.cpp, line 210]
Event: 2312.646 Thread 0x000000001bc15800 Exception <a 'java/lang/ClassNotFoundException': com/android/build/gradle/tasks/BuildArtifactReportTask_DecoratedCustomizer> (0x00000000fb247950) thrown at [D:\src\AOSP-openjdk-cygwin\jdk8u\hotspot\src\share\vm\classfile\systemDictionary.cpp, line 210]

Events (10 events):
Event: 2312.645 loading class com/android/build/api/artifact/ArtifactType
Event: 2312.645 loading class com/android/build/api/artifact/ArtifactType done
Event: 2312.646 loading class com/android/build/gradle/tasks/BuildArtifactReportTask_DecoratedCustomizer
Event: 2312.646 loading class com/android/build/gradle/tasks/BuildArtifactReportTask_DecoratedCustomizer done
Event: 2312.646 loading class com/android/build/gradle/tasks/BuildArtifactReportTask_DecoratedCustomizer
Event: 2312.646 loading class com/android/build/gradle/tasks/BuildArtifactReportTask_DecoratedCustomizer done
Event: 2312.646 loading class com/android/build/gradle/tasks/BuildArtifactReportTask_DecoratedCustomizer
Event: 2312.646 loading class com/android/build/gradle/tasks/BuildArtifactReportTask_DecoratedCustomizer done
Event: 2312.648 loading class groovy/runtime/metaclass/com/android/build/gradle/internal/tasks/SigningReportTask_DecoratedMetaClass
Event: 2312.648 loading class groovy/runtime/metaclass/com/android/build/gradle/internal/tasks/SigningReportTask_DecoratedMetaClass done


Dynamic libraries:
0x00007ff770ba0000 - 0x00007ff770bd1000 	C:\Program Files\Android\Android Studio\jre\bin\java.exe
0x00007ff89d680000 - 0x00007ff89d861000 	C:\WINDOWS\SYSTEM32\ntdll.dll
0x00007ff89ce80000 - 0x00007ff89cf32000 	C:\WINDOWS\System32\KERNEL32.DLL
0x00007ff89a350000 - 0x00007ff89a5c3000 	C:\WINDOWS\System32\KERNELBASE.dll
0x00007ff89c7f0000 - 0x00007ff89c891000 	C:\WINDOWS\System32\ADVAPI32.dll
0x00007ff89ad30000 - 0x00007ff89adce000 	C:\WINDOWS\System32\msvcrt.dll
0x00007ff89c8a0000 - 0x00007ff89c8fb000 	C:\WINDOWS\System32\sechost.dll
0x00007ff89c540000 - 0x00007ff89c664000 	C:\WINDOWS\System32\RPCRT4.dll
0x00007ff89af70000 - 0x00007ff89b100000 	C:\WINDOWS\System32\USER32.dll
0x00007ff89a870000 - 0x00007ff89a890000 	C:\WINDOWS\System32\win32u.dll
0x00007ff89ab20000 - 0x00007ff89ab48000 	C:\WINDOWS\System32\GDI32.dll
0x00007ff89a890000 - 0x00007ff89aa22000 	C:\WINDOWS\System32\gdi32full.dll
0x00007ff89a1b0000 - 0x00007ff89a24f000 	C:\WINDOWS\System32\msvcp_win.dll
0x00007ff89a250000 - 0x00007ff89a34a000 	C:\WINDOWS\System32\ucrtbase.dll
0x00007ff890420000 - 0x00007ff890689000 	C:\WINDOWS\WinSxS\amd64_microsoft.windows.common-controls_6595b64144ccf1df_6.0.17134.285_none_fb4297e330656775\COMCTL32.dll
0x00007ff89cb50000 - 0x00007ff89ce73000 	C:\WINDOWS\System32\combase.dll
0x00007ff89aa30000 - 0x00007ff89aaaa000 	C:\WINDOWS\System32\bcryptPrimitives.dll
0x00007ff89cf50000 - 0x00007ff89cf7d000 	C:\WINDOWS\System32\IMM32.DLL
0x000000005a660000 - 0x000000005a732000 	C:\Program Files\Android\Android Studio\jre\jre\bin\msvcr100.dll
0x000000005a740000 - 0x000000005af7f000 	C:\Program Files\Android\Android Studio\jre\jre\bin\server\jvm.dll
0x00007ff89cf40000 - 0x00007ff89cf48000 	C:\WINDOWS\System32\PSAPI.DLL
0x00007ff895830000 - 0x00007ff89583a000 	C:\WINDOWS\SYSTEM32\VERSION.dll
0x00007ff897760000 - 0x00007ff897783000 	C:\WINDOWS\SYSTEM32\WINMM.dll
0x00007ff8965b0000 - 0x00007ff8965b9000 	C:\WINDOWS\SYSTEM32\WSOCK32.dll
0x00007ff89ca30000 - 0x00007ff89ca9c000 	C:\WINDOWS\System32\WS2_32.dll
0x00007ff896f70000 - 0x00007ff896f9a000 	C:\WINDOWS\SYSTEM32\WINMMBASE.dll
0x00007ff89a160000 - 0x00007ff89a1a9000 	C:\WINDOWS\System32\cfgmgr32.dll
0x00007ff88e020000 - 0x00007ff88e02f000 	C:\Program Files\Android\Android Studio\jre\jre\bin\verify.dll
0x00007ff879cf0000 - 0x00007ff879d19000 	C:\Program Files\Android\Android Studio\jre\jre\bin\java.dll
0x00007ff888ef0000 - 0x00007ff888f06000 	C:\Program Files\Android\Android Studio\jre\jre\bin\zip.dll
0x00007ff89b100000 - 0x00007ff89c540000 	C:\WINDOWS\System32\SHELL32.dll
0x00007ff89add0000 - 0x00007ff89ae79000 	C:\WINDOWS\System32\shcore.dll
0x00007ff899a50000 - 0x00007ff89a15d000 	C:\WINDOWS\System32\windows.storage.dll
0x00007ff89d5f0000 - 0x00007ff89d641000 	C:\WINDOWS\System32\shlwapi.dll
0x00007ff8999e0000 - 0x00007ff8999f1000 	C:\WINDOWS\System32\kernel.appcore.dll
0x00007ff8999b0000 - 0x00007ff8999cf000 	C:\WINDOWS\System32\profapi.dll
0x00007ff899a00000 - 0x00007ff899a4c000 	C:\WINDOWS\System32\powrprof.dll
0x00007ff8999d0000 - 0x00007ff8999da000 	C:\WINDOWS\System32\FLTLIB.DLL
0x00007ff888e70000 - 0x00007ff888e8a000 	C:\Program Files\Android\Android Studio\jre\jre\bin\net.dll
0x00007ff8991b0000 - 0x00007ff899216000 	C:\WINDOWS\system32\mswsock.dll
0x00007ff887670000 - 0x00007ff887681000 	C:\Program Files\Android\Android Studio\jre\jre\bin\nio.dll
0x00007ff87cb80000 - 0x00007ff87cb9e000 	C:\Users\Jean-PC\.gradle\native\25\windows-amd64\native-platform.dll
0x00007ff88b440000 - 0x00007ff88b44d000 	C:\Program Files\Android\Android Studio\jre\jre\bin\management.dll
0x00007ff899360000 - 0x00007ff899377000 	C:\WINDOWS\SYSTEM32\CRYPTSP.dll
0x00007ff898d90000 - 0x00007ff898dc3000 	C:\WINDOWS\system32\rsaenh.dll
0x00007ff899490000 - 0x00007ff8994b5000 	C:\WINDOWS\SYSTEM32\bcrypt.dll
0x00007ff899890000 - 0x00007ff8998b8000 	C:\WINDOWS\SYSTEM32\USERENV.dll
0x00007ff899380000 - 0x00007ff89938b000 	C:\WINDOWS\SYSTEM32\CRYPTBASE.dll
0x00007ff898f30000 - 0x00007ff898f68000 	C:\WINDOWS\SYSTEM32\IPHLPAPI.DLL
0x00007ff89ab10000 - 0x00007ff89ab18000 	C:\WINDOWS\System32\NSI.dll
0x00007ff8955d0000 - 0x00007ff8955e6000 	C:\WINDOWS\SYSTEM32\dhcpcsvc6.DLL
0x00007ff895320000 - 0x00007ff89533a000 	C:\WINDOWS\SYSTEM32\dhcpcsvc.DLL

VM Arguments:
jvm_args: -Xmx512m -Dfile.encoding=windows-1252 -Duser.country=BR -Duser.language=pt -Duser.variant 
java_command: org.gradle.launcher.daemon.bootstrap.GradleDaemon 4.4
java_class_path (initial): C:\Users\Jean-PC\.gradle\wrapper\dists\gradle-4.4-all\9br9xq1tocpiv8o6njlyu5op1\gradle-4.4\lib\gradle-launcher-4.4.jar
Launcher Type: SUN_STANDARD

Environment Variables:
PATH=C:\Program Files (x86)\Common Files\Oracle\Java\javapath;C:\ProgramData\Oracle\Java\javapath;C:\WINDOWS\system32;C:\WINDOWS;C:\WINDOWS\System32\Wbem;C:\WINDOWS\System32\WindowsPowerShell\v1.0\;C:\Program Files (x86)\GtkSharp\2.12\bin;C:\Program Files (x86)\NVIDIA Corporation\PhysX\Common;C:\WINDOWS\system32;C:\WINDOWS;C:\WINDOWS\System32\Wbem;C:\WINDOWS\System32\WindowsPowerShell\v1.0\;C:\WINDOWS\System32\OpenSSH\;C:\Users\Jean-PC\AppData\Roaming\Dashlane\4.6.6.23032\bin\Firefox_Extension\{442718d9-475e-452a-b3e1-fb1ee16b8e9f}\components;C:\Users\Jean-PC\AppData\Local\Microsoft\WindowsApps;%DASHLANE_DLL_DIR%;
USERNAME=Jean-PC
OS=Windows_NT
PROCESSOR_IDENTIFIER=Intel64 Family 6 Model 58 Stepping 9, GenuineIntel



---------------  S Y S T E M  ---------------

OS: Windows 10.0 , 64 bit Build 17134 (10.0.17134.1)

CPU:total 8 (initial active 8) (4 cores per cpu, 2 threads per core) family 6 model 58 stepping 9, cmov, cx8, fxsr, mmx, sse, sse2, sse3, ssse3, sse4.1, sse4.2, popcnt, avx, aes, clmul, erms, ht, tsc, tscinvbit, tscinv

Memory: 4k page, physical 8353684k(1199852k free), swap 8353684k(7540k free)

vm_info: OpenJDK 64-Bit Server VM (25.152-b02) for windows-amd64 JRE (1.8.0_152-release-1024-b02), built by "builder" with MS VC++ 10.0 (VS2010)

time: Wed Sep 19 17:09:34 2018
elapsed time: 2312 seconds (0d 0h 38m 32s)

